<?xml version="1.0" encoding="utf-8"?><testsuites name="pytest tests"><testsuite name="pytest" errors="0" failures="0" skipped="0" tests="1280" time="100.328" timestamp="2026-09-24T23:51:44.384414+00:00" hostname="vm"><testcase classname="tests.test_architecture" name="test_there_are_route_modules_to_check" file="tests/test_architecture.py" line="40" time="0.000" /><testcase classname="tests.test_architecture" name="test_routes_do_not_import_sessions_or_repositories[records.py]" file="tests/test_architecture.py" line="45" time="0.001" /><testcase classname="tests.test_architecture" name="test_routes_do_not_import_sessions_or_repositories[internal.py]" file="tests/test_architecture.py" line="45" time="0.001" /><testcase classname="tests.test_architecture" name="test_routes_do_not_import_sessions_or_repositories[consents.py]" file="tests/test_architecture.py" line="45" time="0.002" /><testcase classname="tests.test_architecture" name="test_routes_do_not_import_sessions_or_repositories[requests.py]" file="tests/test_architecture.py" line="45" time="0.006" /><testcase classname="tests.test_architecture" name="test_routes_do_not_import_sessions_or_repositories[auth.py]" file="tests/test_architecture.py" line="45" time="0.001" /><testcase classname="tests.test_architecture" name="test_routes_do_not_import_sessions_or_repositories[offers.py]" file="tests/test_architecture.py" line="45" time="0.003" /><testcase classname="tests.test_architecture" name="test_routes_do_not_import_sessions_or_repositories[public.py]" file="tests/test_architecture.py" line="45" time="0.001" /><testcase classname="tests.test_architecture" name="test_routes_do_not_import_sessions_or_repositories[external_leads.py]" file="tests/test_architecture.py" line="45" time="0.002" /><testcase classname="tests.test_architecture" name="test_routes_do_not_import_sessions_or_repositories[properties.py]" file="tests/test_architecture.py" line="45" time="0.003" /><testcase classname="tests.test_architecture" name="test_routes_do_not_import_sessions_or_repositories[parties.py]" file="tests/test_architecture.py" line="45" time="0.003" /><testcase classname="tests.test_architecture" name="test_routes_do_not_import_sessions_or_repositories[me.py]" file="tests/test_architecture.py" line="45" time="0.002" /><testcase classname="tests.test_architecture" name="test_routes_do_not_import_sessions_or_repositories[truth.py]" file="tests/test_architecture.py" line="45" time="0.002" /><testcase classname="tests.test_architecture" name="test_routes_do_not_import_sessions_or_repositories[identity.py]" file="tests/test_architecture.py" line="45" time="0.001" /><testcase classname="tests.test_architecture" name="test_routes_do_not_import_sessions_or_repositories[relations.py]" file="tests/test_architecture.py" line="45" time="0.002" /><testcase classname="tests.test_architecture" name="test_authorization_sql_never_reads_party_property_relations" file="tests/test_architecture.py" line="93" time="0.012" /><testcase classname="tests.test_architecture" name="test_the_relations_check_would_catch_a_violation" file="tests/test_architecture.py" line="110" time="0.003" /><testcase classname="tests.test_architecture" name="test_no_loader_accepts_an_id_without_a_subject" file="tests/test_architecture.py" line="123" time="0.003" /><testcase classname="tests.test_architecture" name="test_routes_reach_data_only_through_the_access_service" file="tests/test_architecture.py" line="142" time="0.021" /><testcase classname="tests.test_architecture" name="test_nothing_writes_to_the_frozen_contract" file="tests/test_architecture.py" line="152" time="0.002" /><testcase classname="tests.test_architecture" name="test_there_are_command_routes_to_check" file="tests/test_architecture.py" line="227" time="0.024" /><testcase classname="tests.test_architecture" name="test_every_command_route_performs_an_object_check[records.py]" file="tests/test_architecture.py" line="232" time="0.001" /><testcase classname="tests.test_architecture" name="test_every_command_route_performs_an_object_check[internal.py]" file="tests/test_architecture.py" line="232" time="0.001" /><testcase classname="tests.test_architecture" name="test_every_command_route_performs_an_object_check[consents.py]" file="tests/test_architecture.py" line="232" time="0.001" /><testcase classname="tests.test_architecture" name="test_every_command_route_performs_an_object_check[requests.py]" file="tests/test_architecture.py" line="232" time="0.007" /><testcase classname="tests.test_architecture" name="test_every_command_route_performs_an_object_check[auth.py]" file="tests/test_architecture.py" line="232" time="0.001" /><testcase classname="tests.test_architecture" name="test_every_command_route_performs_an_object_check[offers.py]" file="tests/test_architecture.py" line="232" time="0.004" /><testcase classname="tests.test_architecture" name="test_every_command_route_performs_an_object_check[public.py]" file="tests/test_architecture.py" line="232" time="0.001" /><testcase classname="tests.test_architecture" name="test_every_command_route_performs_an_object_check[external_leads.py]" file="tests/test_architecture.py" line="232" time="0.003" /><testcase classname="tests.test_architecture" name="test_every_command_route_performs_an_object_check[properties.py]" file="tests/test_architecture.py" line="232" time="0.004" /><testcase classname="tests.test_architecture" name="test_every_command_route_performs_an_object_check[parties.py]" file="tests/test_architecture.py" line="232" time="0.004" /><testcase classname="tests.test_architecture" name="test_every_command_route_performs_an_object_check[me.py]" file="tests/test_architecture.py" line="232" time="0.001" /><testcase classname="tests.test_architecture" name="test_every_command_route_performs_an_object_check[truth.py]" file="tests/test_architecture.py" line="232" time="0.003" /><testcase classname="tests.test_architecture" name="test_every_command_route_performs_an_object_check[identity.py]" file="tests/test_architecture.py" line="232" time="0.002" /><testcase classname="tests.test_architecture" name="test_every_command_route_performs_an_object_check[relations.py]" file="tests/test_architecture.py" line="232" time="0.002" /><testcase classname="tests.test_architecture" name="test_the_guard_check_is_not_vacuous" file="tests/test_architecture.py" line="250" time="0.021" /><testcase classname="tests.test_audit" name="test_staff_read_of_an_individual_resource_is_audited" file="tests/test_audit.py" line="20" time="1.962" /><testcase classname="tests.test_audit" name="test_customer_self_read_is_not_audited_as_a_staff_read" file="tests/test_audit.py" line="35" time="0.004" /><testcase classname="tests.test_audit" name="test_denials_are_audited_for_every_actor_class" file="tests/test_audit.py" line="46" time="0.003" /><testcase classname="tests.test_audit" name="test_a_list_is_audited_once_not_per_row" file="tests/test_audit.py" line="60" time="0.002" /><testcase classname="tests.test_audit" name="test_public_and_master_data_reads_are_not_audited[getLocations]" file="tests/test_audit.py" line="78" time="0.002" /><testcase classname="tests.test_audit" name="test_public_and_master_data_reads_are_not_audited[getMasterCriterionDefinitions]" file="tests/test_audit.py" line="78" time="0.002" /><testcase classname="tests.test_audit" name="test_public_and_master_data_reads_are_not_audited[getPublicProperties]" file="tests/test_audit.py" line="78" time="0.002" /><testcase classname="tests.test_audit" name="test_public_and_master_data_reads_are_not_audited[getReasonCodes]" file="tests/test_audit.py" line="78" time="0.002" /><testcase classname="tests.test_audit" name="test_audit_metadata_cannot_carry_sensitive_payloads[seller_expectation_dzd]" file="tests/test_audit.py" line="93" time="0.000" /><testcase classname="tests.test_audit" name="test_audit_metadata_cannot_carry_sensitive_payloads[raw_text]" file="tests/test_audit.py" line="93" time="0.000" /><testcase classname="tests.test_audit" name="test_audit_metadata_cannot_carry_sensitive_payloads[otp_code]" file="tests/test_audit.py" line="93" time="0.000" /><testcase classname="tests.test_audit" name="test_audit_metadata_cannot_carry_sensitive_payloads[dto]" file="tests/test_audit.py" line="93" time="0.000" /><testcase classname="tests.test_audit" name="test_audit_metadata_cannot_carry_sensitive_payloads[permission_snapshot]" file="tests/test_audit.py" line="93" time="0.000" /><testcase classname="tests.test_audit" name="test_audit_metadata_cannot_carry_sensitive_payloads[notes]" file="tests/test_audit.py" line="93" time="0.000" /><testcase classname="tests.test_audit" name="test_access_records_carry_references_not_content" file="tests/test_audit.py" line="110" time="0.005" /><testcase classname="tests.test_authorization_integration" name="test_subject_reads_party_and_roles_from_the_database" file="tests/test_authorization_integration.py" line="27" time="0.002" /><testcase classname="tests.test_authorization_integration" name="test_staff_account_has_no_party" file="tests/test_authorization_integration.py" line="34" time="0.002" /><testcase classname="tests.test_authorization_integration" name="test_non_activated_account_resolves_to_no_authority[DISABLED]" file="tests/test_authorization_integration.py" line="40" time="0.003" /><testcase classname="tests.test_authorization_integration" name="test_non_activated_account_resolves_to_no_authority[SUSPENDED]" file="tests/test_authorization_integration.py" line="40" time="0.002" /><testcase classname="tests.test_authorization_integration" name="test_non_activated_account_resolves_to_no_authority[INVITED]" file="tests/test_authorization_integration.py" line="40" time="0.002" /><testcase classname="tests.test_authorization_integration" name="test_unknown_account_is_not_resolvable" file="tests/test_authorization_integration.py" line="52" time="0.001" /><testcase classname="tests.test_authorization_integration" name="test_customer_reads_own_claimed_request" file="tests/test_authorization_integration.py" line="59" time="0.002" /><testcase classname="tests.test_authorization_integration" name="test_customer_cannot_read_another_customers_request" file="tests/test_authorization_integration.py" line="65" time="0.002" /><testcase classname="tests.test_authorization_integration" name="test_party_match_alone_is_not_enough_for_an_assisted_request" file="tests/test_authorization_integration.py" line="72" time="0.004" /><testcase classname="tests.test_authorization_integration" name="test_customer_with_no_party_is_refused" file="tests/test_authorization_integration.py" line="90" time="0.002" /><testcase classname="tests.test_authorization_integration" name="test_relationship_alone_never_grants_property_access" file="tests/test_authorization_integration.py" line="103" time="0.003" /><testcase classname="tests.test_authorization_integration" name="test_claim_event_grants_property_access" file="tests/test_authorization_integration.py" line="123" time="0.003" /><testcase classname="tests.test_authorization_integration" name="test_property_authority_is_account_scoped_not_party_scoped" file="tests/test_authorization_integration.py" line="129" time="0.003" /><testcase classname="tests.test_authorization_integration" name="test_expired_relation_does_not_revoke_a_claimed_owner" file="tests/test_authorization_integration.py" line="138" time="0.003" /><testcase classname="tests.test_authorization_integration" name="test_orphan_property_with_null_creator_matches_nobody" file="tests/test_authorization_integration.py" line="151" time="0.005" /><testcase classname="tests.test_authorization_integration" name="test_assisted_unclaimed_property_has_no_authorized_customer" file="tests/test_authorization_integration.py" line="157" time="0.004" /><testcase classname="tests.test_authorization_integration" name="test_alias_resolves_to_canonical_before_the_authority_check" file="tests/test_authorization_integration.py" line="163" time="0.006" /><testcase classname="tests.test_authorization_integration" name="test_offer_creator_is_authorized" file="tests/test_authorization_integration.py" line="200" time="0.004" /><testcase classname="tests.test_authorization_integration" name="test_claimant_reads_own_offer_on_claimed_property" file="tests/test_authorization_integration.py" line="209" time="0.003" /><testcase classname="tests.test_authorization_integration" name="test_property_claim_does_not_open_another_partys_offer" file="tests/test_authorization_integration.py" line="214" time="0.004" /><testcase classname="tests.test_authorization_integration" name="test_offer_party_match_alone_never_grants" file="tests/test_authorization_integration.py" line="233" time="0.003" /><testcase classname="tests.test_authorization_integration" name="test_relations_never_grant_offer_access" file="tests/test_authorization_integration.py" line="248" time="0.004" /><testcase classname="tests.test_authorization_integration" name="test_unclaimed_parent_blocks_condition_two" file="tests/test_authorization_integration.py" line="258" time="0.004" /><testcase classname="tests.test_authorization_integration" name="test_unknown_opportunity_is_refused" file="tests/test_authorization_integration.py" line="273" time="0.003" /><testcase classname="tests.test_authorization_integration" name="test_cross_account_uuid_access_is_refused_for_every_resource" file="tests/test_authorization_integration.py" line="280" time="0.006" /><testcase classname="tests.test_concurrency" name="test_header_name_follows_the_openapi_contract" file="tests/test_concurrency.py" line="20" time="0.000" /><testcase classname="tests.test_concurrency" name="test_parse_accepts_a_version_integer[1-1]" file="tests/test_concurrency.py" line="32" time="0.000" /><testcase classname="tests.test_concurrency" name="test_parse_accepts_a_version_integer[42-42]" file="tests/test_concurrency.py" line="32" time="0.000" /><testcase classname="tests.test_concurrency" name="test_parse_accepts_a_version_integer[ 7 -7]" file="tests/test_concurrency.py" line="32" time="0.000" /><testcase classname="tests.test_concurrency" name="test_etag_forms_are_no_longer_accepted[&quot;7&quot;]" file="tests/test_concurrency.py" line="37" time="0.000" /><testcase classname="tests.test_concurrency" name="test_etag_forms_are_no_longer_accepted[W/&quot;3&quot;]" file="tests/test_concurrency.py" line="37" time="0.000" /><testcase classname="tests.test_concurrency" name="test_the_old_if_match_alias_is_gone" file="tests/test_concurrency.py" line="49" time="0.000" /><testcase classname="tests.test_concurrency" name="test_a_missing_header_is_rejected[None]" file="tests/test_concurrency.py" line="60" time="0.000" /><testcase classname="tests.test_concurrency" name="test_a_missing_header_is_rejected[]" file="tests/test_concurrency.py" line="60" time="0.000" /><testcase classname="tests.test_concurrency" name="test_a_missing_header_is_rejected[   ]" file="tests/test_concurrency.py" line="60" time="0.000" /><testcase classname="tests.test_concurrency" name="test_a_malformed_header_is_rejected[abc]" file="tests/test_concurrency.py" line="66" time="0.000" /><testcase classname="tests.test_concurrency" name="test_a_malformed_header_is_rejected[1.5]" file="tests/test_concurrency.py" line="66" time="0.000" /><testcase classname="tests.test_concurrency" name="test_a_malformed_header_is_rejected[-1]" file="tests/test_concurrency.py" line="66" time="0.000" /><testcase classname="tests.test_concurrency" name="test_a_malformed_header_is_rejected[0]" file="tests/test_concurrency.py" line="66" time="0.000" /><testcase classname="tests.test_concurrency" name="test_matching_version_passes" file="tests/test_concurrency.py" line="72" time="0.002" /><testcase classname="tests.test_concurrency" name="test_stale_version_is_rejected" file="tests/test_concurrency.py" line="78" time="0.002" /><testcase classname="tests.test_concurrency" name="test_a_concurrent_bump_makes_the_held_version_stale" file="tests/test_concurrency.py" line="84" time="0.003" /><testcase classname="tests.test_concurrency" name="test_an_unknown_resource_is_stale_not_a_crash" file="tests/test_concurrency.py" line="96" time="0.001" /><testcase classname="tests.test_concurrency" name="test_parties_is_now_versioned" file="tests/test_concurrency.py" line="101" time="0.002" /><testcase classname="tests.test_concurrency" name="test_updating_a_party_bumps_its_version" file="tests/test_concurrency.py" line="112" time="0.002" /><testcase classname="tests.test_concurrency" name="test_the_parties_version_check_constraint_holds" file="tests/test_concurrency.py" line="124" time="0.001" /><testcase classname="tests.test_concurrency" name="test_a_client_cannot_forge_a_party_version" file="tests/test_concurrency.py" line="141" time="0.002" /><testcase classname="tests.test_concurrency" name="test_every_versioned_table_really_has_a_version_column[parties]" file="tests/test_concurrency.py" line="157" time="0.005" /><testcase classname="tests.test_concurrency" name="test_every_versioned_table_really_has_a_version_column[properties]" file="tests/test_concurrency.py" line="157" time="0.003" /><testcase classname="tests.test_concurrency" name="test_every_versioned_table_really_has_a_version_column[property_offers]" file="tests/test_concurrency.py" line="157" time="0.003" /><testcase classname="tests.test_concurrency" name="test_every_versioned_table_really_has_a_version_column[requests]" file="tests/test_concurrency.py" line="157" time="0.003" /><testcase classname="tests.test_conflict_disclosure" name="test_conflicting_claimant_is_told" file="tests/test_conflict_disclosure.py" line="36" time="0.003" /><testcase classname="tests.test_conflict_disclosure" name="test_the_other_claimant_is_also_told" file="tests/test_conflict_disclosure.py" line="46" time="0.003" /><testcase classname="tests.test_conflict_disclosure" name="test_authorized_staff_are_told[ACC_OPERATOR]" file="tests/test_conflict_disclosure.py" line="56" time="0.003" /><testcase classname="tests.test_conflict_disclosure" name="test_authorized_staff_are_told[ACC_REVIEWER]" file="tests/test_conflict_disclosure.py" line="56" time="0.003" /><testcase classname="tests.test_conflict_disclosure" name="test_authorized_staff_are_told[ACC_ADMIN]" file="tests/test_conflict_disclosure.py" line="56" time="0.005" /><testcase classname="tests.test_conflict_disclosure" name="test_an_unrelated_customer_is_not_told" file="tests/test_conflict_disclosure.py" line="66" time="0.003" /><testcase classname="tests.test_conflict_disclosure" name="test_audit_is_full_even_when_the_caller_is_told_nothing" file="tests/test_conflict_disclosure.py" line="80" time="0.003" /><testcase classname="tests.test_conflict_disclosure" name="test_audit_marks_when_the_caller_was_told" file="tests/test_conflict_disclosure.py" line="95" time="0.002" /><testcase classname="tests.test_conflict_disclosure" name="test_http_claimant_gets_409" file="tests/test_conflict_disclosure.py" line="155" time="0.162" /><testcase classname="tests.test_conflict_disclosure" name="test_http_staff_gets_409" file="tests/test_conflict_disclosure.py" line="161" time="0.016" /><testcase classname="tests.test_conflict_disclosure" name="test_http_unrelated_customer_gets_404" file="tests/test_conflict_disclosure.py" line="167" time="0.023" /><testcase classname="tests.test_conflict_disclosure" name="test_the_409_body_discloses_no_claimant_and_no_details" file="tests/test_conflict_disclosure.py" line="178" time="0.017" /><testcase classname="tests.test_conflict_disclosure" name="test_conflict_is_audited_at_http_level" file="tests/test_conflict_disclosure.py" line="193" time="0.017" /><testcase classname="tests.test_contract_policy" name="test_policy_matches_the_frozen_contract" file="tests/test_contract_policy.py" line="19" time="0.001" /><testcase classname="tests.test_contract_policy" name="test_every_contract_operation_has_a_policy" file="tests/test_contract_policy.py" line="24" time="0.000" /><testcase classname="tests.test_contract_policy" name="test_unauthenticated_operations_are_a_closed_list_of_six" file="tests/test_contract_policy.py" line="35" time="0.000" /><testcase classname="tests.test_contract_policy" name="test_reason_codes_is_the_only_role_exception" file="tests/test_contract_policy.py" line="42" time="0.000" /><testcase classname="tests.test_contract_policy" name="test_unknown_operation_is_denied" file="tests/test_contract_policy.py" line="51" time="0.002" /><testcase classname="tests.test_contract_policy" name="test_empty_policy_table_denies_everything" file="tests/test_contract_policy.py" line="59" time="0.002" /><testcase classname="tests.test_contract_policy" name="test_roles_are_literal_with_no_inheritance" file="tests/test_contract_policy.py" line="65" time="0.003" /><testcase classname="tests.test_contract_policy" name="test_customer_is_refused_reason_codes_and_staff_allowed" file="tests/test_contract_policy.py" line="86" time="0.004" /><testcase classname="tests.test_contract_policy" name="test_customer_cannot_use_internal_endpoints" file="tests/test_contract_policy.py" line="93" time="0.002" /><testcase classname="tests.test_contract_policy" name="test_staff_cannot_use_me_endpoints" file="tests/test_contract_policy.py" line="102" time="0.002" /><testcase classname="tests.test_contract_policy" name="test_invalid_role_combination_detection" file="tests/test_contract_policy.py" line="109" time="0.000" /><testcase classname="tests.test_contract_policy" name="test_separation_sensitive_operations_all_exist" file="tests/test_contract_policy.py" line="122" time="0.000" /><testcase classname="tests.test_correction_001" name="test_an_authorized_staff_role_creates_a_party[ACC_ADMIN]" file="tests/test_correction_001.py" line="81" time="0.051" /><testcase classname="tests.test_correction_001" name="test_an_authorized_staff_role_creates_a_party[ACC_OPERATOR]" file="tests/test_correction_001.py" line="81" time="0.034" /><testcase classname="tests.test_correction_001" name="test_a_customer_is_refused_403" file="tests/test_correction_001.py" line="99" time="0.028" /><testcase classname="tests.test_correction_001" name="test_an_unauthenticated_caller_is_refused_401" file="tests/test_correction_001.py" line="107" time="0.085" /><testcase classname="tests.test_correction_001" name="test_a_reviewer_is_also_refused" file="tests/test_correction_001.py" line="113" time="0.024" /><testcase classname="tests.test_correction_001" name="test_a_refusal_creates_no_party_no_account_and_no_role[headers0]" file="tests/test_correction_001.py" line="124" time="0.027" /><testcase classname="tests.test_correction_001" name="test_a_refusal_creates_no_party_no_account_and_no_role[headers1]" file="tests/test_correction_001.py" line="124" time="0.026" /><testcase classname="tests.test_correction_001" name="test_a_refusal_claims_no_idempotency_record_in_its_own_scope" file="tests/test_correction_001.py" line="140" time="0.026" /><testcase classname="tests.test_correction_001" name="test_the_refusal_is_audited" file="tests/test_correction_001.py" line="174" time="0.023" /><testcase classname="tests.test_correction_001" name="test_idempotency_is_unchanged_for_an_authorized_caller" file="tests/test_correction_001.py" line="185" time="0.036" /><testcase classname="tests.test_correction_001" name="test_the_key_is_still_required" file="tests/test_correction_001.py" line="199" time="0.024" /><testcase classname="tests.test_correction_001" name="test_the_customer_may_still_create_their_own_request" file="tests/test_correction_001.py" line="208" time="0.002" /><testcase classname="tests.test_correction_001" name="test_the_correction_touched_exactly_one_operation" file="tests/test_correction_001.py" line="217" time="0.001" /><testcase classname="tests.test_correction_001" name="test_no_other_operation_lost_a_role" file="tests/test_correction_001.py" line="222" time="0.195" /><testcase classname="tests.test_correction_001" name="test_the_policy_table_still_matches_the_contract_as_corrected" file="tests/test_correction_001.py" line="245" time="0.002" /><testcase classname="tests.test_correction_001" name="test_the_frozen_contract_is_not_edited" file="tests/test_correction_001.py" line="249" time="0.001" /><testcase classname="tests.test_correction_001" name="test_a_correction_may_only_narrow" file="tests/test_correction_001.py" line="259" time="0.004" /><testcase classname="tests.test_correction_001" name="test_a_correction_must_name_a_decision" file="tests/test_correction_001.py" line="280" time="0.002" /><testcase classname="tests.test_correction_001" name="test_a_correction_cannot_empty_an_operation" file="tests/test_correction_001.py" line="294" time="0.002" /><testcase classname="tests.test_correction_001" name="test_the_committed_correction_describes_the_contract_as_it_stands" file="tests/test_correction_001.py" line="307" time="0.185" /><testcase classname="tests.test_correction_001" name="test_the_effective_contract_is_current" file="tests/test_correction_001.py" line="346" time="0.591" /><testcase classname="tests.test_correction_001" name="test_the_effective_contract_matches_the_policy_table" file="tests/test_correction_001.py" line="356" time="0.366" /><testcase classname="tests.test_correction_001" name="test_every_added_operation_carries_its_addendum_identity" file="tests/test_correction_001.py" line="373" time="0.202" /><testcase classname="tests.test_correction_001" name="test_no_added_operation_exists_in_the_frozen_package" file="tests/test_correction_001.py" line="393" time="0.252" /><testcase classname="tests.test_correction_001" name="test_every_corrected_operation_carries_its_correction_identity" file="tests/test_correction_001.py" line="400" time="0.262" /><testcase classname="tests.test_correction_001" name="test_the_effective_contract_changes_nothing_else" file="tests/test_correction_001.py" line="417" time="0.445" /><testcase classname="tests.test_correction_001" name="test_annotations_appear_only_where_a_correction_names_them" file="tests/test_correction_001.py" line="466" time="0.434" /><testcase classname="tests.test_correction_001" name="test_the_adopted_workflow_is_recorded_in_the_effective_contract" file="tests/test_correction_001.py" line="485" time="0.349" /><testcase classname="tests.test_correction_001" name="test_the_api_inventory_is_generated_from_the_effective_contract" file="tests/test_correction_001.py" line="499" time="0.002" /><testcase classname="tests.test_correction_001" name="test_the_parity_check_fails_on_the_documents_that_shipped_in_0a66f8e" file="tests/test_correction_001.py" line="510" time="0.561" /><testcase classname="tests.test_dto_boundaries" name="test_dto_field_sets_are_exactly_the_allow_list[PublicPropertySummary-expected0]" file="tests/test_dto_boundaries.py" line="55" time="0.000" /><testcase classname="tests.test_dto_boundaries" name="test_dto_field_sets_are_exactly_the_allow_list[PublicOfferSummary-expected1]" file="tests/test_dto_boundaries.py" line="55" time="0.000" /><testcase classname="tests.test_dto_boundaries" name="test_dto_field_sets_are_exactly_the_allow_list[CustomerPropertyView-expected2]" file="tests/test_dto_boundaries.py" line="55" time="0.000" /><testcase classname="tests.test_dto_boundaries" name="test_dto_field_sets_are_exactly_the_allow_list[CustomerRequestView-expected3]" file="tests/test_dto_boundaries.py" line="55" time="0.000" /><testcase classname="tests.test_dto_boundaries" name="test_dto_field_sets_are_exactly_the_allow_list[CustomerPartyView-expected4]" file="tests/test_dto_boundaries.py" line="55" time="0.000" /><testcase classname="tests.test_dto_boundaries" name="test_no_dto_declares_a_forbidden_field" file="tests/test_dto_boundaries.py" line="70" time="0.000" /><testcase classname="tests.test_dto_boundaries" name="test_the_public_schema_matches_the_frozen_contract" file="tests/test_dto_boundaries.py" line="79" time="0.000" /><testcase classname="tests.test_dto_boundaries" name="test_public_render_from_a_real_property_row_leaks_nothing" file="tests/test_dto_boundaries.py" line="93" time="0.002" /><testcase classname="tests.test_dto_boundaries" name="test_public_offer_never_carries_seller_expectation" file="tests/test_dto_boundaries.py" line="103" time="0.002" /><testcase classname="tests.test_dto_boundaries" name="test_customer_request_render_leaks_nothing" file="tests/test_dto_boundaries.py" line="113" time="0.002" /><testcase classname="tests.test_dto_boundaries" name="test_price_is_redacted_when_visibility_is_not_public[ON_REQUEST]" file="tests/test_dto_boundaries.py" line="121" time="0.004" /><testcase classname="tests.test_dto_boundaries" name="test_price_is_redacted_when_visibility_is_not_public[PRIVATE]" file="tests/test_dto_boundaries.py" line="121" time="0.002" /><testcase classname="tests.test_dto_boundaries" name="test_public_price_is_shown_when_visibility_is_public" file="tests/test_dto_boundaries.py" line="134" time="0.001" /><testcase classname="tests.test_dto_boundaries" name="test_constructing_a_dto_with_an_internal_field_is_an_error" file="tests/test_dto_boundaries.py" line="144" time="0.000" /><testcase classname="tests.test_dto_boundaries" name="test_a_new_column_does_not_silently_reach_the_public_dto" file="tests/test_dto_boundaries.py" line="154" time="0.001" /><testcase classname="tests.test_dto_boundaries" name="test_the_leak_detector_catches_a_nested_leak" file="tests/test_dto_boundaries.py" line="170" time="0.000" /><testcase classname="tests.test_dto_boundaries" name="test_the_leak_detector_catches_a_leak_inside_a_list" file="tests/test_dto_boundaries.py" line="177" time="0.000" /><testcase classname="tests.test_dto_boundaries" name="test_internal_audience_is_exempt" file="tests/test_dto_boundaries.py" line="183" time="0.000" /><testcase classname="tests.test_dto_boundaries" name="test_summary_only_withholds_property_detail" file="tests/test_dto_boundaries.py" line="203" time="0.002" /><testcase classname="tests.test_dto_boundaries" name="test_property_details_allowed_adds_the_customer_view" file="tests/test_dto_boundaries.py" line="213" time="0.002" /><testcase classname="tests.test_dto_boundaries" name="test_contact_is_withheld_without_a_recorded_confirmation" file="tests/test_dto_boundaries.py" line="221" time="0.001" /><testcase classname="tests.test_dto_boundaries" name="test_contact_is_released_after_a_recorded_confirmation" file="tests/test_dto_boundaries.py" line="232" time="0.001" /><testcase classname="tests.test_dto_boundaries" name="test_no_scope_lifts_the_never_serialized_floor[SUMMARY_ONLY]" file="tests/test_dto_boundaries.py" line="242" time="0.002" /><testcase classname="tests.test_dto_boundaries" name="test_no_scope_lifts_the_never_serialized_floor[PROPERTY_DETAILS_ALLOWED]" file="tests/test_dto_boundaries.py" line="242" time="0.002" /><testcase classname="tests.test_dto_boundaries" name="test_no_scope_lifts_the_never_serialized_floor[CONTACT_AFTER_CONFIRMATION]" file="tests/test_dto_boundaries.py" line="242" time="0.003" /><testcase classname="tests.test_dto_boundaries" name="test_customer_party_view_exposes_version" file="tests/test_dto_boundaries.py" line="257" time="0.002" /><testcase classname="tests.test_error_contract" name="test_every_catalogued_code_has_one_status" file="tests/test_error_contract.py" line="33" time="0.000" /><testcase classname="tests.test_error_contract" name="test_required_fields_match_the_frozen_problem_schema" file="tests/test_error_contract.py" line="40" time="0.000" /><testcase classname="tests.test_error_contract" name="test_detail_refuses_implementation_and_sensitive_text[SELECT * FROM turab.requests]" file="tests/test_error_contract.py" line="51" time="0.000" /><testcase classname="tests.test_error_contract" name="test_detail_refuses_implementation_and_sensitive_text[psycopg.errors.UniqueViolation]" file="tests/test_error_contract.py" line="51" time="0.000" /><testcase classname="tests.test_error_contract" name="test_detail_refuses_implementation_and_sensitive_text[Traceback (most recent call last)]" file="tests/test_error_contract.py" line="51" time="0.000" /><testcase classname="tests.test_error_contract" name="test_detail_refuses_implementation_and_sensitive_text[relation turab.parties does not exist]" file="tests/test_error_contract.py" line="51" time="0.000" /><testcase classname="tests.test_error_contract" name="test_detail_refuses_implementation_and_sensitive_text[DETAIL: Key (id)=(1) already exists]" file="tests/test_error_contract.py" line="51" time="0.000" /><testcase classname="tests.test_error_contract" name="test_detail_refuses_implementation_and_sensitive_text[the OTP is 123456]" file="tests/test_error_contract.py" line="51" time="0.000" /><testcase classname="tests.test_error_contract" name="test_ordinary_detail_is_allowed" file="tests/test_error_contract.py" line="68" time="0.000" /><testcase classname="tests.test_error_contract" name="test_validation_errors_carry_field_errors_not_values" file="tests/test_error_contract.py" line="73" time="0.012" /><testcase classname="tests.test_error_contract" name="test_unknown_route_is_problem_json" file="tests/test_error_contract.py" line="83" time="0.073" /><testcase classname="tests.test_error_contract" name="test_method_not_allowed_is_problem_json" file="tests/test_error_contract.py" line="90" time="0.073" /><testcase classname="tests.test_error_contract" name="test_unauthenticated_is_a_coded_problem" file="tests/test_error_contract.py" line="96" time="0.011" /><testcase classname="tests.test_error_contract" name="test_an_unhandled_error_returns_a_code_and_a_trace_id" file="tests/test_error_contract.py" line="103" time="0.080" /><testcase classname="tests.test_error_contract" name="test_conflict_detail_is_a_fixed_string" file="tests/test_error_contract.py" line="127" time="0.000" /><testcase classname="tests.test_error_contract" name="test_transport_status_is_preserved_not_rewritten[/me/party-post-405]" file="tests/test_error_contract.py" line="142" time="0.074" /><testcase classname="tests.test_error_contract" name="test_transport_status_is_preserved_not_rewritten[/no/such/route-get-404]" file="tests/test_error_contract.py" line="142" time="0.076" /><testcase classname="tests.test_f1_floor_exception" name="test_there_is_exactly_one_numbered_exception" file="tests/test_f1_floor_exception.py" line="50" time="0.001" /><testcase classname="tests.test_f1_floor_exception" name="test_the_exception_covers_exactly_the_operations_the_contract_obliges" file="tests/test_f1_floor_exception.py" line="55" time="0.198" /><testcase classname="tests.test_f1_floor_exception" name="test_the_fields_stay_in_the_floor" file="tests/test_f1_floor_exception.py" line="62" time="0.001" /><testcase classname="tests.test_f1_floor_exception" name="test_the_basis_is_the_schema_not_that_the_customer_sent_the_values" file="tests/test_f1_floor_exception.py" line="68" time="0.001" /><testcase classname="tests.test_f1_floor_exception" name="test_the_exception_admits_the_fields_at_the_top_level[patchPropertiesPropertyId]" file="tests/test_f1_floor_exception.py" line="73" time="0.001" /><testcase classname="tests.test_f1_floor_exception" name="test_the_exception_admits_the_fields_at_the_top_level[patchRequestsRequestId]" file="tests/test_f1_floor_exception.py" line="73" time="0.001" /><testcase classname="tests.test_f1_floor_exception" name="test_the_exception_admits_the_fields_at_the_top_level[postProperties]" file="tests/test_f1_floor_exception.py" line="73" time="0.001" /><testcase classname="tests.test_f1_floor_exception" name="test_the_exception_admits_the_fields_at_the_top_level[postPropertiesPropertyIdReconfirm]" file="tests/test_f1_floor_exception.py" line="73" time="0.001" /><testcase classname="tests.test_f1_floor_exception" name="test_the_exception_admits_the_fields_at_the_top_level[postRequests]" file="tests/test_f1_floor_exception.py" line="73" time="0.001" /><testcase classname="tests.test_f1_floor_exception" name="test_the_exception_admits_the_fields_at_the_top_level[postRequestsRequestIdReconfirm]" file="tests/test_f1_floor_exception.py" line="73" time="0.001" /><testcase classname="tests.test_f1_floor_exception" name="test_the_exception_admits_the_fields_at_the_top_level[postRequestsRequestIdState]" file="tests/test_f1_floor_exception.py" line="73" time="0.001" /><testcase classname="tests.test_f1_floor_exception" name="test_the_exception_does_not_reach_a_nested_object[patchPropertiesPropertyId]" file="tests/test_f1_floor_exception.py" line="80" time="0.001" /><testcase classname="tests.test_f1_floor_exception" name="test_the_exception_does_not_reach_a_nested_object[patchRequestsRequestId]" file="tests/test_f1_floor_exception.py" line="80" time="0.001" /><testcase classname="tests.test_f1_floor_exception" name="test_the_exception_does_not_reach_a_nested_object[postProperties]" file="tests/test_f1_floor_exception.py" line="80" time="0.001" /><testcase classname="tests.test_f1_floor_exception" name="test_the_exception_does_not_reach_a_nested_object[postPropertiesPropertyIdReconfirm]" file="tests/test_f1_floor_exception.py" line="80" time="0.001" /><testcase classname="tests.test_f1_floor_exception" name="test_the_exception_does_not_reach_a_nested_object[postRequests]" file="tests/test_f1_floor_exception.py" line="80" time="0.001" /><testcase classname="tests.test_f1_floor_exception" name="test_the_exception_does_not_reach_a_nested_object[postRequestsRequestIdReconfirm]" file="tests/test_f1_floor_exception.py" line="80" time="0.001" /><testcase classname="tests.test_f1_floor_exception" name="test_the_exception_does_not_reach_a_nested_object[postRequestsRequestIdState]" file="tests/test_f1_floor_exception.py" line="80" time="0.001" /><testcase classname="tests.test_f1_floor_exception" name="test_the_exception_does_not_admit_any_other_floor_field[patchPropertiesPropertyId]" file="tests/test_f1_floor_exception.py" line="87" time="0.001" /><testcase classname="tests.test_f1_floor_exception" name="test_the_exception_does_not_admit_any_other_floor_field[patchRequestsRequestId]" file="tests/test_f1_floor_exception.py" line="87" time="0.001" /><testcase classname="tests.test_f1_floor_exception" name="test_the_exception_does_not_admit_any_other_floor_field[postProperties]" file="tests/test_f1_floor_exception.py" line="87" time="0.001" /><testcase classname="tests.test_f1_floor_exception" name="test_the_exception_does_not_admit_any_other_floor_field[postPropertiesPropertyIdReconfirm]" file="tests/test_f1_floor_exception.py" line="87" time="0.001" /><testcase classname="tests.test_f1_floor_exception" name="test_the_exception_does_not_admit_any_other_floor_field[postRequests]" file="tests/test_f1_floor_exception.py" line="87" time="0.001" /><testcase classname="tests.test_f1_floor_exception" name="test_the_exception_does_not_admit_any_other_floor_field[postRequestsRequestIdReconfirm]" file="tests/test_f1_floor_exception.py" line="87" time="0.001" /><testcase classname="tests.test_f1_floor_exception" name="test_the_exception_does_not_admit_any_other_floor_field[postRequestsRequestIdState]" file="tests/test_f1_floor_exception.py" line="87" time="0.001" /><testcase classname="tests.test_f1_floor_exception" name="test_everywhere_else_the_fields_are_refused[CUSTOMER-None]" file="tests/test_f1_floor_exception.py" line="94" time="0.001" /><testcase classname="tests.test_f1_floor_exception" name="test_everywhere_else_the_fields_are_refused[CUSTOMER-getMePropertiesPropertyId]" file="tests/test_f1_floor_exception.py" line="94" time="0.001" /><testcase classname="tests.test_f1_floor_exception" name="test_everywhere_else_the_fields_are_refused[CUSTOMER-getMeRequestsRequestId]" file="tests/test_f1_floor_exception.py" line="94" time="0.001" /><testcase classname="tests.test_f1_floor_exception" name="test_everywhere_else_the_fields_are_refused[CUSTOMER-getPublicProperties]" file="tests/test_f1_floor_exception.py" line="94" time="0.001" /><testcase classname="tests.test_f1_floor_exception" name="test_everywhere_else_the_fields_are_refused[CUSTOMER-postPropertiesPropertyIdOffers]" file="tests/test_f1_floor_exception.py" line="94" time="0.001" /><testcase classname="tests.test_f1_floor_exception" name="test_everywhere_else_the_fields_are_refused[PUBLIC-None]" file="tests/test_f1_floor_exception.py" line="94" time="0.001" /><testcase classname="tests.test_f1_floor_exception" name="test_everywhere_else_the_fields_are_refused[PUBLIC-getMePropertiesPropertyId]" file="tests/test_f1_floor_exception.py" line="94" time="0.001" /><testcase classname="tests.test_f1_floor_exception" name="test_everywhere_else_the_fields_are_refused[PUBLIC-getMeRequestsRequestId]" file="tests/test_f1_floor_exception.py" line="94" time="0.001" /><testcase classname="tests.test_f1_floor_exception" name="test_everywhere_else_the_fields_are_refused[PUBLIC-getPublicProperties]" file="tests/test_f1_floor_exception.py" line="94" time="0.001" /><testcase classname="tests.test_f1_floor_exception" name="test_everywhere_else_the_fields_are_refused[PUBLIC-postPropertiesPropertyIdOffers]" file="tests/test_f1_floor_exception.py" line="94" time="0.001" /><testcase classname="tests.test_f1_floor_exception" name="test_customer_command_responses_carry_the_required_fields" file="tests/test_f1_floor_exception.py" line="132" time="0.135" /><testcase classname="tests.test_f1_floor_exception" name="test_the_me_reads_never_carry_them" file="tests/test_f1_floor_exception.py" line="149" time="0.076" /><testcase classname="tests.test_f1_floor_exception" name="test_the_public_types_cannot_carry_them" file="tests/test_f1_floor_exception.py" line="166" time="0.001" /><testcase classname="tests.test_f3_numeric_input" name="test_request_create_refuses_a_non_number_budget[True-budget_target_dzd]" file="tests/test_f3_numeric_input.py" line="82" time="0.058" /><testcase classname="tests.test_f3_numeric_input" name="test_request_create_refuses_a_non_number_budget[True-budget_max_dzd]" file="tests/test_f3_numeric_input.py" line="82" time="0.059" /><testcase classname="tests.test_f3_numeric_input" name="test_request_create_refuses_a_non_number_budget['123'-budget_target_dzd]" file="tests/test_f3_numeric_input.py" line="82" time="0.052" /><testcase classname="tests.test_f3_numeric_input" name="test_request_create_refuses_a_non_number_budget['123'-budget_max_dzd]" file="tests/test_f3_numeric_input.py" line="82" time="0.050" /><testcase classname="tests.test_f3_numeric_input" name="test_request_create_refuses_a_non_number_budget['1.5'-budget_target_dzd]" file="tests/test_f3_numeric_input.py" line="82" time="0.054" /><testcase classname="tests.test_f3_numeric_input" name="test_request_create_refuses_a_non_number_budget['1.5'-budget_max_dzd]" file="tests/test_f3_numeric_input.py" line="82" time="0.049" /><testcase classname="tests.test_f3_numeric_input" name="test_request_patch_refuses_a_non_number_budget[True]" file="tests/test_f3_numeric_input.py" line="104" time="0.053" /><testcase classname="tests.test_f3_numeric_input" name="test_request_patch_refuses_a_non_number_budget['123']" file="tests/test_f3_numeric_input.py" line="104" time="0.048" /><testcase classname="tests.test_f3_numeric_input" name="test_request_patch_refuses_a_non_number_budget['1.5']" file="tests/test_f3_numeric_input.py" line="104" time="0.049" /><testcase classname="tests.test_f3_numeric_input" name="test_request_patch_null_still_clears_a_budget" file="tests/test_f3_numeric_input.py" line="115" time="0.063" /><testcase classname="tests.test_f3_numeric_input" name="test_an_integral_budget_written_as_a_decimal_is_an_integer" file="tests/test_f3_numeric_input.py" line="128" time="0.045" /><testcase classname="tests.test_f3_numeric_input" name="test_a_criterion_refuses_a_non_number_sort_order[True]" file="tests/test_f3_numeric_input.py" line="135" time="0.066" /><testcase classname="tests.test_f3_numeric_input" name="test_a_criterion_refuses_a_non_number_sort_order['123']" file="tests/test_f3_numeric_input.py" line="135" time="0.065" /><testcase classname="tests.test_f3_numeric_input" name="test_a_criterion_refuses_a_non_number_sort_order['1.5']" file="tests/test_f3_numeric_input.py" line="135" time="0.065" /><testcase classname="tests.test_f3_numeric_input" name="test_property_create_refuses_a_non_number_area[True-land_area_m2]" file="tests/test_f3_numeric_input.py" line="155" time="0.071" /><testcase classname="tests.test_f3_numeric_input" name="test_property_create_refuses_a_non_number_area[True-built_area_m2]" file="tests/test_f3_numeric_input.py" line="155" time="0.071" /><testcase classname="tests.test_f3_numeric_input" name="test_property_create_refuses_a_non_number_area['123'-land_area_m2]" file="tests/test_f3_numeric_input.py" line="155" time="0.163" /><testcase classname="tests.test_f3_numeric_input" name="test_property_create_refuses_a_non_number_area['123'-built_area_m2]" file="tests/test_f3_numeric_input.py" line="155" time="0.090" /><testcase classname="tests.test_f3_numeric_input" name="test_property_create_refuses_a_non_number_area['1.5'-land_area_m2]" file="tests/test_f3_numeric_input.py" line="155" time="0.067" /><testcase classname="tests.test_f3_numeric_input" name="test_property_create_refuses_a_non_number_area['1.5'-built_area_m2]" file="tests/test_f3_numeric_input.py" line="155" time="0.069" /><testcase classname="tests.test_f3_numeric_input" name="test_an_integer_is_a_valid_area" file="tests/test_f3_numeric_input.py" line="172" time="0.055" /><testcase classname="tests.test_f3_numeric_input" name="test_property_patch_refuses_a_non_number_area[True]" file="tests/test_f3_numeric_input.py" line="180" time="0.074" /><testcase classname="tests.test_f3_numeric_input" name="test_property_patch_refuses_a_non_number_area['123']" file="tests/test_f3_numeric_input.py" line="180" time="0.061" /><testcase classname="tests.test_f3_numeric_input" name="test_property_patch_refuses_a_non_number_area['1.5']" file="tests/test_f3_numeric_input.py" line="180" time="0.060" /><testcase classname="tests.test_f3_numeric_input" name="test_property_patch_null_still_clears_an_area" file="tests/test_f3_numeric_input.py" line="194" time="0.065" /><testcase classname="tests.test_g3_6_relations" name="test_an_omitted_start_is_the_server_clock_and_current_at_once" file="tests/test_g3_6_relations.py" line="100" time="0.089" /><testcase classname="tests.test_g3_6_relations" name="test_a_relation_is_always_declared" file="tests/test_g3_6_relations.py" line="111" time="0.090" /><testcase classname="tests.test_g3_6_relations" name="test_valid_to_is_not_accepted_on_create" file="tests/test_g3_6_relations.py" line="120" time="0.082" /><testcase classname="tests.test_g3_6_relations" name="test_an_explicit_null_start_is_refused" file="tests/test_g3_6_relations.py" line="126" time="0.087" /><testcase classname="tests.test_g3_6_relations" name="test_a_start_without_an_offset_is_refused" file="tests/test_g3_6_relations.py" line="132" time="0.075" /><testcase classname="tests.test_g3_6_relations" name="test_a_future_start_is_allowed_and_not_current_until_it_starts" file="tests/test_g3_6_relations.py" line="137" time="0.091" /><testcase classname="tests.test_g3_6_relations" name="test_the_response_carries_no_undeclared_key" file="tests/test_g3_6_relations.py" line="151" time="0.204" /><testcase classname="tests.test_g3_6_relations" name="test_an_unknown_party_is_422_and_consumes_no_key" file="tests/test_g3_6_relations.py" line="156" time="0.104" /><testcase classname="tests.test_g3_6_relations" name="test_an_unknown_property_is_404" file="tests/test_g3_6_relations.py" line="167" time="0.081" /><testcase classname="tests.test_g3_6_relations" name="test_a_relation_is_not_recorded_on_an_identity_alias" file="tests/test_g3_6_relations.py" line="171" time="0.111" /><testcase classname="tests.test_g3_6_relations" name="test_a_second_overlapping_relation_is_a_typed_409_naming_the_first" file="tests/test_g3_6_relations.py" line="196" time="0.104" /><testcase classname="tests.test_g3_6_relations" name="test_different_codes_and_different_parties_never_conflict" file="tests/test_g3_6_relations.py" line="205" time="0.119" /><testcase classname="tests.test_g3_6_relations" name="test_after_an_end_the_same_relation_may_be_recorded_again" file="tests/test_g3_6_relations.py" line="213" time="0.105" /><testcase classname="tests.test_g3_6_relations" name="test_ending_keeps_the_row_and_removes_it_from_the_current_list" file="tests/test_g3_6_relations.py" line="222" time="0.121" /><testcase classname="tests.test_g3_6_relations" name="test_ending_twice_is_a_409_not_a_silent_success" file="tests/test_g3_6_relations.py" line="234" time="0.110" /><testcase classname="tests.test_g3_6_relations" name="test_an_end_before_the_start_is_a_typed_422" file="tests/test_g3_6_relations.py" line="243" time="0.094" /><testcase classname="tests.test_g3_6_relations" name="test_an_end_without_an_offset_is_refused" file="tests/test_g3_6_relations.py" line="250" time="0.092" /><testcase classname="tests.test_g3_6_relations" name="test_an_unknown_reason_code_is_refused_and_a_known_one_accepted" file="tests/test_g3_6_relations.py" line="256" time="0.095" /><testcase classname="tests.test_g3_6_relations" name="test_a_relation_of_another_property_is_404" file="tests/test_g3_6_relations.py" line="269" time="0.096" /><testcase classname="tests.test_g3_6_relations" name="test_a_refused_end_consumes_no_key" file="tests/test_g3_6_relations.py" line="275" time="0.098" /><testcase classname="tests.test_g3_6_relations" name="test_a_replayed_create_returns_the_first_result" file="tests/test_g3_6_relations.py" line="283" time="0.094" /><testcase classname="tests.test_g3_6_relations" name="test_create_and_end_are_audited_by_the_command_layer" file="tests/test_g3_6_relations.py" line="295" time="0.285" /><testcase classname="tests.test_g3_6_relations" name="test_create_records_provenance_as_staff_asserting_nothing_for_the_party" file="tests/test_g3_6_relations.py" line="313" time="0.086" /><testcase classname="tests.test_g3_6_relations" name="test_the_list_is_audited_once" file="tests/test_g3_6_relations.py" line="330" time="0.085" /><testcase classname="tests.test_g3_6_relations" name="test_a_customer_can_reach_none_of_the_three" file="tests/test_g3_6_relations.py" line="340" time="0.095" /><testcase classname="tests.test_g3_6_relations" name="test_a_reviewer_may_read_but_not_write" file="tests/test_g3_6_relations.py" line="351" time="0.084" /><testcase classname="tests.test_g3_6_relations" name="test_s12_end_to_end_a_relation_created_through_the_api_grants_nothing" file="tests/test_g3_6_relations.py" line="362" time="0.093" /><testcase classname="tests.test_g3_6_relations" name="test_s16h_end_to_end_a_relation_opens_no_offer" file="tests/test_g3_6_relations.py" line="374" time="0.100" /><testcase classname="tests.test_g3_6_relations" name="test_an_api_created_relation_satisfies_the_consent_gate" file="tests/test_g3_6_relations.py" line="408" time="0.083" /><testcase classname="tests.test_g3_6_relations" name="test_a_future_relation_does_not_satisfy_the_consent_gate" file="tests/test_g3_6_relations.py" line="417" time="0.082" /><testcase classname="tests.test_g3_6_relations" name="test_the_addendum_is_bound_to_the_current_delta_text" file="tests/test_g3_6_relations.py" line="436" time="0.012" /><testcase classname="tests.test_g3_6_relations" name="test_an_addendum_whose_delta_changed_refuses_to_load" file="tests/test_g3_6_relations.py" line="443" time="0.029" /><testcase classname="tests.test_g3_6_relations" name="test_an_addendum_cannot_redeclare_a_frozen_operation" file="tests/test_g3_6_relations.py" line="452" time="0.030" /><testcase classname="tests.test_g3_6_relations" name="test_an_addendum_operation_must_carry_roles" file="tests/test_g3_6_relations.py" line="462" time="0.027" /><testcase classname="tests.test_http_endpoints" name="test_no_token_is_401" file="tests/test_http_endpoints.py" line="39" time="0.011" /><testcase classname="tests.test_http_endpoints" name="test_garbage_token_is_401" file="tests/test_http_endpoints.py" line="43" time="0.011" /><testcase classname="tests.test_http_endpoints" name="test_unknown_account_is_401" file="tests/test_http_endpoints.py" line="47" time="0.013" /><testcase classname="tests.test_http_endpoints" name="test_customer_reads_own_request" file="tests/test_http_endpoints.py" line="53" time="0.014" /><testcase classname="tests.test_http_endpoints" name="test_another_customers_request_is_404_not_403" file="tests/test_http_endpoints.py" line="59" time="0.013" /><testcase classname="tests.test_http_endpoints" name="test_a_nonexistent_id_is_indistinguishable_from_an_unowned_one" file="tests/test_http_endpoints.py" line="66" time="0.018" /><testcase classname="tests.test_http_endpoints" name="test_customer_on_an_internal_endpoint_is_403" file="tests/test_http_endpoints.py" line="75" time="0.040" /><testcase classname="tests.test_http_endpoints" name="test_staff_on_a_me_endpoint_is_403" file="tests/test_http_endpoints.py" line="82" time="0.015" /><testcase classname="tests.test_http_endpoints" name="test_customer_reason_codes_is_403_staff_is_200" file="tests/test_http_endpoints.py" line="88" time="0.023" /><testcase classname="tests.test_http_endpoints" name="test_problem_responses_carry_the_required_fields" file="tests/test_http_endpoints.py" line="97" time="0.012" /><testcase classname="tests.test_http_endpoints" name="test_trace_id_is_echoed" file="tests/test_http_endpoints.py" line="104" time="0.013" /><testcase classname="tests.test_http_endpoints" name="test_problem_detail_never_leaks_database_text" file="tests/test_http_endpoints.py" line="109" time="0.014" /><testcase classname="tests.test_http_endpoints" name="test_denied_request_is_audited" file="tests/test_http_endpoints.py" line="119" time="0.014" /><testcase classname="tests.test_http_endpoints" name="test_list_endpoint_audits_once" file="tests/test_http_endpoints.py" line="124" time="0.014" /><testcase classname="tests.test_http_endpoints" name="test_generated_paths_exist_in_the_frozen_contract" file="tests/test_http_endpoints.py" line="133" time="0.168" /><testcase classname="tests.test_http_endpoints" name="test_health_and_ready_are_outside_the_contract" file="tests/test_http_endpoints.py" line="162" time="0.184" /><testcase classname="tests.test_idempotency" name="test_first_call_is_new" file="tests/test_idempotency.py" line="31" time="0.003" /><testcase classname="tests.test_idempotency" name="test_same_key_same_payload_replays_the_result" file="tests/test_idempotency.py" line="36" time="0.004" /><testcase classname="tests.test_idempotency" name="test_same_key_different_payload_is_a_conflict" file="tests/test_idempotency.py" line="49" time="0.003" /><testcase classname="tests.test_idempotency" name="test_key_order_does_not_change_the_hash" file="tests/test_idempotency.py" line="58" time="0.003" /><testcase classname="tests.test_idempotency" name="test_the_same_key_is_independent_per_actor" file="tests/test_idempotency.py" line="68" time="0.002" /><testcase classname="tests.test_idempotency" name="test_the_same_key_is_independent_per_route" file="tests/test_idempotency.py" line="76" time="0.002" /><testcase classname="tests.test_idempotency" name="test_a_claimed_but_incomplete_key_is_a_conflict" file="tests/test_idempotency.py" line="84" time="0.002" /><testcase classname="tests.test_idempotency" name="test_an_expired_record_is_replaced_not_replayed" file="tests/test_idempotency.py" line="96" time="0.004" /><testcase classname="tests.test_idempotency" name="test_a_missing_key_is_rejected[None]" file="tests/test_idempotency.py" line="108" time="0.001" /><testcase classname="tests.test_idempotency" name="test_a_missing_key_is_rejected[]" file="tests/test_idempotency.py" line="108" time="0.001" /><testcase classname="tests.test_idempotency" name="test_a_missing_key_is_rejected[   ]" file="tests/test_idempotency.py" line="108" time="0.001" /><testcase classname="tests.test_idempotency" name="test_an_overlong_key_is_rejected" file="tests/test_idempotency.py" line="114" time="0.001" /><testcase classname="tests.test_idempotency" name="test_the_record_lands_in_the_frozen_table" file="tests/test_idempotency.py" line="120" time="0.002" /><testcase classname="tests.test_input_hardening" name="test_claim_with_a_marked_enum_value_is_a_typed_422[otp]" file="tests/test_input_hardening.py" line="135" time="0.250" /><testcase classname="tests.test_input_hardening" name="test_claim_with_a_marked_enum_value_is_a_typed_422[turab.x]" file="tests/test_input_hardening.py" line="135" time="0.100" /><testcase classname="tests.test_input_hardening" name="test_claim_with_a_marked_enum_value_is_a_typed_422[SELECT 1]" file="tests/test_input_hardening.py" line="135" time="0.113" /><testcase classname="tests.test_input_hardening" name="test_claim_with_a_marked_unknown_attribute_code_is_a_typed_422[otp]" file="tests/test_input_hardening.py" line="152" time="0.099" /><testcase classname="tests.test_input_hardening" name="test_claim_with_a_marked_unknown_attribute_code_is_a_typed_422[turab.x]" file="tests/test_input_hardening.py" line="152" time="0.093" /><testcase classname="tests.test_input_hardening" name="test_claim_with_a_marked_unknown_attribute_code_is_a_typed_422[SELECT 1]" file="tests/test_input_hardening.py" line="152" time="0.096" /><testcase classname="tests.test_input_hardening" name="test_resolution_with_a_marked_reason_code_is_a_typed_422[otp]" file="tests/test_input_hardening.py" line="170" time="0.099" /><testcase classname="tests.test_input_hardening" name="test_resolution_with_a_marked_reason_code_is_a_typed_422[turab.x]" file="tests/test_input_hardening.py" line="170" time="0.109" /><testcase classname="tests.test_input_hardening" name="test_resolution_with_a_marked_reason_code_is_a_typed_422[SELECT 1]" file="tests/test_input_hardening.py" line="170" time="0.106" /><testcase classname="tests.test_input_hardening" name="test_offer_transition_with_a_marked_reason_code_is_a_typed_422[otp]" file="tests/test_input_hardening.py" line="184" time="0.119" /><testcase classname="tests.test_input_hardening" name="test_offer_transition_with_a_marked_reason_code_is_a_typed_422[turab.x]" file="tests/test_input_hardening.py" line="184" time="0.097" /><testcase classname="tests.test_input_hardening" name="test_offer_transition_with_a_marked_reason_code_is_a_typed_422[SELECT 1]" file="tests/test_input_hardening.py" line="184" time="0.091" /><testcase classname="tests.test_input_hardening" name="test_relation_end_with_a_marked_reason_code_is_a_typed_422[otp]" file="tests/test_input_hardening.py" line="197" time="0.098" /><testcase classname="tests.test_input_hardening" name="test_relation_end_with_a_marked_reason_code_is_a_typed_422[turab.x]" file="tests/test_input_hardening.py" line="197" time="0.141" /><testcase classname="tests.test_input_hardening" name="test_relation_end_with_a_marked_reason_code_is_a_typed_422[SELECT 1]" file="tests/test_input_hardening.py" line="197" time="0.112" /><testcase classname="tests.test_input_hardening" name="test_request_closure_with_a_marked_reason_code_is_a_typed_422[otp]" file="tests/test_input_hardening.py" line="210" time="0.113" /><testcase classname="tests.test_input_hardening" name="test_request_closure_with_a_marked_reason_code_is_a_typed_422[turab.x]" file="tests/test_input_hardening.py" line="210" time="0.104" /><testcase classname="tests.test_input_hardening" name="test_request_closure_with_a_marked_reason_code_is_a_typed_422[SELECT 1]" file="tests/test_input_hardening.py" line="210" time="0.109" /><testcase classname="tests.test_input_hardening" name="test_request_criterion_with_a_marked_code_is_a_typed_422[otp]" file="tests/test_input_hardening.py" line="225" time="0.098" /><testcase classname="tests.test_input_hardening" name="test_request_criterion_with_a_marked_code_is_a_typed_422[turab.x]" file="tests/test_input_hardening.py" line="225" time="0.102" /><testcase classname="tests.test_input_hardening" name="test_request_criterion_with_a_marked_code_is_a_typed_422[SELECT 1]" file="tests/test_input_hardening.py" line="225" time="0.100" /><testcase classname="tests.test_input_hardening" name="test_claim_with_a_non_finite_number_is_a_typed_422[claimed_value-1e400]" file="tests/test_input_hardening.py" line="245" time="0.114" /><testcase classname="tests.test_input_hardening" name="test_claim_with_a_non_finite_number_is_a_typed_422[claimed_value--1e400]" file="tests/test_input_hardening.py" line="245" time="0.317" /><testcase classname="tests.test_input_hardening" name="test_claim_with_a_non_finite_number_is_a_typed_422[claimed_value-NaN]" file="tests/test_input_hardening.py" line="245" time="0.104" /><testcase classname="tests.test_input_hardening" name="test_claim_with_a_non_finite_number_is_a_typed_422[claimed_value-Infinity]" file="tests/test_input_hardening.py" line="245" time="0.098" /><testcase classname="tests.test_input_hardening" name="test_claim_with_a_non_finite_number_is_a_typed_422[claimed_value--Infinity]" file="tests/test_input_hardening.py" line="245" time="0.093" /><testcase classname="tests.test_input_hardening" name="test_claim_with_a_non_finite_number_is_a_typed_422[extraction_confidence-1e400]" file="tests/test_input_hardening.py" line="245" time="0.096" /><testcase classname="tests.test_input_hardening" name="test_claim_with_a_non_finite_number_is_a_typed_422[extraction_confidence--1e400]" file="tests/test_input_hardening.py" line="245" time="0.098" /><testcase classname="tests.test_input_hardening" name="test_claim_with_a_non_finite_number_is_a_typed_422[extraction_confidence-NaN]" file="tests/test_input_hardening.py" line="245" time="0.099" /><testcase classname="tests.test_input_hardening" name="test_claim_with_a_non_finite_number_is_a_typed_422[extraction_confidence-Infinity]" file="tests/test_input_hardening.py" line="245" time="0.101" /><testcase classname="tests.test_input_hardening" name="test_claim_with_a_non_finite_number_is_a_typed_422[extraction_confidence--Infinity]" file="tests/test_input_hardening.py" line="245" time="0.099" /><testcase classname="tests.test_input_hardening" name="test_resolution_with_a_non_finite_value_is_a_typed_422[1e400]" file="tests/test_input_hardening.py" line="264" time="0.102" /><testcase classname="tests.test_input_hardening" name="test_resolution_with_a_non_finite_value_is_a_typed_422[-1e400]" file="tests/test_input_hardening.py" line="264" time="0.127" /><testcase classname="tests.test_input_hardening" name="test_resolution_with_a_non_finite_value_is_a_typed_422[NaN]" file="tests/test_input_hardening.py" line="264" time="0.108" /><testcase classname="tests.test_input_hardening" name="test_resolution_with_a_non_finite_value_is_a_typed_422[Infinity]" file="tests/test_input_hardening.py" line="264" time="0.103" /><testcase classname="tests.test_input_hardening" name="test_resolution_with_a_non_finite_value_is_a_typed_422[-Infinity]" file="tests/test_input_hardening.py" line="264" time="0.100" /><testcase classname="tests.test_input_hardening" name="test_observation_payload_with_a_non_finite_nested_number_is_a_typed_422[1e400]" file="tests/test_input_hardening.py" line="277" time="0.084" /><testcase classname="tests.test_input_hardening" name="test_observation_payload_with_a_non_finite_nested_number_is_a_typed_422[-1e400]" file="tests/test_input_hardening.py" line="277" time="0.087" /><testcase classname="tests.test_input_hardening" name="test_observation_payload_with_a_non_finite_nested_number_is_a_typed_422[NaN]" file="tests/test_input_hardening.py" line="277" time="0.085" /><testcase classname="tests.test_input_hardening" name="test_observation_payload_with_a_non_finite_nested_number_is_a_typed_422[Infinity]" file="tests/test_input_hardening.py" line="277" time="0.084" /><testcase classname="tests.test_input_hardening" name="test_observation_payload_with_a_non_finite_nested_number_is_a_typed_422[-Infinity]" file="tests/test_input_hardening.py" line="277" time="0.076" /><testcase classname="tests.test_input_hardening" name="test_lead_with_a_non_finite_nested_number_is_a_typed_422[metadata-1e400]" file="tests/test_input_hardening.py" line="290" time="0.078" /><testcase classname="tests.test_input_hardening" name="test_lead_with_a_non_finite_nested_number_is_a_typed_422[metadata--1e400]" file="tests/test_input_hardening.py" line="290" time="0.073" /><testcase classname="tests.test_input_hardening" name="test_lead_with_a_non_finite_nested_number_is_a_typed_422[metadata-NaN]" file="tests/test_input_hardening.py" line="290" time="0.072" /><testcase classname="tests.test_input_hardening" name="test_lead_with_a_non_finite_nested_number_is_a_typed_422[metadata-Infinity]" file="tests/test_input_hardening.py" line="290" time="0.074" /><testcase classname="tests.test_input_hardening" name="test_lead_with_a_non_finite_nested_number_is_a_typed_422[metadata--Infinity]" file="tests/test_input_hardening.py" line="290" time="0.301" /><testcase classname="tests.test_input_hardening" name="test_lead_with_a_non_finite_nested_number_is_a_typed_422[raw_payload-1e400]" file="tests/test_input_hardening.py" line="290" time="0.079" /><testcase classname="tests.test_input_hardening" name="test_lead_with_a_non_finite_nested_number_is_a_typed_422[raw_payload--1e400]" file="tests/test_input_hardening.py" line="290" time="0.077" /><testcase classname="tests.test_input_hardening" name="test_lead_with_a_non_finite_nested_number_is_a_typed_422[raw_payload-NaN]" file="tests/test_input_hardening.py" line="290" time="0.076" /><testcase classname="tests.test_input_hardening" name="test_lead_with_a_non_finite_nested_number_is_a_typed_422[raw_payload-Infinity]" file="tests/test_input_hardening.py" line="290" time="0.073" /><testcase classname="tests.test_input_hardening" name="test_lead_with_a_non_finite_nested_number_is_a_typed_422[raw_payload--Infinity]" file="tests/test_input_hardening.py" line="290" time="0.077" /><testcase classname="tests.test_input_hardening" name="test_request_criterion_with_a_non_finite_value_is_a_typed_422[1e400]" file="tests/test_input_hardening.py" line="308" time="0.095" /><testcase classname="tests.test_input_hardening" name="test_request_criterion_with_a_non_finite_value_is_a_typed_422[-1e400]" file="tests/test_input_hardening.py" line="308" time="0.089" /><testcase classname="tests.test_input_hardening" name="test_request_criterion_with_a_non_finite_value_is_a_typed_422[NaN]" file="tests/test_input_hardening.py" line="308" time="0.092" /><testcase classname="tests.test_input_hardening" name="test_request_criterion_with_a_non_finite_value_is_a_typed_422[Infinity]" file="tests/test_input_hardening.py" line="308" time="0.097" /><testcase classname="tests.test_input_hardening" name="test_request_criterion_with_a_non_finite_value_is_a_typed_422[-Infinity]" file="tests/test_input_hardening.py" line="308" time="0.103" /><testcase classname="tests.test_input_hardening" name="test_property_area_that_the_column_cannot_store_is_a_typed_422[land_area_m2-1e400]" file="tests/test_input_hardening.py" line="337" time="0.068" /><testcase classname="tests.test_input_hardening" name="test_property_area_that_the_column_cannot_store_is_a_typed_422[land_area_m2-NaN]" file="tests/test_input_hardening.py" line="337" time="0.060" /><testcase classname="tests.test_input_hardening" name="test_property_area_that_the_column_cannot_store_is_a_typed_422[land_area_m2-Infinity]" file="tests/test_input_hardening.py" line="337" time="0.064" /><testcase classname="tests.test_input_hardening" name="test_property_area_that_the_column_cannot_store_is_a_typed_422[land_area_m2-10000000000]" file="tests/test_input_hardening.py" line="337" time="0.069" /><testcase classname="tests.test_input_hardening" name="test_property_area_that_the_column_cannot_store_is_a_typed_422[land_area_m2-9999999999.995]" file="tests/test_input_hardening.py" line="337" time="0.062" /><testcase classname="tests.test_input_hardening" name="test_property_area_that_the_column_cannot_store_is_a_typed_422[land_area_m2-9999999999.994999]" file="tests/test_input_hardening.py" line="337" time="0.064" /><testcase classname="tests.test_input_hardening" name="test_property_area_that_the_column_cannot_store_is_a_typed_422[land_area_m2-0.004]" file="tests/test_input_hardening.py" line="337" time="0.064" /><testcase classname="tests.test_input_hardening" name="test_property_area_that_the_column_cannot_store_is_a_typed_422[land_area_m2-0.0049999999999999]" file="tests/test_input_hardening.py" line="337" time="0.068" /><testcase classname="tests.test_input_hardening" name="test_property_area_that_the_column_cannot_store_is_a_typed_422[land_area_m2-0]" file="tests/test_input_hardening.py" line="337" time="0.062" /><testcase classname="tests.test_input_hardening" name="test_property_area_that_the_column_cannot_store_is_a_typed_422[land_area_m2--1]" file="tests/test_input_hardening.py" line="337" time="0.068" /><testcase classname="tests.test_input_hardening" name="test_property_area_that_the_column_cannot_store_is_a_typed_422[built_area_m2-1e400]" file="tests/test_input_hardening.py" line="337" time="0.067" /><testcase classname="tests.test_input_hardening" name="test_property_area_that_the_column_cannot_store_is_a_typed_422[built_area_m2-NaN]" file="tests/test_input_hardening.py" line="337" time="0.064" /><testcase classname="tests.test_input_hardening" name="test_property_area_that_the_column_cannot_store_is_a_typed_422[built_area_m2-Infinity]" file="tests/test_input_hardening.py" line="337" time="0.067" /><testcase classname="tests.test_input_hardening" name="test_property_area_that_the_column_cannot_store_is_a_typed_422[built_area_m2-10000000000]" file="tests/test_input_hardening.py" line="337" time="0.067" /><testcase classname="tests.test_input_hardening" name="test_property_area_that_the_column_cannot_store_is_a_typed_422[built_area_m2-9999999999.995]" file="tests/test_input_hardening.py" line="337" time="0.070" /><testcase classname="tests.test_input_hardening" name="test_property_area_that_the_column_cannot_store_is_a_typed_422[built_area_m2-9999999999.994999]" file="tests/test_input_hardening.py" line="337" time="0.068" /><testcase classname="tests.test_input_hardening" name="test_property_area_that_the_column_cannot_store_is_a_typed_422[built_area_m2-0.004]" file="tests/test_input_hardening.py" line="337" time="0.062" /><testcase classname="tests.test_input_hardening" name="test_property_area_that_the_column_cannot_store_is_a_typed_422[built_area_m2-0.0049999999999999]" file="tests/test_input_hardening.py" line="337" time="0.064" /><testcase classname="tests.test_input_hardening" name="test_property_area_that_the_column_cannot_store_is_a_typed_422[built_area_m2-0]" file="tests/test_input_hardening.py" line="337" time="0.068" /><testcase classname="tests.test_input_hardening" name="test_property_area_that_the_column_cannot_store_is_a_typed_422[built_area_m2--1]" file="tests/test_input_hardening.py" line="337" time="0.064" /><testcase classname="tests.test_input_hardening" name="test_property_area_patch_that_the_column_cannot_store_is_a_typed_422[1e400]" file="tests/test_input_hardening.py" line="353" time="0.071" /><testcase classname="tests.test_input_hardening" name="test_property_area_patch_that_the_column_cannot_store_is_a_typed_422[NaN]" file="tests/test_input_hardening.py" line="353" time="0.069" /><testcase classname="tests.test_input_hardening" name="test_property_area_patch_that_the_column_cannot_store_is_a_typed_422[Infinity]" file="tests/test_input_hardening.py" line="353" time="0.078" /><testcase classname="tests.test_input_hardening" name="test_property_area_patch_that_the_column_cannot_store_is_a_typed_422[10000000000]" file="tests/test_input_hardening.py" line="353" time="0.090" /><testcase classname="tests.test_input_hardening" name="test_property_area_patch_that_the_column_cannot_store_is_a_typed_422[9999999999.995]" file="tests/test_input_hardening.py" line="353" time="0.083" /><testcase classname="tests.test_input_hardening" name="test_property_area_patch_that_the_column_cannot_store_is_a_typed_422[9999999999.994999]" file="tests/test_input_hardening.py" line="353" time="0.069" /><testcase classname="tests.test_input_hardening" name="test_property_area_patch_that_the_column_cannot_store_is_a_typed_422[0.004]" file="tests/test_input_hardening.py" line="353" time="0.070" /><testcase classname="tests.test_input_hardening" name="test_property_area_patch_that_the_column_cannot_store_is_a_typed_422[0.0049999999999999]" file="tests/test_input_hardening.py" line="353" time="0.072" /><testcase classname="tests.test_input_hardening" name="test_property_area_patch_that_the_column_cannot_store_is_a_typed_422[0]" file="tests/test_input_hardening.py" line="353" time="0.383" /><testcase classname="tests.test_input_hardening" name="test_property_area_patch_that_the_column_cannot_store_is_a_typed_422[-1]" file="tests/test_input_hardening.py" line="353" time="0.069" /><testcase classname="tests.test_input_hardening" name="test_the_premise_postgresql_rounds_before_it_checks_capacity" file="tests/test_input_hardening.py" line="371" time="0.002" /><testcase classname="tests.test_input_hardening" name="test_property_area_the_column_stores_is_accepted_on_create[land_area_m2-9999999999.991-9999999999.99]" file="tests/test_input_hardening.py" line="387" time="0.055" /><testcase classname="tests.test_input_hardening" name="test_property_area_the_column_stores_is_accepted_on_create[land_area_m2-9999999999.9949-9999999999.99]" file="tests/test_input_hardening.py" line="387" time="0.059" /><testcase classname="tests.test_input_hardening" name="test_property_area_the_column_stores_is_accepted_on_create[land_area_m2-9999999999.99-9999999999.99]" file="tests/test_input_hardening.py" line="387" time="0.056" /><testcase classname="tests.test_input_hardening" name="test_property_area_the_column_stores_is_accepted_on_create[land_area_m2-0.005-0.01]" file="tests/test_input_hardening.py" line="387" time="0.060" /><testcase classname="tests.test_input_hardening" name="test_property_area_the_column_stores_is_accepted_on_create[land_area_m2-0.01-0.01]" file="tests/test_input_hardening.py" line="387" time="0.061" /><testcase classname="tests.test_input_hardening" name="test_property_area_the_column_stores_is_accepted_on_create[built_area_m2-9999999999.991-9999999999.99]" file="tests/test_input_hardening.py" line="387" time="0.056" /><testcase classname="tests.test_input_hardening" name="test_property_area_the_column_stores_is_accepted_on_create[built_area_m2-9999999999.9949-9999999999.99]" file="tests/test_input_hardening.py" line="387" time="0.057" /><testcase classname="tests.test_input_hardening" name="test_property_area_the_column_stores_is_accepted_on_create[built_area_m2-9999999999.99-9999999999.99]" file="tests/test_input_hardening.py" line="387" time="0.056" /><testcase classname="tests.test_input_hardening" name="test_property_area_the_column_stores_is_accepted_on_create[built_area_m2-0.005-0.01]" file="tests/test_input_hardening.py" line="387" time="0.059" /><testcase classname="tests.test_input_hardening" name="test_property_area_the_column_stores_is_accepted_on_create[built_area_m2-0.01-0.01]" file="tests/test_input_hardening.py" line="387" time="0.060" /><testcase classname="tests.test_input_hardening" name="test_property_area_the_column_stores_is_accepted_on_patch[land_area_m2-9999999999.991-9999999999.99]" file="tests/test_input_hardening.py" line="398" time="0.066" /><testcase classname="tests.test_input_hardening" name="test_property_area_the_column_stores_is_accepted_on_patch[land_area_m2-9999999999.9949-9999999999.99]" file="tests/test_input_hardening.py" line="398" time="0.063" /><testcase classname="tests.test_input_hardening" name="test_property_area_the_column_stores_is_accepted_on_patch[land_area_m2-9999999999.99-9999999999.99]" file="tests/test_input_hardening.py" line="398" time="0.066" /><testcase classname="tests.test_input_hardening" name="test_property_area_the_column_stores_is_accepted_on_patch[land_area_m2-0.005-0.01]" file="tests/test_input_hardening.py" line="398" time="0.066" /><testcase classname="tests.test_input_hardening" name="test_property_area_the_column_stores_is_accepted_on_patch[land_area_m2-0.01-0.01]" file="tests/test_input_hardening.py" line="398" time="0.070" /><testcase classname="tests.test_input_hardening" name="test_property_area_the_column_stores_is_accepted_on_patch[built_area_m2-9999999999.991-9999999999.99]" file="tests/test_input_hardening.py" line="398" time="0.065" /><testcase classname="tests.test_input_hardening" name="test_property_area_the_column_stores_is_accepted_on_patch[built_area_m2-9999999999.9949-9999999999.99]" file="tests/test_input_hardening.py" line="398" time="0.066" /><testcase classname="tests.test_input_hardening" name="test_property_area_the_column_stores_is_accepted_on_patch[built_area_m2-9999999999.99-9999999999.99]" file="tests/test_input_hardening.py" line="398" time="0.064" /><testcase classname="tests.test_input_hardening" name="test_property_area_the_column_stores_is_accepted_on_patch[built_area_m2-0.005-0.01]" file="tests/test_input_hardening.py" line="398" time="0.065" /><testcase classname="tests.test_input_hardening" name="test_property_area_the_column_stores_is_accepted_on_patch[built_area_m2-0.01-0.01]" file="tests/test_input_hardening.py" line="398" time="0.067" /><testcase classname="tests.test_input_hardening" name="test_the_area_rule_agrees_with_the_live_column_value_by_value" file="tests/test_input_hardening.py" line="416" time="0.070" /><testcase classname="tests.test_input_hardening" name="test_offer_amount_beyond_bigint_is_a_typed_422[asking_price_dzd]" file="tests/test_input_hardening.py" line="447" time="0.084" /><testcase classname="tests.test_input_hardening" name="test_offer_amount_beyond_bigint_is_a_typed_422[seller_expectation_dzd]" file="tests/test_input_hardening.py" line="447" time="0.085" /><testcase classname="tests.test_input_hardening" name="test_offer_patch_beyond_bigint_is_a_typed_422" file="tests/test_input_hardening.py" line="461" time="0.100" /><testcase classname="tests.test_input_hardening" name="test_request_budget_beyond_bigint_is_a_typed_422[budget_target_dzd]" file="tests/test_input_hardening.py" line="473" time="0.054" /><testcase classname="tests.test_input_hardening" name="test_request_budget_beyond_bigint_is_a_typed_422[budget_max_dzd]" file="tests/test_input_hardening.py" line="473" time="0.052" /><testcase classname="tests.test_input_hardening" name="test_criterion_sort_order_beyond_smallint_is_a_typed_422[32768]" file="tests/test_input_hardening.py" line="489" time="0.094" /><testcase classname="tests.test_input_hardening" name="test_criterion_sort_order_beyond_smallint_is_a_typed_422[-32769]" file="tests/test_input_hardening.py" line="489" time="0.099" /><testcase classname="tests.test_input_hardening" name="test_json_number_refuses_a_non_finite_value_with_no_bounds[1e400]" file="tests/test_input_hardening.py" line="520" time="0.002" /><testcase classname="tests.test_input_hardening" name="test_json_number_refuses_a_non_finite_value_with_no_bounds[-1e400]" file="tests/test_input_hardening.py" line="520" time="0.002" /><testcase classname="tests.test_input_hardening" name="test_json_number_refuses_a_non_finite_value_with_no_bounds[NaN]" file="tests/test_input_hardening.py" line="520" time="0.002" /><testcase classname="tests.test_input_hardening" name="test_json_number_refuses_a_non_finite_value_with_no_bounds[Infinity]" file="tests/test_input_hardening.py" line="520" time="0.002" /><testcase classname="tests.test_input_hardening" name="test_json_number_refuses_a_non_finite_value_with_no_bounds[-Infinity]" file="tests/test_input_hardening.py" line="520" time="0.002" /><testcase classname="tests.test_input_hardening" nam
[...]
s_a_concurrent_reconfirmation[production-UNAVAILABLE]" file="tests/test_slice3_step4.py" line="452" time="0.125"><properties><property name="waited" value="False" /><property name="wrote" value="False" /><property name="final" value="UNAVAILABLE" /><property name="holder" value="committed" /></properties></testcase><testcase classname="tests.test_slice3_step4" name="test_which_mechanism_protects_a_concurrent_reconfirmation[for_update_without_skip-AVAILABLE]" file="tests/test_slice3_step4.py" line="452" time="0.132"><properties><property name="waited" value="True" /><property name="wrote" value="False" /><property name="final" value="AVAILABLE" /><property name="holder" value="committed" /></properties></testcase><testcase classname="tests.test_slice3_step4" name="test_which_mechanism_protects_a_concurrent_reconfirmation[for_update_without_skip-UNAVAILABLE]" file="tests/test_slice3_step4.py" line="452" time="0.123"><properties><property name="waited" value="True" /><property name="wrote" value="False" /><property name="final" value="UNAVAILABLE" /><property name="holder" value="committed" /></properties></testcase><testcase classname="tests.test_slice3_step4" name="test_which_mechanism_protects_a_concurrent_reconfirmation[no_lock-AVAILABLE]" file="tests/test_slice3_step4.py" line="452" time="0.142"><properties><property name="waited" value="True" /><property name="wrote" value="False" /><property name="final" value="AVAILABLE" /><property name="holder" value="committed" /></properties></testcase><testcase classname="tests.test_slice3_step4" name="test_which_mechanism_protects_a_concurrent_reconfirmation[no_lock-UNAVAILABLE]" file="tests/test_slice3_step4.py" line="452" time="0.133"><properties><property name="waited" value="True" /><property name="wrote" value="False" /><property name="final" value="UNAVAILABLE" /><property name="holder" value="committed" /></properties></testcase><testcase classname="tests.test_slice3_step4" name="test_which_mechanism_protects_a_concurrent_reconfirmation[no_lock_no_outer_predicate-AVAILABLE]" file="tests/test_slice3_step4.py" line="452" time="0.140"><properties><property name="waited" value="True" /><property name="wrote" value="True" /><property name="final" value="NEEDS_CONFIRMATION" /><property name="holder" value="committed" /></properties></testcase><testcase classname="tests.test_slice3_step4" name="test_which_mechanism_protects_a_concurrent_reconfirmation[no_lock_no_outer_predicate-UNAVAILABLE]" file="tests/test_slice3_step4.py" line="452" time="0.127"><properties><property name="waited" value="True" /><property name="wrote" value="True" /><property name="final" value="NEEDS_CONFIRMATION" /><property name="holder" value="committed" /></properties></testcase><testcase classname="tests.test_slice3_step4" name="test_which_mechanism_protects_a_concurrent_reconfirmation[lock_without_outer_predicate-AVAILABLE]" file="tests/test_slice3_step4.py" line="452" time="0.121"><properties><property name="waited" value="False" /><property name="wrote" value="False" /><property name="final" value="AVAILABLE" /><property name="holder" value="committed" /></properties></testcase><testcase classname="tests.test_slice3_step4" name="test_which_mechanism_protects_a_concurrent_reconfirmation[lock_without_outer_predicate-UNAVAILABLE]" file="tests/test_slice3_step4.py" line="452" time="0.128"><properties><property name="waited" value="False" /><property name="wrote" value="False" /><property name="final" value="UNAVAILABLE" /><property name="holder" value="committed" /></properties></testcase><testcase classname="tests.test_slice3_step4" name="test_the_sweep_does_not_overwrite_a_concurrent_reconfirmation[AVAILABLE]" file="tests/test_slice3_step4.py" line="474" time="0.129" /><testcase classname="tests.test_slice3_step4" name="test_the_sweep_does_not_overwrite_a_concurrent_reconfirmation[UNAVAILABLE]" file="tests/test_slice3_step4.py" line="474" time="0.127" /><testcase classname="tests.test_slice3_step4" name="test_reconfirming_an_offer_updates_both_confirmation_columns" file="tests/test_slice3_step4.py" line="510" time="0.094" /><testcase classname="tests.test_slice3_step4" name="test_a_stated_confirmation_time_is_written_to_both_columns" file="tests/test_slice3_step4.py" line="521" time="0.088" /><testcase classname="tests.test_slice3_step4" name="test_a_confirmation_without_a_timezone_is_refused_on_the_offer_endpoint" file="tests/test_slice3_step4.py" line="530" time="0.093" /><testcase classname="tests.test_slice3_step4" name="test_a_future_offer_confirmation_is_refused" file="tests/test_slice3_step4.py" line="545" time="0.083" /><testcase classname="tests.test_slice3_step4" name="test_reconfirming_changes_neither_terms_nor_state" file="tests/test_slice3_step4.py" line="552" time="0.091" /><testcase classname="tests.test_slice3_step4" name="test_offer_reconfirmation_records_provenance" file="tests/test_slice3_step4.py" line="561" time="0.090" /><testcase classname="tests.test_slice3_step4" name="test_a_customer_cannot_reconfirm_an_offer_that_is_not_theirs" file="tests/test_slice3_step4.py" line="571" time="0.056" /><testcase classname="tests.test_slice3_step4" name="test_offer_staleness_is_measured_on_commercial_terms_last_confirmed_at" file="tests/test_slice3_step4.py" line="589" time="0.088" /><testcase classname="tests.test_slice3_step4" name="test_a_stale_offer_is_reported_stale_on_its_commercial_terms_clock" file="tests/test_slice3_step4.py" line="608" time="0.113" /><testcase classname="tests.test_slice3_step4" name="test_a_new_offer_is_never_confirmed_not_stale" file="tests/test_slice3_step4.py" line="631" time="0.082" /><testcase classname="tests.test_slice3_step4" name="test_a_policy_without_an_offer_terms_threshold_is_refused_not_defaulted" file="tests/test_slice3_step4.py" line="638" time="0.003" /><testcase classname="tests.test_slice3_stop_gate_c" name="test_a_property_is_created_with_its_type_location_and_supply_mode[LAND-POTENTIAL]" file="tests/test_slice3_stop_gate_c.py" line="60" time="0.064" /><testcase classname="tests.test_slice3_stop_gate_c" name="test_a_property_is_created_with_its_type_location_and_supply_mode[APARTMENT-PUBLIC]" file="tests/test_slice3_stop_gate_c.py" line="60" time="0.066" /><testcase classname="tests.test_slice3_stop_gate_c" name="test_a_property_is_created_with_its_type_location_and_supply_mode[SHOP_COMMERCIAL-PRIVATE]" file="tests/test_slice3_stop_gate_c.py" line="60" time="0.066" /><testcase classname="tests.test_slice3_stop_gate_c" name="test_property_attributes_are_unique_per_definition" file="tests/test_slice3_stop_gate_c.py" line="83" time="0.145" /><testcase classname="tests.test_slice3_stop_gate_c" name="test_a_source_is_created_only_through_an_external_lead" file="tests/test_slice3_stop_gate_c.py" line="114" time="0.116" /><testcase classname="tests.test_slice3_truth" name="test_an_observation_is_recorded_with_its_origin" file="tests/test_slice3_truth.py" line="101" time="0.089" /><testcase classname="tests.test_slice3_truth" name="test_a_malformed_observation_is_refused_and_keeps_the_key[override0-unknown source]" file="tests/test_slice3_truth.py" line="115" time="0.100" /><testcase classname="tests.test_slice3_truth" name="test_a_malformed_observation_is_refused_and_keeps_the_key[override1-unknown party]" file="tests/test_slice3_truth.py" line="115" time="0.094" /><testcase classname="tests.test_slice3_truth" name="test_a_malformed_observation_is_refused_and_keeps_the_key[override2-no offset]" file="tests/test_slice3_truth.py" line="115" time="0.086" /><testcase classname="tests.test_slice3_truth" name="test_a_malformed_observation_is_refused_and_keeps_the_key[override3-future]" file="tests/test_slice3_truth.py" line="115" time="0.128" /><testcase classname="tests.test_slice3_truth" name="test_a_malformed_observation_is_refused_and_keeps_the_key[override4-null raw_text]" file="tests/test_slice3_truth.py" line="115" time="0.117" /><testcase classname="tests.test_slice3_truth" name="test_an_observation_is_audited_by_the_command_layer" file="tests/test_slice3_truth.py" line="133" time="0.087" /><testcase classname="tests.test_slice3_truth" name="test_a_claim_cannot_be_created_already_verified" file="tests/test_slice3_truth.py" line="145" time="0.103" /><testcase classname="tests.test_slice3_truth" name="test_a_claim_is_born_declared" file="tests/test_slice3_truth.py" line="155" time="0.090" /><testcase classname="tests.test_slice3_truth" name="test_only_a_confirmed_verification_event_raises_the_level" file="tests/test_slice3_truth.py" line="164" time="0.099" /><testcase classname="tests.test_slice3_truth" name="test_a_non_confirmed_outcome_records_the_event_and_changes_nothing[NOT_CONFIRMED]" file="tests/test_slice3_truth.py" line="174" time="0.109" /><testcase classname="tests.test_slice3_truth" name="test_a_non_confirmed_outcome_records_the_event_and_changes_nothing[INCONCLUSIVE]" file="tests/test_slice3_truth.py" line="174" time="0.131" /><testcase classname="tests.test_slice3_truth" name="test_a_conflict_found_marks_the_claim_conflicting" file="tests/test_slice3_truth.py" line="187" time="0.110" /><testcase classname="tests.test_slice3_truth" name="test_a_lower_confirmation_never_lowers_the_level" file="tests/test_slice3_truth.py" line="194" time="0.134" /><testcase classname="tests.test_slice3_truth" name="test_verifying_an_unknown_claim_is_404" file="tests/test_slice3_truth.py" line="202" time="0.096" /><testcase classname="tests.test_slice3_truth" name="test_the_verifier_is_recorded_and_the_event_audited" file="tests/test_slice3_truth.py" line="206" time="0.108" /><testcase classname="tests.test_slice3_truth" name="test_a_claim_must_carry_at_least_one_origin" file="tests/test_slice3_truth.py" line="221" time="0.099" /><testcase classname="tests.test_slice3_truth" name="test_a_party_assertion_alone_is_a_valid_origin" file="tests/test_slice3_truth.py" line="230" time="0.094" /><testcase classname="tests.test_slice3_truth" name="test_a_source_or_an_observation_alone_is_a_valid_origin[source_id]" file="tests/test_slice3_truth.py" line="235" time="0.099" /><testcase classname="tests.test_slice3_truth" name="test_a_source_or_an_observation_alone_is_a_valid_origin[observation_id]" file="tests/test_slice3_truth.py" line="235" time="0.109" /><testcase classname="tests.test_slice3_truth" name="test_recorded_by_account_is_not_an_origin" file="tests/test_slice3_truth.py" line="246" time="0.099" /><testcase classname="tests.test_slice3_truth" name="test_a_source_inconsistent_with_its_observation_is_refused" file="tests/test_slice3_truth.py" line="255" time="0.125" /><testcase classname="tests.test_slice3_truth" name="test_an_unknown_origin_is_a_typed_422[asserted_by_party_id]" file="tests/test_slice3_truth.py" line="265" time="0.096" /><testcase classname="tests.test_slice3_truth" name="test_an_unknown_origin_is_a_typed_422[source_id]" file="tests/test_slice3_truth.py" line="265" time="0.095" /><testcase classname="tests.test_slice3_truth" name="test_an_unknown_origin_is_a_typed_422[observation_id]" file="tests/test_slice3_truth.py" line="265" time="0.097" /><testcase classname="tests.test_slice3_truth" name="test_a_claim_about_an_unknown_property_is_404" file="tests/test_slice3_truth.py" line="272" time="0.110" /><testcase classname="tests.test_slice3_truth" name="test_claims_and_resolutions_about_other_subjects_are_refused_naming_g3_11[PARTY]" file="tests/test_slice3_truth.py" line="276" time="0.083" /><testcase classname="tests.test_slice3_truth" name="test_claims_and_resolutions_about_other_subjects_are_refused_naming_g3_11[REQUEST]" file="tests/test_slice3_truth.py" line="276" time="1.930" /><testcase classname="tests.test_slice3_truth" name="test_claims_and_resolutions_about_other_subjects_are_refused_naming_g3_11[OFFER]" file="tests/test_slice3_truth.py" line="276" time="0.084" /><testcase classname="tests.test_slice3_truth" name="test_a_claim_about_an_alias_is_refused" file="tests/test_slice3_truth.py" line="300" time="0.109" /><testcase classname="tests.test_slice3_truth" name="test_an_inactive_attribute_code_is_refused[claim]" file="tests/test_slice3_truth.py" line="351" time="0.097" /><testcase classname="tests.test_slice3_truth" name="test_an_inactive_attribute_code_is_refused[resolution]" file="tests/test_slice3_truth.py" line="351" time="0.095" /><testcase classname="tests.test_slice3_truth" name="test_an_inactive_attribute_code_is_refused[property_attribute]" file="tests/test_slice3_truth.py" line="351" time="0.070" /><testcase classname="tests.test_slice3_truth" name="test_an_unregistered_enum_option_is_refused[claim]" file="tests/test_slice3_truth.py" line="358" time="0.109" /><testcase classname="tests.test_slice3_truth" name="test_an_unregistered_enum_option_is_refused[resolution]" file="tests/test_slice3_truth.py" line="358" time="0.111" /><testcase classname="tests.test_slice3_truth" name="test_an_unregistered_enum_option_is_refused[property_attribute]" file="tests/test_slice3_truth.py" line="358" time="0.074" /><testcase classname="tests.test_slice3_truth" name="test_an_attribute_not_applicable_to_this_property_type_is_refused[claim]" file="tests/test_slice3_truth.py" line="367" time="0.100" /><testcase classname="tests.test_slice3_truth" name="test_an_attribute_not_applicable_to_this_property_type_is_refused[resolution]" file="tests/test_slice3_truth.py" line="367" time="0.100" /><testcase classname="tests.test_slice3_truth" name="test_an_attribute_not_applicable_to_this_property_type_is_refused[property_attribute]" file="tests/test_slice3_truth.py" line="367" time="0.072" /><testcase classname="tests.test_slice3_truth" name="test_an_unknown_attribute_code_is_refused[claim]" file="tests/test_slice3_truth.py" line="376" time="0.099" /><testcase classname="tests.test_slice3_truth" name="test_an_unknown_attribute_code_is_refused[resolution]" file="tests/test_slice3_truth.py" line="376" time="0.106" /><testcase classname="tests.test_slice3_truth" name="test_an_unknown_attribute_code_is_refused[property_attribute]" file="tests/test_slice3_truth.py" line="376" time="0.065" /><testcase classname="tests.test_slice3_truth" name="test_a_number_attribute_takes_a_json_number[True]" file="tests/test_slice3_truth.py" line="382" time="0.093" /><testcase classname="tests.test_slice3_truth" name="test_a_number_attribute_takes_a_json_number[4]" file="tests/test_slice3_truth.py" line="382" time="0.100" /><testcase classname="tests.test_slice3_truth" name="test_a_number_attribute_takes_a_json_number[None]" file="tests/test_slice3_truth.py" line="382" time="0.113" /><testcase classname="tests.test_slice3_truth" name="test_a_resolution_cannot_cite_a_claim_about_another_subject" file="tests/test_slice3_truth.py" line="390" time="0.129" /><testcase classname="tests.test_slice3_truth" name="test_a_resolution_cannot_cite_a_claim_about_another_attribute" file="tests/test_slice3_truth.py" line="402" time="0.124" /><testcase classname="tests.test_slice3_truth" name="test_the_lineage_trigger_still_stands_behind_the_pre_check" file="tests/test_slice3_truth.py" line="410" time="0.005" /><testcase classname="tests.test_slice3_truth" name="test_resolved_by_account_is_recorded" file="tests/test_slice3_truth.py" line="428" time="0.108" /><testcase classname="tests.test_slice3_truth" name="test_only_one_resolved_value_is_current_per_attribute" file="tests/test_slice3_truth.py" line="437" time="0.128" /><testcase classname="tests.test_slice3_truth" name="test_superseding_closes_the_previous_row_in_the_same_transaction" file="tests/test_slice3_truth.py" line="449" time="0.117" /><testcase classname="tests.test_slice3_truth" name="test_the_source_claim_is_stored" file="tests/test_slice3_truth.py" line="472" time="0.127" /><testcase classname="tests.test_slice3_truth" name="test_a_background_job_cannot_issue_a_resolution" file="tests/test_slice3_truth.py" line="486" time="0.003" /><testcase classname="tests.test_slice3_truth" name="test_every_resolution_write_is_audited" file="tests/test_slice3_truth.py" line="502" time="0.121" /><testcase classname="tests.test_slice3_truth" name="test_a_malformed_resolution_is_refused_and_keeps_the_key[override0-unknown reason]" file="tests/test_slice3_truth.py" line="515" time="0.105" /><testcase classname="tests.test_slice3_truth" name="test_a_malformed_resolution_is_refused_and_keeps_the_key[override1-no offset]" file="tests/test_slice3_truth.py" line="515" time="0.109" /><testcase classname="tests.test_slice3_truth" name="test_a_malformed_resolution_is_refused_and_keeps_the_key[override2-future]" file="tests/test_slice3_truth.py" line="515" time="0.121" /><testcase classname="tests.test_slice3_truth" name="test_a_malformed_resolution_is_refused_and_keeps_the_key[override3-unknown claim]" file="tests/test_slice3_truth.py" line="515" time="0.118" /><testcase classname="tests.test_slice3_truth" name="test_a_backdated_resolution_must_follow_the_current_one" file="tests/test_slice3_truth.py" line="532" time="0.121" /><testcase classname="tests.test_slice3_truth" name="test_a_customer_can_reach_none_of_the_four" file="tests/test_slice3_truth.py" line="541" time="0.113" /><testcase classname="tests.test_slice3_truth" name="test_a_reviewer_verifies_and_resolves_but_does_not_record" file="tests/test_slice3_truth.py" line="553" time="0.107" /><testcase classname="tests.test_slice3_truth" name="test_two_concurrent_resolutions_of_one_attribute_yield_one_current_value" file="tests/test_slice3_truth.py" line="573" time="0.139" /><testcase classname="tests.test_slice3_truth" name="test_the_current_value_uniqueness_is_a_database_index" file="tests/test_slice3_truth.py" line="653" time="0.004" /><testcase classname="tests.test_transaction_audit_context" name="test_write_without_an_actor_is_refused" file="tests/test_transaction_audit_context.py" line="23" time="0.000" /><testcase classname="tests.test_transaction_audit_context" name="test_actor_and_context_are_visible_to_the_audit_trigger" file="tests/test_transaction_audit_context.py" line="30" time="0.002" /><testcase classname="tests.test_transaction_audit_context" name="test_a_write_inside_the_wrapper_is_attributed" file="tests/test_transaction_audit_context.py" line="41" time="0.003" /><testcase classname="tests.test_version_consistency" name="test_the_adopted_package_is_version_consistent" file="tests/test_version_consistency.py" line="46" time="0.245" /><testcase classname="tests.test_version_consistency" name="test_a_consistent_package_passes" file="tests/test_version_consistency.py" line="56" time="0.197" /><testcase classname="tests.test_version_consistency" name="test_drift_in_any_single_place_is_caught[schema_metadata-schema_metadata.schema_version]" file="tests/test_version_consistency.py" line="62" time="0.194" /><testcase classname="tests.test_version_consistency" name="test_drift_in_any_single_place_is_caught[schema_header-schema header]" file="tests/test_version_consistency.py" line="62" time="0.195" /><testcase classname="tests.test_version_consistency" name="test_drift_in_any_single_place_is_caught[seed_header-seed header]" file="tests/test_version_consistency.py" line="62" time="0.252" /><testcase classname="tests.test_version_consistency" name="test_drift_in_any_single_place_is_caught[openapi_info-openapi info.version]" file="tests/test_version_consistency.py" line="62" time="0.226" /><testcase classname="tests.test_version_consistency" name="test_drift_in_any_single_place_is_caught[manifest_baseline-HANDOFF_MANIFEST.technical_baseline]" file="tests/test_version_consistency.py" line="62" time="0.192" /><testcase classname="tests.test_version_consistency" name="test_drift_in_any_single_place_is_caught[schema_filename-filename]" file="tests/test_version_consistency.py" line="62" time="0.194" /><testcase classname="tests.test_version_consistency" name="test_a_missing_artifact_is_an_error" file="tests/test_version_consistency.py" line="111" time="0.227" /></testsuite></testsuites>