<?xml version="1.0" encoding="utf-8"?><testsuites name="pytest tests"><testsuite name="pytest" errors="0" failures="0" skipped="0" tests="471" time="33.670" timestamp="2026-09-19T22:32:28.490816+00:00" hostname="vm"><testcase classname="tests.test_architecture" name="test_there_are_route_modules_to_check" time="0.001" /><testcase classname="tests.test_architecture" name="test_routes_do_not_import_sessions_or_repositories[records.py]" time="0.002" /><testcase classname="tests.test_architecture" name="test_routes_do_not_import_sessions_or_repositories[internal.py]" time="0.001" /><testcase classname="tests.test_architecture" name="test_routes_do_not_import_sessions_or_repositories[consents.py]" time="0.002" /><testcase classname="tests.test_architecture" name="test_routes_do_not_import_sessions_or_repositories[requests.py]" time="0.008" /><testcase classname="tests.test_architecture" name="test_routes_do_not_import_sessions_or_repositories[auth.py]" time="0.001" /><testcase classname="tests.test_architecture" name="test_routes_do_not_import_sessions_or_repositories[parties.py]" time="0.005" /><testcase classname="tests.test_architecture" name="test_routes_do_not_import_sessions_or_repositories[me.py]" time="0.002" /><testcase classname="tests.test_architecture" name="test_authorization_sql_never_reads_party_property_relations" time="0.016" /><testcase classname="tests.test_architecture" name="test_the_relations_check_would_catch_a_violation" time="0.004" /><testcase classname="tests.test_architecture" name="test_no_loader_accepts_an_id_without_a_subject" time="0.003" /><testcase classname="tests.test_architecture" name="test_routes_reach_data_only_through_the_access_service" time="0.015" /><testcase classname="tests.test_architecture" name="test_nothing_writes_to_the_frozen_contract" time="0.002" /><testcase classname="tests.test_architecture" name="test_there_are_command_routes_to_check" time="0.015" /><testcase classname="tests.test_architecture" name="test_every_command_route_performs_an_object_check[records.py]" time="0.001" /><testcase classname="tests.test_architecture" name="test_every_command_route_performs_an_object_check[internal.py]" time="0.001" /><testcase classname="tests.test_architecture" name="test_every_command_route_performs_an_object_check[consents.py]" time="0.002" /><testcase classname="tests.test_architecture" name="test_every_command_route_performs_an_object_check[requests.py]" time="0.007" /><testcase classname="tests.test_architecture" name="test_every_command_route_performs_an_object_check[auth.py]" time="0.001" /><testcase classname="tests.test_architecture" name="test_every_command_route_performs_an_object_check[parties.py]" time="0.005" /><testcase classname="tests.test_architecture" name="test_every_command_route_performs_an_object_check[me.py]" time="0.002" /><testcase classname="tests.test_architecture" name="test_the_guard_check_is_not_vacuous" time="0.065" /><testcase classname="tests.test_audit" name="test_staff_read_of_an_individual_resource_is_audited" time="2.413" /><testcase classname="tests.test_audit" name="test_customer_self_read_is_not_audited_as_a_staff_read" time="0.006" /><testcase classname="tests.test_audit" name="test_denials_are_audited_for_every_actor_class" time="0.004" /><testcase classname="tests.test_audit" name="test_a_list_is_audited_once_not_per_row" time="0.003" /><testcase classname="tests.test_audit" name="test_public_and_master_data_reads_are_not_audited[getLocations]" time="0.002" /><testcase classname="tests.test_audit" name="test_public_and_master_data_reads_are_not_audited[getMasterCriterionDefinitions]" time="0.002" /><testcase classname="tests.test_audit" name="test_public_and_master_data_reads_are_not_audited[getPublicProperties]" time="0.002" /><testcase classname="tests.test_audit" name="test_public_and_master_data_reads_are_not_audited[getReasonCodes]" time="0.002" /><testcase classname="tests.test_audit" name="test_audit_metadata_cannot_carry_sensitive_payloads[seller_expectation_dzd]" time="0.001" /><testcase classname="tests.test_audit" name="test_audit_metadata_cannot_carry_sensitive_payloads[raw_text]" time="0.000" /><testcase classname="tests.test_audit" name="test_audit_metadata_cannot_carry_sensitive_payloads[otp_code]" time="0.000" /><testcase classname="tests.test_audit" name="test_audit_metadata_cannot_carry_sensitive_payloads[dto]" time="0.000" /><testcase classname="tests.test_audit" name="test_audit_metadata_cannot_carry_sensitive_payloads[permission_snapshot]" time="0.000" /><testcase classname="tests.test_audit" name="test_audit_metadata_cannot_carry_sensitive_payloads[notes]" time="0.001" /><testcase classname="tests.test_audit" name="test_access_records_carry_references_not_content" time="0.004" /><testcase classname="tests.test_authorization_integration" name="test_subject_reads_party_and_roles_from_the_database" time="0.002" /><testcase classname="tests.test_authorization_integration" name="test_staff_account_has_no_party" time="0.002" /><testcase classname="tests.test_authorization_integration" name="test_non_activated_account_resolves_to_no_authority[DISABLED]" time="0.004" /><testcase classname="tests.test_authorization_integration" name="test_non_activated_account_resolves_to_no_authority[SUSPENDED]" time="0.002" /><testcase classname="tests.test_authorization_integration" name="test_non_activated_account_resolves_to_no_authority[INVITED]" time="0.002" /><testcase classname="tests.test_authorization_integration" name="test_unknown_account_is_not_resolvable" time="0.002" /><testcase classname="tests.test_authorization_integration" name="test_customer_reads_own_claimed_request" time="0.003" /><testcase classname="tests.test_authorization_integration" name="test_customer_cannot_read_another_customers_request" time="0.004" /><testcase classname="tests.test_authorization_integration" name="test_party_match_alone_is_not_enough_for_an_assisted_request" time="0.004" /><testcase classname="tests.test_authorization_integration" name="test_customer_with_no_party_is_refused" time="0.002" /><testcase classname="tests.test_authorization_integration" name="test_relationship_alone_never_grants_property_access" time="0.004" /><testcase classname="tests.test_authorization_integration" name="test_claim_event_grants_property_access" time="0.003" /><testcase classname="tests.test_authorization_integration" name="test_property_authority_is_account_scoped_not_party_scoped" time="0.005" /><testcase classname="tests.test_authorization_integration" name="test_expired_relation_does_not_revoke_a_claimed_owner" time="0.004" /><testcase classname="tests.test_authorization_integration" name="test_orphan_property_with_null_creator_matches_nobody" time="0.007" /><testcase classname="tests.test_authorization_integration" name="test_assisted_unclaimed_property_has_no_authorized_customer" time="0.005" /><testcase classname="tests.test_authorization_integration" name="test_alias_resolves_to_canonical_before_the_authority_check" time="0.008" /><testcase classname="tests.test_authorization_integration" name="test_offer_creator_is_authorized" time="0.005" /><testcase classname="tests.test_authorization_integration" name="test_claimant_reads_own_offer_on_claimed_property" time="0.003" /><testcase classname="tests.test_authorization_integration" name="test_property_claim_does_not_open_another_partys_offer" time="0.004" /><testcase classname="tests.test_authorization_integration" name="test_offer_party_match_alone_never_grants" time="0.004" /><testcase classname="tests.test_authorization_integration" name="test_relations_never_grant_offer_access" time="0.003" /><testcase classname="tests.test_authorization_integration" name="test_unclaimed_parent_blocks_condition_two" time="0.004" /><testcase classname="tests.test_authorization_integration" name="test_unknown_opportunity_is_refused" time="0.003" /><testcase classname="tests.test_authorization_integration" name="test_cross_account_uuid_access_is_refused_for_every_resource" time="0.007" /><testcase classname="tests.test_concurrency" name="test_header_name_follows_the_openapi_contract" time="0.421" /><testcase classname="tests.test_concurrency" name="test_parse_accepts_a_version_integer[1-1]" time="0.001" /><testcase classname="tests.test_concurrency" name="test_parse_accepts_a_version_integer[42-42]" time="0.001" /><testcase classname="tests.test_concurrency" name="test_parse_accepts_a_version_integer[ 7 -7]" time="0.001" /><testcase classname="tests.test_concurrency" name="test_etag_forms_are_no_longer_accepted[&quot;7&quot;]" time="0.000" /><testcase classname="tests.test_concurrency" name="test_etag_forms_are_no_longer_accepted[W/&quot;3&quot;]" time="0.000" /><testcase classname="tests.test_concurrency" name="test_the_old_if_match_alias_is_gone" time="0.000" /><testcase classname="tests.test_concurrency" name="test_a_missing_header_is_rejected[None]" time="0.000" /><testcase classname="tests.test_concurrency" name="test_a_missing_header_is_rejected[]" time="0.000" /><testcase classname="tests.test_concurrency" name="test_a_missing_header_is_rejected[   ]" time="0.000" /><testcase classname="tests.test_concurrency" name="test_a_malformed_header_is_rejected[abc]" time="0.000" /><testcase classname="tests.test_concurrency" name="test_a_malformed_header_is_rejected[1.5]" time="0.000" /><testcase classname="tests.test_concurrency" name="test_a_malformed_header_is_rejected[-1]" time="0.000" /><testcase classname="tests.test_concurrency" name="test_a_malformed_header_is_rejected[0]" time="0.000" /><testcase classname="tests.test_concurrency" name="test_matching_version_passes" time="0.003" /><testcase classname="tests.test_concurrency" name="test_stale_version_is_rejected" time="0.002" /><testcase classname="tests.test_concurrency" name="test_a_concurrent_bump_makes_the_held_version_stale" time="0.004" /><testcase classname="tests.test_concurrency" name="test_an_unknown_resource_is_stale_not_a_crash" time="0.002" /><testcase classname="tests.test_concurrency" name="test_parties_is_now_versioned" time="0.003" /><testcase classname="tests.test_concurrency" name="test_updating_a_party_bumps_its_version" time="0.003" /><testcase classname="tests.test_concurrency" name="test_the_parties_version_check_constraint_holds" time="0.002" /><testcase classname="tests.test_concurrency" name="test_a_client_cannot_forge_a_party_version" time="0.003" /><testcase classname="tests.test_concurrency" name="test_every_versioned_table_really_has_a_version_column[parties]" time="0.008" /><testcase classname="tests.test_concurrency" name="test_every_versioned_table_really_has_a_version_column[properties]" time="0.004" /><testcase classname="tests.test_concurrency" name="test_every_versioned_table_really_has_a_version_column[property_offers]" time="0.003" /><testcase classname="tests.test_concurrency" name="test_every_versioned_table_really_has_a_version_column[requests]" time="0.003" /><testcase classname="tests.test_conflict_disclosure" name="test_conflicting_claimant_is_told" time="0.004" /><testcase classname="tests.test_conflict_disclosure" name="test_the_other_claimant_is_also_told" time="0.003" /><testcase classname="tests.test_conflict_disclosure" name="test_authorized_staff_are_told[ACC_OPERATOR]" time="0.003" /><testcase classname="tests.test_conflict_disclosure" name="test_authorized_staff_are_told[ACC_REVIEWER]" time="0.003" /><testcase classname="tests.test_conflict_disclosure" name="test_authorized_staff_are_told[ACC_ADMIN]" time="0.003" /><testcase classname="tests.test_conflict_disclosure" name="test_an_unrelated_customer_is_not_told" time="0.003" /><testcase classname="tests.test_conflict_disclosure" name="test_audit_is_full_even_when_the_caller_is_told_nothing" time="0.003" /><testcase classname="tests.test_conflict_disclosure" name="test_audit_marks_when_the_caller_was_told" time="0.003" /><testcase classname="tests.test_conflict_disclosure" name="test_http_claimant_gets_409" time="0.131" /><testcase classname="tests.test_conflict_disclosure" name="test_http_staff_gets_409" time="0.022" /><testcase classname="tests.test_conflict_disclosure" name="test_http_unrelated_customer_gets_404" time="0.029" /><testcase classname="tests.test_conflict_disclosure" name="test_the_409_body_discloses_no_claimant_and_no_details" time="0.021" /><testcase classname="tests.test_conflict_disclosure" name="test_conflict_is_audited_at_http_level" time="0.020" /><testcase classname="tests.test_contract_policy" name="test_policy_matches_the_frozen_contract" time="0.001" /><testcase classname="tests.test_contract_policy" name="test_every_contract_operation_has_a_policy" time="0.000" /><testcase classname="tests.test_contract_policy" name="test_unauthenticated_operations_are_a_closed_list_of_six" time="0.000" /><testcase classname="tests.test_contract_policy" name="test_reason_codes_is_the_only_role_exception" time="0.000" /><testcase classname="tests.test_contract_policy" name="test_unknown_operation_is_denied" time="0.002" /><testcase classname="tests.test_contract_policy" name="test_empty_policy_table_denies_everything" time="0.002" /><testcase classname="tests.test_contract_policy" name="test_roles_are_literal_with_no_inheritance" time="0.003" /><testcase classname="tests.test_contract_policy" name="test_customer_is_refused_reason_codes_and_staff_allowed" time="0.004" /><testcase classname="tests.test_contract_policy" name="test_customer_cannot_use_internal_endpoints" time="0.002" /><testcase classname="tests.test_contract_policy" name="test_staff_cannot_use_me_endpoints" time="0.002" /><testcase classname="tests.test_contract_policy" name="test_invalid_role_combination_detection" time="0.000" /><testcase classname="tests.test_contract_policy" name="test_separation_sensitive_operations_all_exist" time="0.001" /><testcase classname="tests.test_correction_001" name="test_an_authorized_staff_role_creates_a_party[ACC_ADMIN]" time="0.070" /><testcase classname="tests.test_correction_001" name="test_an_authorized_staff_role_creates_a_party[ACC_OPERATOR]" time="0.047" /><testcase classname="tests.test_correction_001" name="test_a_customer_is_refused_403" time="0.035" /><testcase classname="tests.test_correction_001" name="test_an_unauthenticated_caller_is_refused_401" time="0.034" /><testcase classname="tests.test_correction_001" name="test_a_reviewer_is_also_refused" time="0.033" /><testcase classname="tests.test_correction_001" name="test_a_refusal_creates_no_party_no_account_and_no_role[headers0]" time="0.036" /><testcase classname="tests.test_correction_001" name="test_a_refusal_creates_no_party_no_account_and_no_role[headers1]" time="0.038" /><testcase classname="tests.test_correction_001" name="test_a_refusal_claims_no_idempotency_record_in_its_own_scope" time="0.038" /><testcase classname="tests.test_correction_001" name="test_the_refusal_is_audited" time="0.034" /><testcase classname="tests.test_correction_001" name="test_idempotency_is_unchanged_for_an_authorized_caller" time="0.055" /><testcase classname="tests.test_correction_001" name="test_the_key_is_still_required" time="0.038" /><testcase classname="tests.test_correction_001" name="test_the_customer_may_still_create_their_own_request" time="0.002" /><testcase classname="tests.test_correction_001" name="test_the_correction_touched_exactly_one_operation" time="0.001" /><testcase classname="tests.test_correction_001" name="test_no_other_operation_lost_a_role" time="0.293" /><testcase classname="tests.test_correction_001" name="test_the_policy_table_still_matches_the_contract_as_corrected" time="0.002" /><testcase classname="tests.test_correction_001" name="test_the_frozen_contract_is_not_edited" time="0.002" /><testcase classname="tests.test_correction_001" name="test_a_correction_may_only_narrow" time="0.005" /><testcase classname="tests.test_correction_001" name="test_a_correction_must_name_a_decision" time="0.003" /><testcase classname="tests.test_correction_001" name="test_a_correction_cannot_empty_an_operation" time="0.003" /><testcase classname="tests.test_correction_001" name="test_the_committed_correction_describes_the_contract_as_it_stands" time="0.381" /><testcase classname="tests.test_correction_001" name="test_the_effective_contract_is_current" time="0.505" /><testcase classname="tests.test_correction_001" name="test_the_effective_contract_matches_the_policy_table" time="0.293" /><testcase classname="tests.test_correction_001" name="test_every_corrected_operation_carries_its_correction_identity" time="0.299" /><testcase classname="tests.test_correction_001" name="test_the_effective_contract_changes_nothing_else" time="0.658" /><testcase classname="tests.test_correction_001" name="test_annotations_appear_only_where_a_correction_names_them" time="0.671" /><testcase classname="tests.test_correction_001" name="test_the_adopted_workflow_is_recorded_in_the_effective_contract" time="0.296" /><testcase classname="tests.test_correction_001" name="test_the_api_inventory_is_generated_from_the_effective_contract" time="0.002" /><testcase classname="tests.test_dto_boundaries" name="test_dto_field_sets_are_exactly_the_allow_list[PublicPropertySummary-expected0]" time="0.001" /><testcase classname="tests.test_dto_boundaries" name="test_dto_field_sets_are_exactly_the_allow_list[PublicOfferSummary-expected1]" time="0.001" /><testcase classname="tests.test_dto_boundaries" name="test_dto_field_sets_are_exactly_the_allow_list[CustomerPropertyView-expected2]" time="0.000" /><testcase classname="tests.test_dto_boundaries" name="test_dto_field_sets_are_exactly_the_allow_list[CustomerRequestView-expected3]" time="0.000" /><testcase classname="tests.test_dto_boundaries" name="test_dto_field_sets_are_exactly_the_allow_list[CustomerPartyView-expected4]" time="0.000" /><testcase classname="tests.test_dto_boundaries" name="test_no_dto_declares_a_forbidden_field" time="0.000" /><testcase classname="tests.test_dto_boundaries" name="test_the_public_schema_matches_the_frozen_contract" time="0.000" /><testcase classname="tests.test_dto_boundaries" name="test_public_render_from_a_real_property_row_leaks_nothing" time="0.004" /><testcase classname="tests.test_dto_boundaries" name="test_public_offer_never_carries_seller_expectation" time="0.002" /><testcase classname="tests.test_dto_boundaries" name="test_customer_request_render_leaks_nothing" time="0.003" /><testcase classname="tests.test_dto_boundaries" name="test_price_is_redacted_when_visibility_is_not_public[ON_REQUEST]" time="0.003" /><testcase classname="tests.test_dto_boundaries" name="test_price_is_redacted_when_visibility_is_not_public[PRIVATE]" time="0.005" /><testcase classname="tests.test_dto_boundaries" name="test_public_price_is_shown_when_visibility_is_public" time="0.002" /><testcase classname="tests.test_dto_boundaries" name="test_constructing_a_dto_with_an_internal_field_is_an_error" time="0.000" /><testcase classname="tests.test_dto_boundaries" name="test_a_new_column_does_not_silently_reach_the_public_dto" time="0.002" /><testcase classname="tests.test_dto_boundaries" name="test_the_leak_detector_catches_a_nested_leak" time="0.000" /><testcase classname="tests.test_dto_boundaries" name="test_the_leak_detector_catches_a_leak_inside_a_list" time="0.000" /><testcase classname="tests.test_dto_boundaries" name="test_internal_audience_is_exempt" time="0.000" /><testcase classname="tests.test_dto_boundaries" name="test_summary_only_withholds_property_detail" time="0.002" /><testcase classname="tests.test_dto_boundaries" name="test_property_details_allowed_adds_the_customer_view" time="0.002" /><testcase classname="tests.test_dto_boundaries" name="test_contact_is_withheld_without_a_recorded_confirmation" time="0.002" /><testcase classname="tests.test_dto_boundaries" name="test_contact_is_released_after_a_recorded_confirmation" time="0.002" /><testcase classname="tests.test_dto_boundaries" name="test_no_scope_lifts_the_never_serialized_floor[SUMMARY_ONLY]" time="0.003" /><testcase classname="tests.test_dto_boundaries" name="test_no_scope_lifts_the_never_serialized_floor[PROPERTY_DETAILS_ALLOWED]" time="0.003" /><testcase classname="tests.test_dto_boundaries" name="test_no_scope_lifts_the_never_serialized_floor[CONTACT_AFTER_CONFIRMATION]" time="0.002" /><testcase classname="tests.test_dto_boundaries" name="test_customer_party_view_exposes_version" time="0.002" /><testcase classname="tests.test_error_contract" name="test_every_catalogued_code_has_one_status" time="0.000" /><testcase classname="tests.test_error_contract" name="test_required_fields_match_the_frozen_problem_schema" time="0.000" /><testcase classname="tests.test_error_contract" name="test_detail_refuses_implementation_and_sensitive_text[SELECT * FROM turab.requests]" time="0.000" /><testcase classname="tests.test_error_contract" name="test_detail_refuses_implementation_and_sensitive_text[psycopg.errors.UniqueViolation]" time="0.000" /><testcase classname="tests.test_error_contract" name="test_detail_refuses_implementation_and_sensitive_text[Traceback (most recent call last)]" time="0.000" /><testcase classname="tests.test_error_contract" name="test_detail_refuses_implementation_and_sensitive_text[relation turab.parties does not exist]" time="0.000" /><testcase classname="tests.test_error_contract" name="test_detail_refuses_implementation_and_sensitive_text[DETAIL: Key (id)=(1) already exists]" time="0.000" /><testcase classname="tests.test_error_contract" name="test_detail_refuses_implementation_and_sensitive_text[the OTP is 123456]" time="0.000" /><testcase classname="tests.test_error_contract" name="test_ordinary_detail_is_allowed" time="0.000" /><testcase classname="tests.test_error_contract" name="test_validation_errors_carry_field_errors_not_values" time="0.019" /><testcase classname="tests.test_error_contract" name="test_unknown_route_is_problem_json" time="0.055" /><testcase classname="tests.test_error_contract" name="test_method_not_allowed_is_problem_json" time="0.052" /><testcase classname="tests.test_error_contract" name="test_unauthenticated_is_a_coded_problem" time="0.016" /><testcase classname="tests.test_error_contract" name="test_an_unhandled_error_returns_a_code_and_a_trace_id" time="0.058" /><testcase classname="tests.test_error_contract" name="test_conflict_detail_is_a_fixed_string" time="0.000" /><testcase classname="tests.test_error_contract" name="test_transport_status_is_preserved_not_rewritten[/me/party-post-405]" time="0.051" /><testcase classname="tests.test_error_contract" name="test_transport_status_is_preserved_not_rewritten[/no/such/route-get-404]" time="0.143" /><testcase classname="tests.test_http_endpoints" name="test_no_token_is_401" time="0.016" /><testcase classname="tests.test_http_endpoints" name="test_garbage_token_is_401" time="0.016" /><testcase classname="tests.test_http_endpoints" name="test_unknown_account_is_401" time="0.016" /><testcase classname="tests.test_http_endpoints" name="test_customer_reads_own_request" time="0.019" /><testcase classname="tests.test_http_endpoints" name="test_another_customers_request_is_404_not_403" time="0.019" /><testcase classname="tests.test_http_endpoints" name="test_a_nonexistent_id_is_indistinguishable_from_an_unowned_one" time="0.023" /><testcase classname="tests.test_http_endpoints" name="test_customer_on_an_internal_endpoint_is_403" time="0.055" /><testcase classname="tests.test_http_endpoints" name="test_staff_on_a_me_endpoint_is_403" time="0.017" /><testcase classname="tests.test_http_endpoints" name="test_customer_reason_codes_is_403_staff_is_200" time="0.034" /><testcase classname="tests.test_http_endpoints" name="test_problem_responses_carry_the_required_fields" time="0.019" /><testcase classname="tests.test_http_endpoints" name="test_trace_id_is_echoed" time="0.018" /><testcase classname="tests.test_http_endpoints" name="test_problem_detail_never_leaks_database_text" time="0.019" /><testcase classname="tests.test_http_endpoints" name="test_denied_request_is_audited" time="0.019" /><testcase classname="tests.test_http_endpoints" name="test_list_endpoint_audits_once" time="0.021" /><testcase classname="tests.test_http_endpoints" name="test_generated_paths_exist_in_the_frozen_contract" time="0.115" /><testcase classname="tests.test_http_endpoints" name="test_health_and_ready_are_outside_the_contract" time="0.113" /><testcase classname="tests.test_idempotency" name="test_first_call_is_new" time="0.003" /><testcase classname="tests.test_idempotency" name="test_same_key_same_payload_replays_the_result" time="0.004" /><testcase classname="tests.test_idempotency" name="test_same_key_different_payload_is_a_conflict" time="0.004" /><testcase classname="tests.test_idempotency" name="test_key_order_does_not_change_the_hash" time="0.003" /><testcase classname="tests.test_idempotency" name="test_the_same_key_is_independent_per_actor" time="0.003" /><testcase classname="tests.test_idempotency" name="test_the_same_key_is_independent_per_route" time="0.003" /><testcase classname="tests.test_idempotency" name="test_a_claimed_but_incomplete_key_is_a_conflict" time="0.003" /><testcase classname="tests.test_idempotency" name="test_an_expired_record_is_replaced_not_replayed" time="0.005" /><testcase classname="tests.test_idempotency" name="test_a_missing_key_is_rejected[None]" time="0.001" /><testcase classname="tests.test_idempotency" name="test_a_missing_key_is_rejected[]" time="0.001" /><testcase classname="tests.test_idempotency" name="test_a_missing_key_is_rejected[   ]" time="0.001" /><testcase classname="tests.test_idempotency" name="test_an_overlong_key_is_rejected" time="0.001" /><testcase classname="tests.test_idempotency" name="test_the_record_lands_in_the_frozen_table" time="0.003" /><testcase classname="tests.test_inv1_claim_authority" name="test_single_claim_grants_authority" time="0.004" /><testcase classname="tests.test_inv1_claim_authority" name="test_two_distinct_claimants_grant_authority_to_nobody" time="0.009" /><testcase classname="tests.test_inv1_claim_authority" name="test_conflict_is_audited_and_surfaces_as_a_conflict" time="0.004" /><testcase classname="tests.test_inv1_claim_authority" name="test_duplicate_claim_rows_by_the_same_account_are_not_a_conflict" time="0.005" /><testcase classname="tests.test_inv1_claim_authority" name="test_claiming_an_assisted_record_succeeds" time="0.008" /><testcase classname="tests.test_inv1_claim_authority" name="test_second_claim_by_another_account_is_rejected" time="0.010" /><testcase classname="tests.test_inv1_claim_authority" name="test_replay_by_the_same_actor_is_idempotent" time="0.010" /><testcase classname="tests.test_inv1_claim_authority" name="test_claim_grants_authority_that_did_not_exist_before" time="0.009" /><testcase classname="tests.test_inv1_claim_authority" name="test_claiming_an_already_conflicted_resource_is_rejected" time="0.005" /><testcase classname="tests.test_inv1_claim_authority" name="test_a_self_managed_record_is_not_claimable" time="0.004" /><testcase classname="tests.test_inv1_claim_authority" name="test_claiming_an_unknown_resource_is_rejected" time="0.002" /><testcase classname="tests.test_inv1_claim_authority" name="test_requests_conflict_the_same_way_as_properties" time="0.003" /><testcase classname="tests.test_inv2_separation" name="test_granting_reviewer_to_an_operator_is_rejected" time="0.002" /><testcase classname="tests.test_inv2_separation" name="test_granting_operator_to_a_reviewer_is_rejected" time="0.002" /><testcase classname="tests.test_inv2_separation" name="test_rejected_grant_writes_nothing" time="0.002" /><testcase classname="tests.test_inv2_separation" name="test_valid_grants_are_allowed" time="0.003" /><testcase classname="tests.test_inv2_separation" name="test_the_fixture_data_holds_no_anomaly" time="0.003" /><testcase classname="tests.test_inv2_separation" name="test_anomaly_in_existing_data_is_detected" time="0.003" /><testcase classname="tests.test_inv2_separation" name="test_subject_carries_the_anomaly" time="0.003" /><testcase classname="tests.test_inv2_separation" name="test_separation_sensitive_actions_fail_closed[postMatchesMatchIdReview]" time="0.003" /><testcase classname="tests.test_inv2_separation" name="test_separation_sensitive_actions_fail_closed[postIdentityCandidatesCandidateIdReview]" time="0.003" /><testcase classname="tests.test_inv2_separation" name="test_separation_sensitive_actions_fail_closed[postObservations]" time="0.003" /><testcase classname="tests.test_inv2_separation" name="test_separation_sensitive_actions_fail_closed[postClaims]" time="0.003" /><testcase classname="tests.test_inv2_separation" name="test_separation_sensitive_actions_fail_closed[postOpportunitiesOpportunityIdShare]" time="0.003" /><testcase classname="tests.test_inv2_separation" name="test_separation_sensitive_actions_fail_closed[getAudit]" time="0.003" /><testcase classname="tests.test_inv2_separation" name="test_non_sensitive_operations_still_work_under_an_anomaly" time="0.003" /><testcase classname="tests.test_inv2_separation" name="test_the_anomaly_is_audited" time="0.003" /><testcase classname="tests.test_migrations" name="test_a_migration_rebuilds_an_empty_environment" time="0.997" /><testcase classname="tests.test_migrations" name="test_the_migrated_catalog_matches_the_static_audit[tables-SELECT count(*) FROM information_schema.tables WHERE table_schema='turab' AND table_type='BASE TABLE']" time="0.004" /><testcase classname="tests.test_migrations" name="test_the_migrated_catalog_matches_the_static_audit[types-SELECT count(*) FROM pg_type t JOIN pg_namespace n ON n.oid=t.typnamespace WHERE n.nspname='turab' AND t.typtype='e']" time="0.002" /><testcase classname="tests.test_migrations" name="test_the_migrated_catalog_matches_the_static_audit[functions-SELECT count(*) FROM pg_proc p JOIN pg_namespace n ON n.oid=p.pronamespace WHERE n.nspname='turab']" time="0.002" /><testcase classname="tests.test_migrations" name="test_the_migrated_catalog_matches_the_static_audit[triggers-SELECT count(*) FROM pg_trigger t JOIN pg_class c ON c.oid=t.tgrelid JOIN pg_namespace n ON n.oid=c.relnamespace WHERE n.nspname='turab' AND NOT t.tgisinternal]" time="0.002" /><testcase classname="tests.test_migrations" name="test_the_migrated_catalog_matches_the_static_audit[foreign_key_refs-SELECT count(*) FROM pg_constraint c JOIN pg_namespace n ON n.oid=c.connamespace WHERE n.nspname='turab' AND c.contype='f']" time="0.002" /><testcase classname="tests.test_migrations" name="test_the_migration_refuses_a_baseline_that_is_not_the_frozen_one" time="0.080" /><testcase classname="tests.test_migrations" name="test_the_declared_digest_is_the_frozen_one" time="0.001" /><testcase classname="tests.test_migrations" name="test_there_is_exactly_one_head" time="0.409" /><testcase classname="tests.test_migrations" name="test_autogenerate_is_refused" time="0.582" /><testcase classname="tests.test_migrations" name="test_env_declares_no_metadata_to_diff_against" time="0.001" /><testcase classname="tests.test_migrations" name="test_there_is_no_downgrade_from_the_baseline" time="0.001" /><testcase classname="tests.test_migrations" name="test_a_stamped_database_is_already_at_head" time="1.077" /><testcase classname="tests.test_migrations" name="test_upgrading_a_stamped_database_is_a_no_op" time="0.572" /><testcase classname="tests.test_migrations" name="test_the_dev_reset_script_stamps_through_the_guard" time="0.001" /><testcase classname="tests.test_migrations" name="test_the_migrated_database_is_structurally_identical_to_the_frozen_schema" time="0.565" /><testcase classname="tests.test_migrations" name="test_the_fingerprint_notices_a_changed_function_body" time="0.040" /><testcase classname="tests.test_migrations" name="test_the_version_table_is_pinned_to_public" time="0.002" /><testcase classname="tests.test_migrations" name="test_stamping_a_database_that_is_not_the_baseline_is_refused" time="1.627" /><testcase classname="tests.test_migrations" name="test_stamping_the_real_baseline_succeeds" time="2.456" /><testcase classname="tests.test_migrations" name="test_every_revision_id_fits_the_version_column" time="0.001" /><testcase classname="tests.test_migrations" name="test_the_closure_reason_migration_is_additive_and_re_runnable" time="0.755" /><testcase classname="tests.test_observability" name="test_records_are_json_with_the_expected_envelope" time="0.001" /><testcase classname="tests.test_observability" name="test_sensitive_keys_are_redacted[otp]" time="0.001" /><testcase classname="tests.test_observability" name="test_sensitive_keys_are_redacted[otp_code]" time="0.000" /><testcase classname="tests.test_observability" name="test_sensitive_keys_are_redacted[password]" time="0.001" /><testcase classname="tests.test_observability" name="test_sensitive_keys_are_redacted[token]" time="0.000" /><testcase classname="tests.test_observability" name="test_sensitive_keys_are_redacted[seller_expectation_dzd]" time="0.001" /><testcase classname="tests.test_observability" name="test_sensitive_keys_are_redacted[raw_text]" time="0.001" /><testcase classname="tests.test_observability" name="test_sensitive_keys_are_redacted[authorization]" time="0.001" /><testcase classname="tests.test_observability" name="test_sensitive_keys_are_redacted[notes]" time="0.001" /><testcase classname="tests.test_observability" name="test_redaction_reaches_nested_structures" time="0.000" /><testcase classname="tests.test_observability" name="test_redaction_reaches_inside_lists" time="0.000" /><testcase classname="tests.test_observability" name="test_exceptions_log_type_and_message_not_a_traceback" time="0.000" /><testcase classname="tests.test_observability" name="test_an_access_record_survives_redaction_intact" time="0.001" /><testcase classname="tests.test_observability" name="test_health_is_liveness_only" time="0.009" /><testcase classname="tests.test_observability" name="test_readiness_checks_the_database" time="0.009" /><testcase classname="tests.test_observability" name="test_readiness_reports_503_when_the_database_is_unreachable" time="0.014" /><testcase classname="tests.test_observability" name="test_probes_are_outside_the_api_contract" time="0.113" /><testcase classname="tests.test_slice1_bola" name="test_customer_cannot_patch_another_partys_record" time="0.048" /><testcase classname="tests.test_slice1_bola" name="test_customer_cannot_attach_a_phone_to_another_party" time="0.040" /><testcase classname="tests.test_slice1_bola" name="test_customer_cannot_grant_consent_on_another_party" time="0.036" /><testcase classname="tests.test_slice1_bola" name="test_customer_cannot_create_an_arbitrary_party" time="0.163" /><testcase classname="tests.test_slice1_bola" name="test_every_refusal_is_audited" time="0.036" /><testcase classname="tests.test_slice1_bola" name="test_customer_may_patch_their_own_party" time="0.043" /><testcase classname="tests.test_slice1_bola" name="test_customer_may_grant_consent_on_their_own_party" time="0.049" /><testcase classname="tests.test_slice1_bola" name="test_staff_may_act_on_any_party" time="0.044" /><testcase classname="tests.test_slice1_bola" name="test_staff_may_still_create_parties" time="0.048" /><testcase classname="tests.test_slice1_bola" name="test_a_customer_with_no_party_can_act_on_nothing" time="0.045" /><testcase classname="tests.test_slice1_bola" name="test_the_object_gate_on_party_creation_is_still_present" time="0.005" /><testcase classname="tests.test_slice1_http" name="test_operator_can_create_a_party" time="0.047" /><testcase classname="tests.test_slice1_http" name="test_customer_cannot_read_a_party_internally" time="0.052" /><testcase classname="tests.test_slice1_http" name="test_reviewer_can_read_but_not_create" time="0.056" /><testcase classname="tests.test_slice1_http" name="test_staff_read_of_a_party_is_audited" time="0.053" /><testcase classname="tests.test_slice1_http" name="test_unknown_party_is_404_for_staff" time="0.034" /><testcase classname="tests.test_slice1_http" name="test_missing_idempotency_key_is_rejected" time="0.039" /><testcase classname="tests.test_slice1_http" name="test_same_key_same_payload_replays" time="0.054" /><testcase classname="tests.test_slice1_http" name="test_same_key_different_payload_is_409" time="0.051" /><testcase classname="tests.test_slice1_http" name="test_a_replay_creates_no_second_row" time="0.054" /><testcase classname="tests.test_slice1_http" name="test_patch_requires_the_version_header" time="0.051" /><testcase classname="tests.test_slice1_http" name="test_patch_with_the_current_version_succeeds_and_bumps_it" time="0.055" /><testcase classname="tests.test_slice1_http" name="test_patch_with_a_stale_version_is_409_and_changes_nothing" time="0.070" /><testcase classname="tests.test_slice1_http" name="test_the_old_if_match_header_is_not_accepted" time="0.052" /><testcase classname="tests.test_slice1_http" name="test_patch_rejects_an_undeclared_field" time="0.066" /><testcase classname="tests.test_slice1_http" name="test_otp_is_unauthenticated_and_creates_nothing" time="0.044" /><testcase classname="tests.test_slice1_http" name="test_otp_verify_with_a_wrong_code_is_rejected" time="0.044" /><testcase classname="tests.test_slice1_http" name="test_challenge_id_is_the_providers_verification_id" time="0.038" /><testcase classname="tests.test_slice1_http" name="test_otp_verify_succeeds_end_to_end" time="0.049" /><testcase classname="tests.test_slice1_http" name="test_a_provider_outage_is_503_not_a_rejection" time="0.039" /><testcase classname="tests.test_slice1_http" name="test_otp_verify_with_an_unknown_challenge_is_indistinguishable" time="0.049" /><testcase classname="tests.test_slice1_http" name="test_customer_cannot_create_a_consent_binding" time="0.043" /><testcase classname="tests.test_slice1_http" name="test_customer_cannot_revoke_another_partys_consent" time="0.048" /><testcase classname="tests.test_slice1_http" name="test_all_slice1_operations_match_the_frozen_contract" time="0.115" /><testcase classname="tests.test_slice1_mandatory" name="test_verify_phone_control_creates_no_account" time="0.005" /><testcase classname="tests.test_slice1_mandatory" name="test_login_purpose_creates_no_account_when_none_exists" time="0.003" /><testcase classname="tests.test_slice1_mandatory" name="test_login_activates_an_existing_invited_account" time="0.005" /><testcase classname="tests.test_slice1_mandatory" name="test_login_does_not_resurrect_a_disabled_account[SUSPENDED]" time="0.004" /><testcase classname="tests.test_slice1_mandatory" name="test_login_does_not_resurrect_a_disabled_account[DISABLED]" time="0.004" /><testcase classname="tests.test_slice1_mandatory" name="test_one_phone_can_reach_two_parties_without_merging" time="0.008" /><testcase classname="tests.test_slice1_mandatory" name="test_the_same_number_in_a_different_format_is_the_same_contact_point" time="0.006" /><testcase classname="tests.test_slice1_mandatory" name="test_reusing_a_contact_point_does_not_transfer_its_verified_control" time="0.006" /><testcase classname="tests.test_slice1_mandatory" name="test_revoked_consent_cannot_bind" time="0.007" /><testcase classname="tests.test_slice1_mandatory" name="test_revocation_leaves_history_intact" time="0.007" /><testcase classname="tests.test_slice1_mandatory" name="test_revoking_twice_is_not_an_error" time="0.004" /><testcase classname="tests.test_slice1_mandatory" name="test_consent_of_party_a_cannot_bind_to_request_of_party_b" time="0.003" /><testcase classname="tests.test_slice1_mandatory" name="test_purpose_must_equal_the_granted_scope" time="0.144" /><testcase classname="tests.test_slice1_mandatory" name="test_property_binding_requires_an_active_party_property_relation" time="0.004" /><testcase classname="tests.test_slice1_mandatory" name="test_property_binding_succeeds_with_an_active_relation" time="0.004" /><testcase classname="tests.test_slice1_mandatory" name="test_an_expired_relation_does_not_authorize_a_property_binding" time="0.003" /><testcase classname="tests.test_slice1_mandatory" name="test_turab_stores_no_challenge_state" time="0.006" /><testcase classname="tests.test_slice1_mandatory" name="test_a_rejected_code_changes_nothing" time="0.002" /><testcase classname="tests.test_slice1_mandatory" name="test_an_unknown_verification_is_rejected" time="0.001" /><testcase classname="tests.test_slice1_mandatory" name="test_attempt_limits_belong_to_the_provider" time="0.002" /><testcase classname="tests.test_slice1_mandatory" name="test_an_unestablished_purpose_fails_closed" time="0.004" /><testcase classname="tests.test_slice1_mandatory" name="test_attaching_a_phone_to_a_party_creates_no_login_path" time="0.005" /><testcase classname="tests.test_slice1_mandatory" name="test_a_shared_line_does_not_authenticate_as_the_party_that_shares_it" time="0.005" /><testcase classname="tests.test_slice1_timeline" name="test_the_timeline_holds_only_that_partys_interactions" time="0.053" /><testcase classname="tests.test_slice1_timeline" name="test_an_orphaned_interaction_belongs_to_nobody" time="0.051" /><testcase classname="tests.test_slice1_timeline" name="test_a_party_with_no_interactions_gets_an_empty_page" time="0.038" /><testcase classname="tests.test_slice1_timeline" name="test_an_unknown_party_is_refused_not_answered_empty" time="0.036" /><testcase classname="tests.test_slice1_timeline" name="test_a_customer_cannot_read_any_timeline" time="0.033" /><testcase classname="tests.test_slice1_timeline" name="test_a_reviewer_may_read_it" time="0.046" /><testcase classname="tests.test_slice1_timeline" name="test_the_timeline_is_not_reachable_unauthenticated" time="0.033" /><testcase classname="tests.test_slice1_timeline" name="test_interaction_metadata_never_reaches_the_response" time="0.042" /><testcase classname="tests.test_slice1_timeline" name="test_the_item_field_set_is_exactly_the_allow_list" time="0.040" /><testcase classname="tests.test_slice1_timeline" name="test_a_new_column_does_not_silently_reach_the_response" time="0.007" /><testcase classname="tests.test_slice1_timeline" name="test_pages_partition_the_timeline_without_overlap" time="0.049" /><testcase classname="tests.test_slice1_timeline" name="test_the_ordering_is_total_so_pages_cannot_repeat_a_row" time="0.015" /><testcase classname="tests.test_slice1_timeline" name="test_pagination_outside_the_contracts_bounds_is_rejected[page=0]" time="0.033" /><testcase classname="tests.test_slice1_timeline" name="test_pagination_outside_the_contracts_bounds_is_rejected[page=-1]" time="0.038" /><testcase classname="tests.test_slice1_timeline" name="test_pagination_outside_the_contracts_bounds_is_rejected[page_size=0]" time="0.034" /><testcase classname="tests.test_slice1_timeline" name="test_pagination_outside_the_contracts_bounds_is_rejected[page_size=101]" time="0.034" /><testcase classname="tests.test_slice1_timeline" name="test_the_page_size_cap_is_the_contracts_maximum" time="0.043" /><testcase classname="tests.test_slice1_timeline" name="test_the_page_is_audited_once_not_per_row" time="0.041" /><testcase classname="tests.test_slice1_timeline" name="test_the_audit_records_the_query_shape_not_the_rows" time="0.042" /><testcase classname="tests.test_slice2_concurrency" name="test_two_patches_holding_the_same_version_yield_one_success_and_one_409" time="0.412" /><testcase classname="tests.test_slice2_concurrency" name="test_the_refused_patch_leaves_the_value_it_tried_to_write_absent" time="0.406" /><testcase classname="tests.test_slice2_concurrency" name="test_reconfirm_racing_a_close_does_not_reopen_the_closed_request" time="0.418" /><testcase classname="tests.test_slice2_concurrency" name="test_two_transitions_from_the_same_state_do_not_both_apply" time="0.403" /><testcase classname="tests.test_slice2_concurrency" name="test_the_staleness_pass_does_not_mark_a_concurrently_reconfirmed_request" time="0.408" /><testcase classname="tests.test_slice2_concurrency" name="test_the_staleness_pass_does_not_reopen_a_concurrently_closed_request" time="0.408" /><testcase classname="tests.test_slice2_http" name="test_a_customer_creates_their_own_request" time="0.069" /><testcase classname="tests.test_slice2_http" name="test_a_customer_cannot_create_a_request_for_another_party" time="0.064" /><testcase classname="tests.test_slice2_http" name="test_a_customer_cannot_create_an_assisted_record" time="0.059" /><testcase classname="tests.test_slice2_http" name="test_staff_create_an_assisted_unclaimed_record" time="0.069" /><testcase classname="tests.test_slice2_http" name="test_an_assisted_record_cannot_be_created_claimed" time="0.063" /><testcase classname="tests.test_slice2_http" name="test_the_rightful_claimant_converts_the_record_in_place" time="0.062" /><testcase classname="tests.test_slice2_http" name="test_an_account_of_a_different_party_cannot_claim" time="0.055" /><testcase classname="tests.test_slice2_http" name="test_a_shared_phone_does_not_make_one_party_the_other" time="0.058" /><testcase classname="tests.test_slice2_http" name="test_a_contact_point_of_another_account_does_not_prove_control" time="0.050" /><testcase classname="tests.test_slice2_http" name="test_two_concurrent_claims_produce_one_claim_and_no_ambiguity" time="0.016" /><testcase classname="tests.test_slice2_http" name="test_a_refused_attempt_does_not_block_the_rightful_claimant" time="0.064" /><testcase classname="tests.test_slice2_http" name="test_staff_roles_alone_do_not_confer_the_right_to_claim" time="0.276" /><testcase classname="tests.test_slice2_http" name="test_a_second_eligible_claim_is_still_rejected" time="0.072" /><testcase classname="tests.test_slice2_http" name="test_a_self_managed_record_is_not_claimable" time="0.053" /><testcase classname="tests.test_slice2_http" name="test_property_claiming_fails_closed" time="0.047" /><testcase classname="tests.test_slice2_http" name="test_the_three_commands_are_three_endpoints" time="0.107" /><testcase classname="tests.test_slice2_http" name="test_an_undefined_transition_is_refused_over_http" time="0.072" /><testcase classname="tests.test_slice2_http" name="test_a_stale_version_applies_nothing" time="0.097" /><testcase classname="tests.test_slice2_http" name="test_a_customer_cannot_command_another_partys_request" time="0.077" /><testcase classname="tests.test_slice2_http" name="test_a_customer_cannot_read_a_request_internally" time="0.057" /><testcase classname="tests.test_slice2_http" name="test_staff_read_carries_derived_freshness" time="0.061" /><testcase classname="tests.test_slice2_http" name="test_the_staff_read_is_audited" time="0.061" /><testcase classname="tests.test_slice2_http" name="test_an_unknown_criterion_code_is_a_typed_error" time="0.074" /><testcase classname="tests.test_slice2_http" name="test_the_contracts_criterion_id_is_accepted" time="0.094" /><testcase classname="tests.test_slice2_http" name="test_changing_a_criterion_does_not_duplicate_it" time="0.103" /><testcase classname="tests.test_slice2_http" name="test_changing_a_criterion_bumps_the_request_version" time="0.110" /><testcase classname="tests.test_slice2_http" name="test_a_criterion_id_from_another_request_is_refused" time="0.110" /><testcase classname="tests.test_slice2_http" name="test_an_unknown_criterion_id_is_refused" time="0.073" /><testcase classname="tests.test_slice2_http" name="test_re_adding_the_same_slot_points_at_the_change_path" time="0.090" /><testcase classname="tests.test_slice2_http" name="test_the_change_is_recorded_with_its_previous_value" time="0.105" /><testcase classname="tests.test_slice2_http" name="test_a_null_non_nullable_field_is_a_422_not_a_500" time="0.078" /><testcase classname="tests.test_slice2_http" name="test_an_unknown_enum_value_is_a_422_not_a_500" time="0.079" /><testcase classname="tests.test_slice2_http" name="test_an_incoherent_budget_pair_is_refused_on_create" time="0.060" /><testcase classname="tests.test_slice2_http" name="test_the_budget_pair_is_checked_on_the_merged_values" time="0.088" /><testcase classname="tests.test_slice2_http" name="test_a_refused_input_consumes_no_idempotency_key" time="0.336" /><testcase classname="tests.test_slice2_http" name="test_a_refused_input_leaks_no_database_text" time="0.080" /><testcase classname="tests.test_slice2_mandatory" name="test_recording_an_interest_creates_no_request" time="0.003" /><testcase classname="tests.test_slice2_mandatory" name="test_no_application_code_creates_a_request_from_an_interest" time="0.002" /><testcase classname="tests.test_slice2_mandatory" name="test_adding_a_criterion_bumps_the_request_version" time="0.008" /><testcase classname="tests.test_slice2_mandatory" name="test_the_criterion_is_actually_stored" time="0.008" /><testcase classname="tests.test_slice2_mandatory" name="test_importance_is_restricted_to_the_three_declared_values" time="0.003" /><testcase classname="tests.test_slice2_mandatory" name="test_no_code_path_rewrites_importance_from_an_inference" time="0.011" /><testcase classname="tests.test_slice2_mandatory" name="test_patch_cannot_reach_importance_fields" time="0.003" /><testcase classname="tests.test_slice2_mandatory" name="test_the_threshold_comes_from_the_active_policy_not_from_code" time="0.003" /><testcase classname="tests.test_slice2_mandatory" name="test_a_request_past_the_window_is_stale" time="0.005" /><testcase classname="tests.test_slice2_mandatory" name="test_a_stale_active_request_becomes_needs_confirmation" time="0.016" /><testcase classname="tests.test_slice2_mandatory" name="test_a_fresh_request_is_left_alone" time="0.014" /><testcase classname="tests.test_slice2_mandatory" name="test_only_active_requests_are_moved" time="0.006" /><testcase classname="tests.test_slice2_mandatory" name="test_a_never_confirmed_request_is_not_stale" time="0.004" /><testcase classname="tests.test_slice2_mandatory" name="test_a_missing_policy_is_an_error_not_a_default" time="0.002" /><testcase classname="tests.test_slice2_mandatory" name="test_the_management_pair_is_refused_when_incoherent[ASSISTED-CLAIMED]" time="0.001" /><testcase classname="tests.test_slice2_mandatory" name="test_the_management_pair_is_refused_when_incoherent[SELF_MANAGED-UNCLAIMED]" time="0.001" /><testcase classname="tests.test_slice2_mandatory" name="test_the_management_pair_is_refused_when_incoherent[SHARED_MANAGEMENT-UNCLAIMED]" time="0.001" /><testcase classname="tests.test_slice2_mandatory" name="test_the_database_refuses_it_too" time="0.002" /><testcase classname="tests.test_slice2_mandatory" name="test_an_assisted_request_is_created_unclaimed" time="0.003" /><testcase classname="tests.test_slice2_mandatory" name="test_a_data_update_does_not_touch_status_or_confirmation" time="0.007" /><testcase classname="tests.test_slice2_mandatory" name="test_a_state_transition_does_not_touch_the_data_or_confirmation" time="0.007" /><testcase classname="tests.test_slice2_mandatory" name="test_a_reconfirmation_does_not_change_what_the_buyer_wants" time="0.007" /><testcase classname="tests.test_slice2_mandatory" name="test_reconfirming_returns_a_needs_confirmation_request_to_active" time="0.020" /><testcase classname="tests.test_slice2_mandatory" name="test_the_documented_path_works_end_to_end" time="0.013" /><testcase classname="tests.test_slice2_mandatory" name="test_an_undefined_transition_is_refused_not_guessed[ACTIVE]" time="0.003" /><testcase classname="tests.test_slice2_mandatory" name="test_an_undefined_transition_is_refused_not_guessed[CLOSED]" time="0.003" /><testcase classname="tests.test_slice2_mandatory" name="test_an_undefined_transition_is_refused_not_guessed[PAUSED]" time="0.003" /><testcase classname="tests.test_slice2_mandatory" name="test_reactivation_is_the_explicit_command_itself" time="0.025" /><testcase classname="tests.test_slice2_mandatory" name="test_reactivation_does_not_refresh_the_confirmation" time="0.024" /><testcase classname="tests.test_slice2_mandatory" name="test_a_stale_paused_request_cannot_be_reactivated" time="0.020" /><testcase classname="tests.test_slice2_mandatory" name="test_a_never_confirmed_paused_request_cannot_be_reactivated" time="0.017" /><testcase classname="tests.test_slice2_mandatory" name="test_reconfirm_then_reactivate_is_the_two_step_path" time="0.027" /><testcase classname="tests.test_slice2_mandatory" name="test_the_freshness_check_on_reactivation_reads_the_active_policy" time="0.024" /><testcase classname="tests.test_slice2_mandatory" name="test_a_future_confirmation_is_refused" time="0.005" /><testcase classname="tests.test_slice2_mandatory" name="test_a_historical_confirmation_is_still_accepted" time="0.007" /><testcase classname="tests.test_slice2_mandatory" name="test_reconfirming_does_not_resurrect_a_paused_or_closed_request" time="0.022" /><testcase classname="tests.test_slice2_mandatory" name="test_an_active_request_may_be_paused_or_closed_directly[PAUSED]" time="0.018" /><testcase classname="tests.test_slice2_mandatory" name="test_an_active_request_may_be_paused_or_closed_directly[CLOSED]" time="0.019" /><testcase classname="tests.test_slice2_mandatory" name="test_closing_records_the_reason_and_the_moment" time="0.019" /><testcase classname="tests.test_slice2_mandatory" name="test_a_typed_update_records_who_said_what_and_when" time="0.007" /><testcase classname="tests.test_slice2_mandatory" name="test_each_changed_field_gets_its_own_claim" time="0.008" /><testcase classname="tests.test_slice2_mandatory" name="test_one_update_is_one_observation" time="0.007" /><testcase classname="tests.test_slice2_mandatory" name="test_a_state_change_is_also_recorded" time="0.007" /><testcase classname="tests.test_slice2_mandatory" name="test_the_adopted_closure_reasons_exist" time="0.002" /><testcase classname="tests.test_slice2_mandatory" name="test_closing_requires_a_reason" time="0.013" /><testcase classname="tests.test_slice2_mandatory" name="test_a_reason_from_another_category_is_refused[OTHER]" time="0.013" /><testcase classname="tests.test_slice2_mandatory" name="test_a_reason_from_another_category_is_refused[BUYER_REJECTED]" time="0.013" /><testcase classname="tests.test_slice2_mandatory" name="test_a_reason_from_another_category_is_refused[REQUEST_STALE]" time="0.013" /><testcase classname="tests.test_slice2_mandatory" name="test_the_other_closure_reason_requires_a_note" time="0.018" /><testcase classname="tests.test_slice2_mandatory" name="test_closing_is_not_a_substitute_for_staleness_or_pausing" time="0.001" /><testcase classname="tests.test_slice2_mandatory" name="test_a_self_service_change_is_attributed_to_the_party" time="0.006" /><testcase classname="tests.test_slice2_mandatory" name="test_a_staff_recorded_change_asserts_nothing_about_the_party" time="0.007" /><testcase classname="tests.test_slice2_mandatory" name="test_the_absence_of_a_source_is_recorded_as_such" time="0.007" /><testcase classname="tests.test_slice2_mandatory" name="test_a_recorded_source_is_carried_when_one_exists" time="0.007" /><testcase classname="tests.test_slice2_mandatory" name="test_the_previous_value_is_recorded" time="0.007" /><testcase classname="tests.test_slice2_mandatory" name="test_no_update_raises_the_verification_level" time="0.010" /><testcase classname="tests.test_slice2_mandatory" name="test_the_freshness_command_moves_stale_requests" time="0.541" /><testcase classname="tests.test_slice2_mandatory" name="test_running_it_twice_moves_nothing_the_second_time" time="1.041" /><testcase classname="tests.test_slice2_mandatory" name="test_a_reconfirmed_request_is_left_alone_by_the_pass" time="0.561" /><testcase classname="tests.test_slice2_mandatory" name="test_the_dry_run_changes_nothing" time="0.549" /><testcase classname="tests.test_slice2_mandatory" name="test_nothing_in_the_application_calls_the_pass_by_itself" time="0.002" /><testcase classname="tests.test_slice2_stop_gate_b" name="test_stop_gate_b_a_staff_operator_can_understand_the_request" time="0.202" /><testcase classname="tests.test_slice2_stop_gate_b" name="test_the_gate_scenario_would_fail_if_importance_were_not_carried" time="0.072" /><testcase classname="tests.test_transaction_audit_context" name="test_write_without_an_actor_is_refused" time="0.001" /><testcase classname="tests.test_transaction_audit_context" name="test_actor_and_context_are_visible_to_the_audit_trigger" time="0.003" /><testcase classname="tests.test_transaction_audit_context" name="test_a_write_inside_the_wrapper_is_attributed" time="0.004" /><testcase classname="tests.test_version_consistency" name="test_the_adopted_package_is_version_consistent" time="0.298" /><testcase classname="tests.test_version_consistency" name="test_a_consistent_package_passes" time="0.305" /><testcase classname="tests.test_version_consistency" name="test_drift_in_any_single_place_is_caught[schema_metadata-schema_metadata.schema_version]" time="0.320" /><testcase classname="tests.test_version_consistency" name="test_drift_in_any_single_place_is_caught[schema_header-schema header]" time="0.580" /><testcase classname="tests.test_version_consistency" name="test_drift_in_any_single_place_is_caught[seed_header-seed header]" time="0.297" /><testcase classname="tests.test_version_consistency" name="test_drift_in_any_single_place_is_caught[openapi_info-openapi info.version]" time="0.296" /><testcase classname="tests.test_version_consistency" name="test_drift_in_any_single_place_is_caught[manifest_baseline-HANDOFF_MANIFEST.technical_baseline]" time="0.296" /><testcase classname="tests.test_version_consistency" name="test_drift_in_any_single_place_is_caught[schema_filename-filename]" time="0.571" /><testcase classname="tests.test_version_consistency" name="test_a_missing_artifact_is_an_error" time="0.297" /></testsuite></testsuites>