<?xml version="1.0" encoding="utf-8"?><testsuites name="pytest tests"><testsuite name="pytest" errors="0" failures="0" skipped="0" tests="913" time="75.713" timestamp="2026-09-24T10:06:36.561708+00:00" hostname="vm"><testcase classname="tests.test_architecture" name="test_there_are_route_modules_to_check" time="0.001" /><testcase classname="tests.test_architecture" name="test_routes_do_not_import_sessions_or_repositories[records.py]" time="0.001" /><testcase classname="tests.test_architecture" name="test_routes_do_not_import_sessions_or_repositories[internal.py]" time="0.001" /><testcase classname="tests.test_architecture" name="test_routes_do_not_import_sessions_or_repositories[consents.py]" time="0.002" /><testcase classname="tests.test_architecture" name="test_routes_do_not_import_sessions_or_repositories[requests.py]" time="0.007" /><testcase classname="tests.test_architecture" name="test_routes_do_not_import_sessions_or_repositories[auth.py]" time="0.001" /><testcase classname="tests.test_architecture" name="test_routes_do_not_import_sessions_or_repositories[offers.py]" time="0.004" /><testcase classname="tests.test_architecture" name="test_routes_do_not_import_sessions_or_repositories[external_leads.py]" time="0.002" /><testcase classname="tests.test_architecture" name="test_routes_do_not_import_sessions_or_repositories[properties.py]" time="0.003" /><testcase classname="tests.test_architecture" name="test_routes_do_not_import_sessions_or_repositories[parties.py]" time="0.004" /><testcase classname="tests.test_architecture" name="test_routes_do_not_import_sessions_or_repositories[me.py]" time="0.002" /><testcase classname="tests.test_architecture" name="test_routes_do_not_import_sessions_or_repositories[relations.py]" time="0.002" /><testcase classname="tests.test_architecture" name="test_authorization_sql_never_reads_party_property_relations" time="0.016" /><testcase classname="tests.test_architecture" name="test_the_relations_check_would_catch_a_violation" time="0.004" /><testcase classname="tests.test_architecture" name="test_no_loader_accepts_an_id_without_a_subject" time="0.003" /><testcase classname="tests.test_architecture" name="test_routes_reach_data_only_through_the_access_service" time="0.022" /><testcase classname="tests.test_architecture" name="test_nothing_writes_to_the_frozen_contract" time="0.002" /><testcase classname="tests.test_architecture" name="test_there_are_command_routes_to_check" time="0.021" /><testcase classname="tests.test_architecture" name="test_every_command_route_performs_an_object_check[records.py]" time="0.001" /><testcase classname="tests.test_architecture" name="test_every_command_route_performs_an_object_check[internal.py]" time="0.001" /><testcase classname="tests.test_architecture" name="test_every_command_route_performs_an_object_check[consents.py]" time="0.002" /><testcase classname="tests.test_architecture" name="test_every_command_route_performs_an_object_check[requests.py]" time="0.006" /><testcase classname="tests.test_architecture" name="test_every_command_route_performs_an_object_check[auth.py]" time="0.001" /><testcase classname="tests.test_architecture" name="test_every_command_route_performs_an_object_check[offers.py]" time="0.004" /><testcase classname="tests.test_architecture" name="test_every_command_route_performs_an_object_check[external_leads.py]" time="0.002" /><testcase classname="tests.test_architecture" name="test_every_command_route_performs_an_object_check[properties.py]" time="0.003" /><testcase classname="tests.test_architecture" name="test_every_command_route_performs_an_object_check[parties.py]" time="0.004" /><testcase classname="tests.test_architecture" name="test_every_command_route_performs_an_object_check[me.py]" time="0.001" /><testcase classname="tests.test_architecture" name="test_every_command_route_performs_an_object_check[relations.py]" time="0.002" /><testcase classname="tests.test_architecture" name="test_the_guard_check_is_not_vacuous" time="0.021" /><testcase classname="tests.test_audit" name="test_staff_read_of_an_individual_resource_is_audited" time="2.494" /><testcase classname="tests.test_audit" name="test_customer_self_read_is_not_audited_as_a_staff_read" time="0.005" /><testcase classname="tests.test_audit" name="test_denials_are_audited_for_every_actor_class" time="0.004" /><testcase classname="tests.test_audit" name="test_a_list_is_audited_once_not_per_row" time="0.002" /><testcase classname="tests.test_audit" name="test_public_and_master_data_reads_are_not_audited[getLocations]" time="0.002" /><testcase classname="tests.test_audit" name="test_public_and_master_data_reads_are_not_audited[getMasterCriterionDefinitions]" time="0.002" /><testcase classname="tests.test_audit" name="test_public_and_master_data_reads_are_not_audited[getPublicProperties]" time="0.002" /><testcase classname="tests.test_audit" name="test_public_and_master_data_reads_are_not_audited[getReasonCodes]" time="0.002" /><testcase classname="tests.test_audit" name="test_audit_metadata_cannot_carry_sensitive_payloads[seller_expectation_dzd]" time="0.001" /><testcase classname="tests.test_audit" name="test_audit_metadata_cannot_carry_sensitive_payloads[raw_text]" time="0.001" /><testcase classname="tests.test_audit" name="test_audit_metadata_cannot_carry_sensitive_payloads[otp_code]" time="0.001" /><testcase classname="tests.test_audit" name="test_audit_metadata_cannot_carry_sensitive_payloads[dto]" time="0.001" /><testcase classname="tests.test_audit" name="test_audit_metadata_cannot_carry_sensitive_payloads[permission_snapshot]" time="0.001" /><testcase classname="tests.test_audit" name="test_audit_metadata_cannot_carry_sensitive_payloads[notes]" time="0.001" /><testcase classname="tests.test_audit" name="test_access_records_carry_references_not_content" time="0.005" /><testcase classname="tests.test_authorization_integration" name="test_subject_reads_party_and_roles_from_the_database" time="0.002" /><testcase classname="tests.test_authorization_integration" name="test_staff_account_has_no_party" time="0.002" /><testcase classname="tests.test_authorization_integration" name="test_non_activated_account_resolves_to_no_authority[DISABLED]" time="0.004" /><testcase classname="tests.test_authorization_integration" name="test_non_activated_account_resolves_to_no_authority[SUSPENDED]" time="0.003" /><testcase classname="tests.test_authorization_integration" name="test_non_activated_account_resolves_to_no_authority[INVITED]" time="0.003" /><testcase classname="tests.test_authorization_integration" name="test_unknown_account_is_not_resolvable" time="0.002" /><testcase classname="tests.test_authorization_integration" name="test_customer_reads_own_claimed_request" time="0.003" /><testcase classname="tests.test_authorization_integration" name="test_customer_cannot_read_another_customers_request" time="0.003" /><testcase classname="tests.test_authorization_integration" name="test_party_match_alone_is_not_enough_for_an_assisted_request" time="0.005" /><testcase classname="tests.test_authorization_integration" name="test_customer_with_no_party_is_refused" time="0.003" /><testcase classname="tests.test_authorization_integration" name="test_relationship_alone_never_grants_property_access" time="0.006" /><testcase classname="tests.test_authorization_integration" name="test_claim_event_grants_property_access" time="0.004" /><testcase classname="tests.test_authorization_integration" name="test_property_authority_is_account_scoped_not_party_scoped" time="0.006" /><testcase classname="tests.test_authorization_integration" name="test_expired_relation_does_not_revoke_a_claimed_owner" time="0.004" /><testcase classname="tests.test_authorization_integration" name="test_orphan_property_with_null_creator_matches_nobody" time="0.008" /><testcase classname="tests.test_authorization_integration" name="test_assisted_unclaimed_property_has_no_authorized_customer" time="0.006" /><testcase classname="tests.test_authorization_integration" name="test_alias_resolves_to_canonical_before_the_authority_check" time="0.007" /><testcase classname="tests.test_authorization_integration" name="test_offer_creator_is_authorized" time="0.005" /><testcase classname="tests.test_authorization_integration" name="test_claimant_reads_own_offer_on_claimed_property" time="0.003" /><testcase classname="tests.test_authorization_integration" name="test_property_claim_does_not_open_another_partys_offer" time="0.004" /><testcase classname="tests.test_authorization_integration" name="test_offer_party_match_alone_never_grants" time="0.004" /><testcase classname="tests.test_authorization_integration" name="test_relations_never_grant_offer_access" time="0.003" /><testcase classname="tests.test_authorization_integration" name="test_unclaimed_parent_blocks_condition_two" time="0.004" /><testcase classname="tests.test_authorization_integration" name="test_unknown_opportunity_is_refused" time="0.003" /><testcase classname="tests.test_authorization_integration" name="test_cross_account_uuid_access_is_refused_for_every_resource" time="0.007" /><testcase classname="tests.test_concurrency" name="test_header_name_follows_the_openapi_contract" time="0.000" /><testcase classname="tests.test_concurrency" name="test_parse_accepts_a_version_integer[1-1]" time="0.000" /><testcase classname="tests.test_concurrency" name="test_parse_accepts_a_version_integer[42-42]" time="0.000" /><testcase classname="tests.test_concurrency" name="test_parse_accepts_a_version_integer[ 7 -7]" time="0.000" /><testcase classname="tests.test_concurrency" name="test_etag_forms_are_no_longer_accepted[&quot;7&quot;]" time="0.000" /><testcase classname="tests.test_concurrency" name="test_etag_forms_are_no_longer_accepted[W/&quot;3&quot;]" time="0.000" /><testcase classname="tests.test_concurrency" name="test_the_old_if_match_alias_is_gone" time="0.000" /><testcase classname="tests.test_concurrency" name="test_a_missing_header_is_rejected[None]" time="0.000" /><testcase classname="tests.test_concurrency" name="test_a_missing_header_is_rejected[]" time="0.000" /><testcase classname="tests.test_concurrency" name="test_a_missing_header_is_rejected[   ]" time="0.000" /><testcase classname="tests.test_concurrency" name="test_a_malformed_header_is_rejected[abc]" time="0.000" /><testcase classname="tests.test_concurrency" name="test_a_malformed_header_is_rejected[1.5]" time="0.000" /><testcase classname="tests.test_concurrency" name="test_a_malformed_header_is_rejected[-1]" time="0.000" /><testcase classname="tests.test_concurrency" name="test_a_malformed_header_is_rejected[0]" time="0.000" /><testcase classname="tests.test_concurrency" name="test_matching_version_passes" time="0.002" /><testcase classname="tests.test_concurrency" name="test_stale_version_is_rejected" time="0.002" /><testcase classname="tests.test_concurrency" name="test_a_concurrent_bump_makes_the_held_version_stale" time="0.005" /><testcase classname="tests.test_concurrency" name="test_an_unknown_resource_is_stale_not_a_crash" time="0.002" /><testcase classname="tests.test_concurrency" name="test_parties_is_now_versioned" time="0.002" /><testcase classname="tests.test_concurrency" name="test_updating_a_party_bumps_its_version" time="0.003" /><testcase classname="tests.test_concurrency" name="test_the_parties_version_check_constraint_holds" time="0.002" /><testcase classname="tests.test_concurrency" name="test_a_client_cannot_forge_a_party_version" time="0.003" /><testcase classname="tests.test_concurrency" name="test_every_versioned_table_really_has_a_version_column[parties]" time="0.006" /><testcase classname="tests.test_concurrency" name="test_every_versioned_table_really_has_a_version_column[properties]" time="0.004" /><testcase classname="tests.test_concurrency" name="test_every_versioned_table_really_has_a_version_column[property_offers]" time="0.003" /><testcase classname="tests.test_concurrency" name="test_every_versioned_table_really_has_a_version_column[requests]" time="0.003" /><testcase classname="tests.test_conflict_disclosure" name="test_conflicting_claimant_is_told" time="0.004" /><testcase classname="tests.test_conflict_disclosure" name="test_the_other_claimant_is_also_told" time="0.004" /><testcase classname="tests.test_conflict_disclosure" name="test_authorized_staff_are_told[ACC_OPERATOR]" time="0.004" /><testcase classname="tests.test_conflict_disclosure" name="test_authorized_staff_are_told[ACC_REVIEWER]" time="0.004" /><testcase classname="tests.test_conflict_disclosure" name="test_authorized_staff_are_told[ACC_ADMIN]" time="0.004" /><testcase classname="tests.test_conflict_disclosure" name="test_an_unrelated_customer_is_not_told" time="0.004" /><testcase classname="tests.test_conflict_disclosure" name="test_audit_is_full_even_when_the_caller_is_told_nothing" time="0.003" /><testcase classname="tests.test_conflict_disclosure" name="test_audit_marks_when_the_caller_was_told" time="0.004" /><testcase classname="tests.test_conflict_disclosure" name="test_http_claimant_gets_409" time="0.160" /><testcase classname="tests.test_conflict_disclosure" name="test_http_staff_gets_409" time="0.026" /><testcase classname="tests.test_conflict_disclosure" name="test_http_unrelated_customer_gets_404" time="0.027" /><testcase classname="tests.test_conflict_disclosure" name="test_the_409_body_discloses_no_claimant_and_no_details" time="0.027" /><testcase classname="tests.test_conflict_disclosure" name="test_conflict_is_audited_at_http_level" time="0.022" /><testcase classname="tests.test_contract_policy" name="test_policy_matches_the_frozen_contract" time="0.001" /><testcase classname="tests.test_contract_policy" name="test_every_contract_operation_has_a_policy" time="0.000" /><testcase classname="tests.test_contract_policy" name="test_unauthenticated_operations_are_a_closed_list_of_six" time="0.000" /><testcase classname="tests.test_contract_policy" name="test_reason_codes_is_the_only_role_exception" time="0.000" /><testcase classname="tests.test_contract_policy" name="test_unknown_operation_is_denied" time="0.002" /><testcase classname="tests.test_contract_policy" name="test_empty_policy_table_denies_everything" time="0.002" /><testcase classname="tests.test_contract_policy" name="test_roles_are_literal_with_no_inheritance" time="0.003" /><testcase classname="tests.test_contract_policy" name="test_customer_is_refused_reason_codes_and_staff_allowed" time="0.005" /><testcase classname="tests.test_contract_policy" name="test_customer_cannot_use_internal_endpoints" time="0.002" /><testcase classname="tests.test_contract_policy" name="test_staff_cannot_use_me_endpoints" time="0.002" /><testcase classname="tests.test_contract_policy" name="test_invalid_role_combination_detection" time="0.000" /><testcase classname="tests.test_contract_policy" name="test_separation_sensitive_operations_all_exist" time="0.001" /><testcase classname="tests.test_correction_001" name="test_an_authorized_staff_role_creates_a_party[ACC_ADMIN]" time="0.068" /><testcase classname="tests.test_correction_001" name="test_an_authorized_staff_role_creates_a_party[ACC_OPERATOR]" time="0.050" /><testcase classname="tests.test_correction_001" name="test_a_customer_is_refused_403" time="0.033" /><testcase classname="tests.test_correction_001" name="test_an_unauthenticated_caller_is_refused_401" time="0.032" /><testcase classname="tests.test_correction_001" name="test_a_reviewer_is_also_refused" time="0.038" /><testcase classname="tests.test_correction_001" name="test_a_refusal_creates_no_party_no_account_and_no_role[headers0]" time="0.038" /><testcase classname="tests.test_correction_001" name="test_a_refusal_creates_no_party_no_account_and_no_role[headers1]" time="0.032" /><testcase classname="tests.test_correction_001" name="test_a_refusal_claims_no_idempotency_record_in_its_own_scope" time="0.034" /><testcase classname="tests.test_correction_001" name="test_the_refusal_is_audited" time="0.033" /><testcase classname="tests.test_correction_001" name="test_idempotency_is_unchanged_for_an_authorized_caller" time="0.044" /><testcase classname="tests.test_correction_001" name="test_the_key_is_still_required" time="0.035" /><testcase classname="tests.test_correction_001" name="test_the_customer_may_still_create_their_own_request" time="0.002" /><testcase classname="tests.test_correction_001" name="test_the_correction_touched_exactly_one_operation" time="0.001" /><testcase classname="tests.test_correction_001" name="test_no_other_operation_lost_a_role" time="0.326" /><testcase classname="tests.test_correction_001" name="test_the_policy_table_still_matches_the_contract_as_corrected" time="0.002" /><testcase classname="tests.test_correction_001" name="test_the_frozen_contract_is_not_edited" time="0.002" /><testcase classname="tests.test_correction_001" name="test_a_correction_may_only_narrow" time="0.004" /><testcase classname="tests.test_correction_001" name="test_a_correction_must_name_a_decision" time="0.003" /><testcase classname="tests.test_correction_001" name="test_a_correction_cannot_empty_an_operation" time="0.003" /><testcase classname="tests.test_correction_001" name="test_the_committed_correction_describes_the_contract_as_it_stands" time="0.257" /><testcase classname="tests.test_correction_001" name="test_the_effective_contract_is_current" time="0.720" /><testcase classname="tests.test_correction_001" name="test_the_effective_contract_matches_the_policy_table" time="0.343" /><testcase classname="tests.test_correction_001" name="test_every_added_operation_carries_its_addendum_identity" time="0.262" /><testcase classname="tests.test_correction_001" name="test_no_added_operation_exists_in_the_frozen_package" time="0.264" /><testcase classname="tests.test_correction_001" name="test_every_corrected_operation_carries_its_correction_identity" time="0.333" /><testcase classname="tests.test_correction_001" name="test_the_effective_contract_changes_nothing_else" time="0.502" /><testcase classname="tests.test_correction_001" name="test_annotations_appear_only_where_a_correction_names_them" time="0.625" /><testcase classname="tests.test_correction_001" name="test_the_adopted_workflow_is_recorded_in_the_effective_contract" time="0.346" /><testcase classname="tests.test_correction_001" name="test_the_api_inventory_is_generated_from_the_effective_contract" time="0.002" /><testcase classname="tests.test_correction_001" name="test_the_parity_check_fails_on_the_documents_that_shipped_in_0a66f8e" time="0.667" /><testcase classname="tests.test_dto_boundaries" name="test_dto_field_sets_are_exactly_the_allow_list[PublicPropertySummary-expected0]" time="0.001" /><testcase classname="tests.test_dto_boundaries" name="test_dto_field_sets_are_exactly_the_allow_list[PublicOfferSummary-expected1]" time="0.000" /><testcase classname="tests.test_dto_boundaries" name="test_dto_field_sets_are_exactly_the_allow_list[CustomerPropertyView-expected2]" time="0.000" /><testcase classname="tests.test_dto_boundaries" name="test_dto_field_sets_are_exactly_the_allow_list[CustomerRequestView-expected3]" time="0.000" /><testcase classname="tests.test_dto_boundaries" name="test_dto_field_sets_are_exactly_the_allow_list[CustomerPartyView-expected4]" time="0.000" /><testcase classname="tests.test_dto_boundaries" name="test_no_dto_declares_a_forbidden_field" time="0.000" /><testcase classname="tests.test_dto_boundaries" name="test_the_public_schema_matches_the_frozen_contract" time="0.000" /><testcase classname="tests.test_dto_boundaries" name="test_public_render_from_a_real_property_row_leaks_nothing" time="0.003" /><testcase classname="tests.test_dto_boundaries" name="test_public_offer_never_carries_seller_expectation" time="0.002" /><testcase classname="tests.test_dto_boundaries" name="test_customer_request_render_leaks_nothing" time="0.002" /><testcase classname="tests.test_dto_boundaries" name="test_price_is_redacted_when_visibility_is_not_public[ON_REQUEST]" time="0.004" /><testcase classname="tests.test_dto_boundaries" name="test_price_is_redacted_when_visibility_is_not_public[PRIVATE]" time="0.002" /><testcase classname="tests.test_dto_boundaries" name="test_public_price_is_shown_when_visibility_is_public" time="0.002" /><testcase classname="tests.test_dto_boundaries" name="test_constructing_a_dto_with_an_internal_field_is_an_error" time="0.000" /><testcase classname="tests.test_dto_boundaries" name="test_a_new_column_does_not_silently_reach_the_public_dto" time="0.002" /><testcase classname="tests.test_dto_boundaries" name="test_the_leak_detector_catches_a_nested_leak" time="0.000" /><testcase classname="tests.test_dto_boundaries" name="test_the_leak_detector_catches_a_leak_inside_a_list" time="0.000" /><testcase classname="tests.test_dto_boundaries" name="test_internal_audience_is_exempt" time="0.000" /><testcase classname="tests.test_dto_boundaries" name="test_summary_only_withholds_property_detail" time="0.002" /><testcase classname="tests.test_dto_boundaries" name="test_property_details_allowed_adds_the_customer_view" time="0.002" /><testcase classname="tests.test_dto_boundaries" name="test_contact_is_withheld_without_a_recorded_confirmation" time="0.002" /><testcase classname="tests.test_dto_boundaries" name="test_contact_is_released_after_a_recorded_confirmation" time="0.002" /><testcase classname="tests.test_dto_boundaries" name="test_no_scope_lifts_the_never_serialized_floor[SUMMARY_ONLY]" time="0.002" /><testcase classname="tests.test_dto_boundaries" name="test_no_scope_lifts_the_never_serialized_floor[PROPERTY_DETAILS_ALLOWED]" time="0.002" /><testcase classname="tests.test_dto_boundaries" name="test_no_scope_lifts_the_never_serialized_floor[CONTACT_AFTER_CONFIRMATION]" time="0.002" /><testcase classname="tests.test_dto_boundaries" name="test_customer_party_view_exposes_version" time="0.002" /><testcase classname="tests.test_error_contract" name="test_every_catalogued_code_has_one_status" time="0.000" /><testcase classname="tests.test_error_contract" name="test_required_fields_match_the_frozen_problem_schema" time="0.000" /><testcase classname="tests.test_error_contract" name="test_detail_refuses_implementation_and_sensitive_text[SELECT * FROM turab.requests]" time="0.000" /><testcase classname="tests.test_error_contract" name="test_detail_refuses_implementation_and_sensitive_text[psycopg.errors.UniqueViolation]" time="0.000" /><testcase classname="tests.test_error_contract" name="test_detail_refuses_implementation_and_sensitive_text[Traceback (most recent call last)]" time="0.000" /><testcase classname="tests.test_error_contract" name="test_detail_refuses_implementation_and_sensitive_text[relation turab.parties does not exist]" time="0.000" /><testcase classname="tests.test_error_contract" name="test_detail_refuses_implementation_and_sensitive_text[DETAIL: Key (id)=(1) already exists]" time="0.000" /><testcase classname="tests.test_error_contract" name="test_detail_refuses_implementation_and_sensitive_text[the OTP is 123456]" time="0.000" /><testcase classname="tests.test_error_contract" name="test_ordinary_detail_is_allowed" time="0.000" /><testcase classname="tests.test_error_contract" name="test_validation_errors_carry_field_errors_not_values" time="0.017" /><testcase classname="tests.test_error_contract" name="test_unknown_route_is_problem_json" time="0.142" /><testcase classname="tests.test_error_contract" name="test_method_not_allowed_is_problem_json" time="0.070" /><testcase classname="tests.test_error_contract" name="test_unauthenticated_is_a_coded_problem" time="0.014" /><testcase classname="tests.test_error_contract" name="test_an_unhandled_error_returns_a_code_and_a_trace_id" time="0.074" /><testcase classname="tests.test_error_contract" name="test_conflict_detail_is_a_fixed_string" time="0.000" /><testcase classname="tests.test_error_contract" name="test_transport_status_is_preserved_not_rewritten[/me/party-post-405]" time="0.074" /><testcase classname="tests.test_error_contract" name="test_transport_status_is_preserved_not_rewritten[/no/such/route-get-404]" time="0.070" /><testcase classname="tests.test_f1_floor_exception" name="test_there_is_exactly_one_numbered_exception" time="0.002" /><testcase classname="tests.test_f1_floor_exception" name="test_the_exception_covers_exactly_the_operations_the_contract_obliges" time="0.271" /><testcase classname="tests.test_f1_floor_exception" name="test_the_fields_stay_in_the_floor" time="0.002" /><testcase classname="tests.test_f1_floor_exception" name="test_the_basis_is_the_schema_not_that_the_customer_sent_the_values" time="0.001" /><testcase classname="tests.test_f1_floor_exception" name="test_the_exception_admits_the_fields_at_the_top_level[patchPropertiesPropertyId]" time="0.001" /><testcase classname="tests.test_f1_floor_exception" name="test_the_exception_admits_the_fields_at_the_top_level[patchRequestsRequestId]" time="0.001" /><testcase classname="tests.test_f1_floor_exception" name="test_the_exception_admits_the_fields_at_the_top_level[postProperties]" time="0.001" /><testcase classname="tests.test_f1_floor_exception" name="test_the_exception_admits_the_fields_at_the_top_level[postPropertiesPropertyIdReconfirm]" time="0.001" /><testcase classname="tests.test_f1_floor_exception" name="test_the_exception_admits_the_fields_at_the_top_level[postRequests]" time="0.001" /><testcase classname="tests.test_f1_floor_exception" name="test_the_exception_admits_the_fields_at_the_top_level[postRequestsRequestIdReconfirm]" time="0.001" /><testcase classname="tests.test_f1_floor_exception" name="test_the_exception_admits_the_fields_at_the_top_level[postRequestsRequestIdState]" time="0.001" /><testcase classname="tests.test_f1_floor_exception" name="test_the_exception_does_not_reach_a_nested_object[patchPropertiesPropertyId]" time="0.001" /><testcase classname="tests.test_f1_floor_exception" name="test_the_exception_does_not_reach_a_nested_object[patchRequestsRequestId]" time="0.001" /><testcase classname="tests.test_f1_floor_exception" name="test_the_exception_does_not_reach_a_nested_object[postProperties]" time="0.001" /><testcase classname="tests.test_f1_floor_exception" name="test_the_exception_does_not_reach_a_nested_object[postPropertiesPropertyIdReconfirm]" time="0.001" /><testcase classname="tests.test_f1_floor_exception" name="test_the_exception_does_not_reach_a_nested_object[postRequests]" time="0.001" /><testcase classname="tests.test_f1_floor_exception" name="test_the_exception_does_not_reach_a_nested_object[postRequestsRequestIdReconfirm]" time="0.001" /><testcase classname="tests.test_f1_floor_exception" name="test_the_exception_does_not_reach_a_nested_object[postRequestsRequestIdState]" time="0.001" /><testcase classname="tests.test_f1_floor_exception" name="test_the_exception_does_not_admit_any_other_floor_field[patchPropertiesPropertyId]" time="0.001" /><testcase classname="tests.test_f1_floor_exception" name="test_the_exception_does_not_admit_any_other_floor_field[patchRequestsRequestId]" time="0.001" /><testcase classname="tests.test_f1_floor_exception" name="test_the_exception_does_not_admit_any_other_floor_field[postProperties]" time="0.001" /><testcase classname="tests.test_f1_floor_exception" name="test_the_exception_does_not_admit_any_other_floor_field[postPropertiesPropertyIdReconfirm]" time="0.001" /><testcase classname="tests.test_f1_floor_exception" name="test_the_exception_does_not_admit_any_other_floor_field[postRequests]" time="0.001" /><testcase classname="tests.test_f1_floor_exception" name="test_the_exception_does_not_admit_any_other_floor_field[postRequestsRequestIdReconfirm]" time="0.001" /><testcase classname="tests.test_f1_floor_exception" name="test_the_exception_does_not_admit_any_other_floor_field[postRequestsRequestIdState]" time="0.001" /><testcase classname="tests.test_f1_floor_exception" name="test_everywhere_else_the_fields_are_refused[CUSTOMER-None]" time="0.001" /><testcase classname="tests.test_f1_floor_exception" name="test_everywhere_else_the_fields_are_refused[CUSTOMER-getMePropertiesPropertyId]" time="0.001" /><testcase classname="tests.test_f1_floor_exception" name="test_everywhere_else_the_fields_are_refused[CUSTOMER-getMeRequestsRequestId]" time="0.001" /><testcase classname="tests.test_f1_floor_exception" name="test_everywhere_else_the_fields_are_refused[CUSTOMER-getPublicProperties]" time="0.002" /><testcase classname="tests.test_f1_floor_exception" name="test_everywhere_else_the_fields_are_refused[CUSTOMER-postPropertiesPropertyIdOffers]" time="0.002" /><testcase classname="tests.test_f1_floor_exception" name="test_everywhere_else_the_fields_are_refused[PUBLIC-None]" time="0.001" /><testcase classname="tests.test_f1_floor_exception" name="test_everywhere_else_the_fields_are_refused[PUBLIC-getMePropertiesPropertyId]" time="0.001" /><testcase classname="tests.test_f1_floor_exception" name="test_everywhere_else_the_fields_are_refused[PUBLIC-getMeRequestsRequestId]" time="0.001" /><testcase classname="tests.test_f1_floor_exception" name="test_everywhere_else_the_fields_are_refused[PUBLIC-getPublicProperties]" time="0.001" /><testcase classname="tests.test_f1_floor_exception" name="test_everywhere_else_the_fields_are_refused[PUBLIC-postPropertiesPropertyIdOffers]" time="0.001" /><testcase classname="tests.test_f1_floor_exception" name="test_customer_command_responses_carry_the_required_fields" time="0.099" /><testcase classname="tests.test_f1_floor_exception" name="test_the_me_reads_never_carry_them" time="0.094" /><testcase classname="tests.test_f1_floor_exception" name="test_the_public_types_cannot_carry_them" time="0.002" /><testcase classname="tests.test_f3_numeric_input" name="test_request_create_refuses_a_non_number_budget[True-budget_target_dzd]" time="0.081" /><testcase classname="tests.test_f3_numeric_input" name="test_request_create_refuses_a_non_number_budget[True-budget_max_dzd]" time="0.070" /><testcase classname="tests.test_f3_numeric_input" name="test_request_create_refuses_a_non_number_budget['123'-budget_target_dzd]" time="0.067" /><testcase classname="tests.test_f3_numeric_input" name="test_request_create_refuses_a_non_number_budget['123'-budget_max_dzd]" time="0.157" /><testcase classname="tests.test_f3_numeric_input" name="test_request_create_refuses_a_non_number_budget['1.5'-budget_target_dzd]" time="0.063" /><testcase classname="tests.test_f3_numeric_input" name="test_request_create_refuses_a_non_number_budget['1.5'-budget_max_dzd]" time="0.065" /><testcase classname="tests.test_f3_numeric_input" name="test_request_patch_refuses_a_non_number_budget[True]" time="0.062" /><testcase classname="tests.test_f3_numeric_input" name="test_request_patch_refuses_a_non_number_budget['123']" time="0.062" /><testcase classname="tests.test_f3_numeric_input" name="test_request_patch_refuses_a_non_number_budget['1.5']" time="0.061" /><testcase classname="tests.test_f3_numeric_input" name="test_request_patch_null_still_clears_a_budget" time="0.085" /><testcase classname="tests.test_f3_numeric_input" name="test_an_integral_budget_written_as_a_decimal_is_an_integer" time="0.065" /><testcase classname="tests.test_f3_numeric_input" name="test_a_criterion_refuses_a_non_number_sort_order[True]" time="0.081" /><testcase classname="tests.test_f3_numeric_input" name="test_a_criterion_refuses_a_non_number_sort_order['123']" time="0.083" /><testcase classname="tests.test_f3_numeric_input" name="test_a_criterion_refuses_a_non_number_sort_order['1.5']" time="0.096" /><testcase classname="tests.test_f3_numeric_input" name="test_property_create_refuses_a_non_number_area[True-land_area_m2]" time="0.076" /><testcase classname="tests.test_f3_numeric_input" name="test_property_create_refuses_a_non_number_area[True-built_area_m2]" time="0.083" /><testcase classname="tests.test_f3_numeric_input" name="test_property_create_refuses_a_non_number_area['123'-land_area_m2]" time="0.075" /><testcase classname="tests.test_f3_numeric_input" name="test_property_create_refuses_a_non_number_area['123'-built_area_m2]" time="0.075" /><testcase classname="tests.test_f3_numeric_input" name="test_property_create_refuses_a_non_number_area['1.5'-land_area_m2]" time="0.075" /><testcase classname="tests.test_f3_numeric_input" name="test_property_create_refuses_a_non_number_area['1.5'-built_area_m2]" time="0.074" /><testcase classname="tests.test_f3_numeric_input" name="test_an_integer_is_a_valid_area" time="0.064" /><testcase classname="tests.test_f3_numeric_input" name="test_property_patch_refuses_a_non_number_area[True]" time="0.196" /><testcase classname="tests.test_f3_numeric_input" name="test_property_patch_refuses_a_non_number_area['123']" time="0.074" /><testcase classname="tests.test_f3_numeric_input" name="test_property_patch_refuses_a_non_number_area['1.5']" time="0.076" /><testcase classname="tests.test_f3_numeric_input" name="test_property_patch_null_still_clears_an_area" time="0.090" /><testcase classname="tests.test_g3_6_relations" name="test_an_omitted_start_is_the_server_clock_and_current_at_once" time="0.114" /><testcase classname="tests.test_g3_6_relations" name="test_a_relation_is_always_declared" time="0.106" /><testcase classname="tests.test_g3_6_relations" name="test_valid_to_is_not_accepted_on_create" time="0.087" /><testcase classname="tests.test_g3_6_relations" name="test_an_explicit_null_start_is_refused" time="0.089" /><testcase classname="tests.test_g3_6_relations" name="test_a_start_without_an_offset_is_refused" time="0.087" /><testcase classname="tests.test_g3_6_relations" name="test_a_future_start_is_allowed_and_not_current_until_it_starts" time="0.109" /><testcase classname="tests.test_g3_6_relations" name="test_the_response_carries_no_undeclared_key" time="0.126" /><testcase classname="tests.test_g3_6_relations" name="test_an_unknown_party_is_422_and_consumes_no_key" time="0.110" /><testcase classname="tests.test_g3_6_relations" name="test_an_unknown_property_is_404" time="0.076" /><testcase classname="tests.test_g3_6_relations" name="test_a_relation_is_not_recorded_on_an_identity_alias" time="0.116" /><testcase classname="tests.test_g3_6_relations" name="test_a_second_overlapping_relation_is_a_typed_409_naming_the_first" time="0.107" /><testcase classname="tests.test_g3_6_relations" name="test_different_codes_and_different_parties_never_conflict" time="0.374" /><testcase classname="tests.test_g3_6_relations" name="test_after_an_end_the_same_relation_may_be_recorded_again" time="0.124" /><testcase classname="tests.test_g3_6_relations" name="test_ending_keeps_the_row_and_removes_it_from_the_current_list" time="0.134" /><testcase classname="tests.test_g3_6_relations" name="test_ending_twice_is_a_409_not_a_silent_success" time="0.132" /><testcase classname="tests.test_g3_6_relations" name="test_an_end_before_the_start_is_a_typed_422" time="0.115" /><testcase classname="tests.test_g3_6_relations" name="test_an_end_without_an_offset_is_refused" time="0.111" /><testcase classname="tests.test_g3_6_relations" name="test_an_unknown_reason_code_is_refused_and_a_known_one_accepted" time="0.140" /><testcase classname="tests.test_g3_6_relations" name="test_a_relation_of_another_property_is_404" time="0.128" /><testcase classname="tests.test_g3_6_relations" name="test_a_refused_end_consumes_no_key" time="0.126" /><testcase classname="tests.test_g3_6_relations" name="test_a_replayed_create_returns_the_first_result" time="0.105" /><testcase classname="tests.test_g3_6_relations" name="test_create_and_end_are_audited_by_the_command_layer" time="0.122" /><testcase classname="tests.test_g3_6_relations" name="test_create_records_provenance_as_staff_asserting_nothing_for_the_party" time="0.104" /><testcase classname="tests.test_g3_6_relations" name="test_the_list_is_audited_once" time="0.107" /><testcase classname="tests.test_g3_6_relations" name="test_a_customer_can_reach_none_of_the_three" time="0.114" /><testcase classname="tests.test_g3_6_relations" name="test_a_reviewer_may_read_but_not_write" time="0.103" /><testcase classname="tests.test_g3_6_relations" name="test_s12_end_to_end_a_relation_created_through_the_api_grants_nothing" time="0.364" /><testcase classname="tests.test_g3_6_relations" name="test_s16h_end_to_end_a_relation_opens_no_offer" time="0.133" /><testcase classname="tests.test_g3_6_relations" name="test_an_api_created_relation_satisfies_the_consent_gate" time="0.114" /><testcase classname="tests.test_g3_6_relations" name="test_a_future_relation_does_not_satisfy_the_consent_gate" time="0.108" /><testcase classname="tests.test_g3_6_relations" name="test_the_addendum_is_bound_to_the_current_delta_text" time="0.015" /><testcase classname="tests.test_g3_6_relations" name="test_an_addendum_whose_delta_changed_refuses_to_load" time="0.039" /><testcase classname="tests.test_g3_6_relations" name="test_an_addendum_cannot_redeclare_a_frozen_operation" time="0.039" /><testcase classname="tests.test_g3_6_relations" name="test_an_addendum_operation_must_carry_roles" time="0.037" /><testcase classname="tests.test_http_endpoints" name="test_no_token_is_401" time="0.015" /><testcase classname="tests.test_http_endpoints" name="test_garbage_token_is_401" time="0.014" /><testcase classname="tests.test_http_endpoints" name="test_unknown_account_is_401" time="0.016" /><testcase classname="tests.test_http_endpoints" name="test_customer_reads_own_request" time="0.022" /><testcase classname="tests.test_http_endpoints" name="test_another_customers_request_is_404_not_403" time="0.016" /><testcase classname="tests.test_http_endpoints" name="test_a_nonexistent_id_is_indistinguishable_from_an_unowned_one" time="0.022" /><testcase classname="tests.test_http_endpoints" name="test_customer_on_an_internal_endpoint_is_403" time="0.051" /><testcase classname="tests.test_http_endpoints" name="test_staff_on_a_me_endpoint_is_403" time="0.015" /><testcase classname="tests.test_http_endpoints" name="test_customer_reason_codes_is_403_staff_is_200" time="0.029" /><testcase classname="tests.test_http_endpoints" name="test_problem_responses_carry_the_required_fields" time="0.017" /><testcase classname="tests.test_http_endpoints" name="test_trace_id_is_echoed" time="0.018" /><testcase classname="tests.test_http_endpoints" name="test_problem_detail_never_leaks_database_text" time="0.017" /><testcase classname="tests.test_http_endpoints" name="test_denied_request_is_audited" time="0.016" /><testcase classname="tests.test_http_endpoints" name="test_list_endpoint_audits_once" time="0.017" /><testcase classname="tests.test_http_endpoints" name="test_generated_paths_exist_in_the_frozen_contract" time="0.165" /><testcase classname="tests.test_http_endpoints" name="test_health_and_ready_are_outside_the_contract" time="0.166" /><testcase classname="tests.test_idempotency" name="test_first_call_is_new" time="0.003" /><testcase classname="tests.test_idempotency" name="test_same_key_same_payload_replays_the_result" time="0.003" /><testcase classname="tests.test_idempotency" name="test_same_key_different_payload_is_a_conflict" time="0.003" /><testcase classname="tests.test_idempotency" name="test_key_order_does_not_change_the_hash" time="0.003" /><testcase classname="tests.test_idempotency" name="test_the_same_key_is_independent_per_actor" time="0.003" /><testcase classname="tests.test_idempotency" name="test_the_same_key_is_independent_per_route" time="0.003" /><testcase classname="tests.test_idempotency" name="test_a_claimed_but_incomplete_key_is_a_conflict" time="0.003" /><testcase classname="tests.test_idempotency" name="test_an_expired_record_is_replaced_not_replayed" time="0.004" /><testcase classname="tests.test_idempotency" name="test_a_missing_key_is_rejected[None]" time="0.001" /><testcase classname="tests.test_idempotency" name="test_a_missing_key_is_rejected[]" time="0.001" /><testcase classname="tests.test_idempotency" name="test_a_missing_key_is_rejected[   ]" time="0.001" /><testcase classname="tests.test_idempotency" name="test_an_overlong_key_is_rejected" time="0.001" /><testcase classname="tests.test_idempotency" name="test_the_record_lands_in_the_frozen_table" time="0.002" /><testcase classname="tests.test_inv1_claim_authority" name="test_single_claim_grants_authority" time="0.004" /><testcase classname="tests.test_inv1_claim_authority" name="test_two_distinct_claimants_grant_authority_to_nobody" time="0.006" /><testcase classname="tests.test_inv1_claim_authority" name="test_conflict_is_audited_and_surfaces_as_a_conflict" time="0.003" /><testcase classname="tests.test_inv1_claim_authority" name="test_duplicate_claim_rows_by_the_same_account_are_not_a_conflict" time="0.004" /><testcase classname="tests.test_inv1_claim_authority" name="test_claiming_an_assisted_record_succeeds" time="0.006" /><testcase classname="tests.test_inv1_claim_authority" name="test_second_claim_by_another_account_is_rejected" time="0.008" /><testcase classname="tests.test_inv1_claim_authority" name="test_replay_by_the_same_actor_is_idempotent" time="0.011" /><testcase classname="tests.test_inv1_claim_authority" name="test_claim_grants_authority_that_did_not_exist_before" time="0.009" /><testcase classname="tests.test_inv1_claim_authority" name="test_claiming_an_already_conflicted_resource_is_rejected" time="0.005" /><testcase classname="tests.test_inv1_claim_authority" name="test_a_self_managed_record_is_not_claimable" time="0.004" /><testcase classname="tests.test_inv1_claim_authority" name="test_claiming_an_unknown_resource_is_rejected" time="0.002" /><testcase classname="tests.test_inv1_claim_authority" name="test_requests_conflict_the_same_way_as_properties" time="0.003" /><testcase classname="tests.test_inv2_separation" name="test_granting_reviewer_to_an_operator_is_rejected" time="0.002" /><testcase classname="tests.test_inv2_separation" name="test_granting_operator_to_a_reviewer_is_rejected" time="0.002" /><testcase classname="tests.test_inv2_separation" name="test_rejected_grant_writes_nothing" time="0.003" /><testcase classname="tests.test_inv2_separation" name="test_valid_grants_are_allowed" time="0.003" /><testcase classname="tests.test_inv2_separation" name="test_the_fixture_data_holds_no_anomaly" time="0.002" /><testcase classname="tests.test_inv2_separation" name="test_anomaly_in_existing_data_is_detected" time="0.003" /><testcase classname="tests.test_inv2_separation" name="test_subject_carries_the_anomaly" time="0.003" /><testcase classname="tests.test_inv2_separation" name="test_separation_sensitive_actions_fail_closed[postMatchesMatchIdReview]" time="0.003" /><testcase classname="tests.test_inv2_separation" name="test_separation_sensitive_actions_fail_closed[postIdentityCandidatesCandidateIdReview]" time="0.003" /><testcase classname="tests.test_inv2_separation" name="test_separation_sensitive_actions_fail_closed[postObservations]" time="0.003" /><testcase classname="tests.test_inv2_separation" name="test_separation_sensitive_actions_fail_closed[postClaims]" time="0.003" /><testcase classname="tests.test_inv2_separation" name="test_separation_sensitive_actions_fail_closed[postOpportunitiesOpportunityIdShare]" time="0.002" /><testcase classname="tests.test_inv2_separation" name="test_separation_sensitive_actions_fail_closed[getAudit]" time="0.002" /><testcase classname="tests.test_inv2_separation" name="test_non_sensitive_operations_still_work_under_an_anomaly" time="0.003" /><testcase classname="tests.test_inv2_separation" name="test_the_anomaly_is_audited" time="0.003" /><testcase classname="tests.test_loader_shape" name="test_the_resource_table_map_covers_every_loader" time="0.000" /><testcase classname="tests.test_loader_shape" name="test_load_offer_issues_one_authority_scoped_statement[OFFER_ON_CLAIMED-ACC_AMINA]" time="0.003" /><testcase classname="tests.test_loader_shape" name="test_load_offer_issues_one_authority_scoped_statement[OFFER_ON_CLAIMED-ACC_KHADIJA]" time="0.003" /><testcase classname="tests.test_loader_shape" name="test_load_offer_issues_one_authority_scoped_statement[OFFER_ON_CLAIMED-ACC_BRAHIM]" time="0.003" /><testcase classname="tests.test_loader_shape" name="test_load_offer_issues_one_authority_scoped_statement[OFFER_BROKER_SALE-ACC_AMINA]" time="0.003" /><testcase classname="tests.test_loader_shape" name="test_load_offer_issues_one_authority_scoped_statement[OFFER_BROKER_SALE-ACC_KHADIJA]" time="0.003" /><testcase classname="tests.test_loader_shape" name="test_load_offer_issues_one_authority_scoped_statement[OFFER_BROKER_SALE-ACC_BRAHIM]" time="0.003" /><testcase classname="tests.test_loader_shape" name="test_load_offer_issues_one_authority_scoped_statement[OFFER_OWNER_SALE-ACC_AMINA]" time="0.004" /><testcase classname="tests.test_loader_shape" name="test_load_offer_issues_one_authority_scoped_statement[OFFER_OWNER_SALE-ACC_KHADIJA]" time="0.003" /><testcase classname="tests.test_loader_shape" name="test_load_offer_issues_one_authority_scoped_statement[OFFER_OWNER_SALE-ACC_BRAHIM]" time="0.003" /><testcase classname="tests.test_loader_shape" name="test_load_offer_issues_one_authority_scoped_statement[None-ACC_AMINA]" time="0.003" /><testcase classname="tests.test_loader_shape" name="test_load_offer_issues_one_authority_scoped_statement[None-ACC_KHADIJA]" time="0.003" /><testcase classname="tests.test_loader_shape" name="test_load_offer_issues_one_authority_scoped_statement[None-ACC_BRAHIM]" time="0.003" /><testcase classname="tests.test_loader_shape" name="test_a_contested_parent_is_decided_in_the_same_single_statement" time="0.006" /><testcase classname="tests.test_loader_shape" name="test_no_customer_loader_reads_its_resource_without_the_actor[COMMUNICATION_THREAD]" time="0.003" /><testcase classname="tests.test_loader_shape" name="test_no_customer_loader_reads_its_resource_without_the_actor[CONSENT_GRANT]" time="0.003" /><testcase classname="tests.test_loader_shape" name="test_no_customer_loader_reads_its_resource_without_the_actor[INTEREST]" time="0.003" /><testcase classname="tests.test_loader_shape" name="test_no_customer_loader_reads_its_resource_without_the_actor[OPPORTUNITY]" time="0.003" /><testcase classname="tests.test_loader_shape" name="test_no_customer_loader_reads_its_resource_without_the_actor[PARTY]" time="0.003" /><testcase classname="tests.test_loader_shape" name="test_no_customer_loader_reads_its_resource_without_the_actor[PROPERTY]" time="0.003" /><testcase classname="tests.test_loader_shape" name="test_no_customer_loader_reads_its_resource_without_the_actor[PROPERTY_OFFER]" time="0.003" /><testcase classname="tests.test_loader_shape" name="test_no_customer_loader_reads_its_resource_without_the_actor[REQUEST]" time="0.003" /><testcase classname="tests.test_migration_0003_relation_currency" name="test_a_current_relation_permits_a_property_consent_binding" time="0.004" /><testcase classname="tests.test_migration_0003_relation_currency" name="test_a_future_relation_is_refused" time="0.004" /><testcase classname="tests.test_migration_0003_relation_currency" name="test_a_relation_with_no_start_is_refused" time="0.003" /><testcase classname="tests.test_migration_0003_relation_currency" name="test_an_open_ended_relation_is_still_current" time="0.004" /><testcase classname="tests.test_migration_0003_relation_currency" name="test_an_expired_relation_is_refused" time="0.003" /><testcase classname="tests.test_migration_0003_relation_currency" name="test_no_relation_at_all_is_refused" time="0.003" /><testcase classname="tests.test_migration_0003_relation_currency" name="test_another_partys_relation_is_refused" time="0.004" /><testcase classname="tests.test_migration_0003_relation_currency" name="test_the_migrated_function_reads_valid_from" time="0.002" /><testcase classname="tests.test_migration_0004_relation_overlap" name="test_two_overlapping_relations_for_one_triple_are_refused" time="0.003" /><testcase classname="tests.test_migration_0004_relation_overlap" name="test_a_relation_resumed_after_the_previous_one_ended_is_allowed" time="0.003" /><testcase classname="tests.test_migration_0004_relation_overlap" name="test_a_different_relation_code_never_conflicts" time="0.002" /><testcase classname="tests.test_migration_0004_relation_overlap" name="test_a_different_party_never_conflicts" time="0.003" /><testcase classname="tests.test_migration_0004_relation_overlap" name="test_a_relation_with_no_start_still_participates_in_the_guard" time="0.003" /><testcase classname="tests.test_migration_0004_relation_overlap" name="test_the_guard_is_a_database_constraint_not_a_service_check" time="0.002" /><testcase classname="tests.test_migration_0004_relation_overlap" name="test_two_concurrent_overlapping_inserts_leave_exactly_one_row" time="0.064" /><testcase classname="tests.test_migrations" name="test_a_migration_rebuilds_an_empty_environment" time="0.932" /><testcase classname="tests.test_migrations" name="test_the_migrated_catalog_matches_the_static_audit[tables-SELECT count(*) FROM information_schema.tables WHERE table_schema='turab' AND table_type='BASE TABLE']" time="0.003" /><testcase classname="tests.test_migrations" name="test_the_migrated_catalog_matches_the_static_audit[types-SELECT count(*) FROM pg_type t JOIN pg_namespace n ON n.oid=t.typnamespace WHERE n.nspname='turab' AND t.typtype='e']" time="0.001" /><testcase classname="tests.test_migrations" name="test_the_migrated_catalog_matches_the_static_audit[functions-SELECT count(*) FROM pg_proc p JOIN pg_namespace n ON n.oid=p.pronamespace WHERE n.nspname='turab']" time="0.002" /><testcase classname="tests.test_migrations" name="test_the_migrated_catalog_matches_the_static_audit[triggers-SELECT count(*) FROM pg_trigger t JOIN pg_class c ON c.oid=t.tgrelid JOIN pg_namespace n ON n.oid=c.relnamespace WHERE n.nspname='turab' AND NOT t.tgisinternal]" time="0.002" /><testcase classname="tests.test_migrations" name="test_the_migrated_catalog_matches_the_static_audit[foreign_key_refs-SELECT count(*) FROM pg_constraint c JOIN pg_namespace n ON n.oid=c.connamespace WHERE n.nspname='turab' AND c.contype='f']" time="0.002" /><testcase classname="tests.test_migrations" name="test_the_migration_refuses_a_baseline_that_is_not_the_frozen_one" time="0.072" /><testcase classname="tests.test_migrations" name="test_the_declared_digest_is_the_frozen_one" time="0.001" /><testcase classname="tests.test_migrations" name="test_there_is_exactly_one_head" time="0.356" /><testcase classname="tests.test_migrations" name="test_autogenerate_is_refused" time="0.471" /><testcase classname="tests.test_migrations" name="test_env_declares_no_metadata_to_diff_against" time="0.000" /><testcase classname="tests.test_migrations" name="test_there_is_no_downgrade_from_the_baseline" time="0.001" /><testcase classname="tests.test_migrations" name="test_a_stamped_database_is_at_the_baseline_not_head" time="0.944" /><testcase classname="tests.test_migrations" name="test_the_first_upgrade_after_stamping_applies_the_later_revisions" time="1.020" /><testcase classname="tests.test_migrations" name="test_the_dev_reset_script_stamps_through_the_guard" time="0.000" /><testcase classname="tests.test_migrations" name="test_revision_0001_is_structurally_identical_to_the_frozen_schema" time="1.323" /><testcase classname="tests.test_migrations" name="test_no_delta_is_ever_declared_against_the_baseline_revision" time="0.000" /><testcase classname="tests.test_migrations" name="test_head_is_the_baseline_plus_exactly_the_declared_deltas" time="0.039" /><testcase classname="tests.test_migrations" name="test_every_delta_names_a_revision_object_reason_and_proving_test" time="0.000" /><testcase classname="tests.test_migrations" name="test_the_only_declared_delta_for_0003_is_the_consent_binding_function" time="0.000" /><testcase classname="tests.test_migrations" name="test_the_fingerprint_notices_a_changed_function_body" time="0.033" /><testcase classname="tests.test_migrations" name="test_the_version_table_is_pinned_to_public" time="0.002" /><testcase classname="tests.test_migrations" name="test_stamping_a_database_that_is_not_the_baseline_is_refused" time="1.464" /><testcase classname="tests.test_migrations" name="test_stamping_the_real_baseline_succeeds" time="2.020" /><testcase classname="tests.test_migrations" name="test_every_revision_id_fits_the_version_column" time="0.001" /><testcase classname="tests.test_migrations" name="test_the_closure_reason_migration_is_additive" time="0.004" /><testcase classname="tests.test_migrations" name="test_0002_body_re_executed_inserts_nothing_twice" time="1.303" /><testcase classname="tests.test_migrations" name="test_0003_is_re_runnable" time="0.039" /><testcase classname="tests.test_migrations" name="test_building_from_0001_then_upgrading_head_matches_a_direct_upgrade" time="1.926" /><testcase classname="tests.test_migrations" name="test_0003_refuses_to_downgrade" time="0.479" /><testcase classname="tests.test_migrations" name="test_the_delta_check_catches_an_undeclared_structural_change" time="0.042" /><testcase classname="tests.test_migrations" name="test_the_detector_catches_a_column_precision_change" time="0.070" /><testcase classname="tests.test_migrations" name="test_the_detector_catches_an_added_function_overload" time="0.035" /><testcase classname="tests.test_migrations" name="test_btree_gist_is_installed_in_public" time="0.001" /><testcase classname="tests.test_migrations" name="test_0004_refuses_a_btree_gist_installed_outside_public" time="1.114" /><testcase classname="tests.test_migrations" name="test_the_gate_input_list_follows_the_scripts_the_gate_invokes" time="0.162" /><testcase classname="tests.test_migrations" name="test_the_contract_corrections_file_is_a_gate_input" time="0.014" /><testcase classname="tests.test_migrations" name="test_the_recorder_derives_its_labels_rather_than_declaring_them" time="0.000" /><testcase classname="tests.test_migrations" name="test_the_gate_recorder_takes_one_snapshot_for_the_count_and_the_list" time="0.000" /><testcase classname="tests.test_migrations" name="test_the_other_label_makes_no_guarantee_the_scan_cannot_give" time="0.000" /><testcase classname="tests.test_migrations" name="test_gate_inputs_refuses_to_answer_outside_a_checkout" time="0.315" /><testcase classname="tests.test_observability" name="test_records_are_json_with_the_expected_envelope" time="0.001" /><testcase classname="tests.test_observability" name="test_sensitive_keys_are_redacted[otp]" time="0.000" /><testcase classname="tests.test_observability" name="test_sensitive_keys_are_redacted[otp_code]" time="0.001" /><testcase classname="tests.test_observability" name="test_sensitive_keys_are_redacted[password]" time="0.001" /><testcase classname="tests.test_observability" name="test_sensitive_keys_are_redacted[token]" time="0.000" /><testcase classname="tests.test_observability" name="test_sensitive_keys_are_redacted[seller_expectation_dzd]" time="0.000" /><testcase classname="tests.test_observability" name="test_sensitive_keys_are_redacted[raw_text]" time="0.000" /><testcase classname="tests.test_observability" name="test_sensitive_keys_are_redacted[authorization]" time="0.000" /><testcase classname="tests.test_observability" name="test_sensitive_keys_are_redacted[notes]" time="0.000" /><testcase classname="tests.test_observability" name="test_redaction_reaches_nested_structures" time="0.000" /><testcase classname="tests.test_observability" name="test_redaction_reaches_inside_lists" time="0.000" /><testcase classname="tests.test_observability" name="test_exceptions_log_type_and_message_not_a_traceback" time="0.000" /><testcase classname="tests.test_observability" name="test_an_access_record_survives_redaction_intact" time="0.001" /><testcase classname="tests.test_observability" name="test_health_is_liveness_only" time="0.008" /><testcase classname="tests.test_observability" name="test_readiness_checks_the_database" time="0.008" /><testcase classname="tests.test_observability" name="test_readiness_reports_503_when_the_database_is_unreachable" time="0.013" /><testcase classname="tests.test_observability" name="test_probes_are_outside_the_api_contract" time="0.166" /><testcase classname="tests.test_slice1_bola" name="test_customer_cannot_patch_another_partys_record" time="0.037" /><testcase classname="tests.test_slice1_bola" name="test_customer_cannot_attach_a_phone_to_another_party" time="0.034" /><testcase classname="tests.test_slice1_bola" name="test_customer_cannot_grant_consent_on_another_party" time="0.030" /><testcase classname="tests.test_slice1_bola" name="test_customer_cannot_create_an_arbitrary_party" time="0.030" /><testcase classname="tests.test_slice1_bola" name="test_every_refusal_is_audited" time="0.029" /><testcase classname="tests.test_slice1_bola" name="test_customer_may_patch_their_own_party" time="0.034" /><testcase classname="tests.test_slice1_bola" name="test_customer_may_grant_consent_on_their_own_party" time="0.036" /><testcase classname="tests.test_slice1_bola" name="test_staff_may_act_on_any_party" time="0.347" /><testcase classname="tests.test_slice1_bola" name="test_staff_may_still_create_parties" time="0.041" /><testcase classname="tests.test_slice1_bola" name="test_a_customer_with_no_party_can_act_on_nothing" time="0.033" /><testcase classname="tests.test_slice1_bola" name="test_the_object_gate_on_party_creation_is_still_present" time="0.004" /><testcase classname="tests.test_slice1_http" name="test_operator_can_create_a_party" time="0.039" /><testcase classname="tests.test_slice1_http" name="test_customer_cannot_read_a_party_internally" time="0.047" /><testcase classname="tests.test_slice1_http" name="test_reviewer_can_read_but_not_create" time="0.048" /><testcase classname="tests.test_slice1_http" name="test_staff_read_of_a_party_is_audited" time="0.045" /><testcase classname="tests.test_slice1_http" name="test_unknown_party_is_404_for_staff" time="0.029" /><testcase classname="tests.test_slice1_http" name="test_missing_idempotency_key_is_rejected" time="0.033" /><testcase classname="tests.test_slice1_http" name="test_same_key_same_payload_replays" time="0.045" /><testcase classname="tests.test_slice1_http" name="test_same_key_different_payload_is_409" time="0.047" /><testcase classname="tests.test_slice1_http" name="test_a_replay_creates_no_second_row" time="0.047" /><testcase classname="tests.test_slice1_http" name="test_patch_requires_the_version_header" time="0.043" /><testcase classname="tests.test_slice1_http" name="test_patch_with_the_current_version_succeeds_and_bumps_it" time="0.044" /><testcase classname="tests.test_slice1_http" name="test_patch_with_a_stale_version_is_409_and_changes_nothing" time="0.056" /><testcase classname="tests.test_slice1_http" name="test_the_old_if_match_header_is_not_accepted" time="0.044" /><testcase classname="tests.test_slice1_http" name="test_patch_rejects_an_undeclared_field" time="0.053" /><testcase classname="tests.test_slice1_http" name="test_otp_is_unauthenticated_and_creates_nothing" time="0.038" /><testcase classname="tests.test_slice1_http" name="test_otp_verify_with_a_wrong_code_is_rejected" time="0.039" /><testcase classname="tests.test_slice1_http" name="test_challenge_id_is_the_providers_verification_id" time="0.034" /><testcase classname="tests.test_slice1_http" name="test_otp_verify_succeeds_end_to_end" time="0.041" /><testcase classname="tests.test_slice1_http" name="test_a_provider_outage_is_503_not_a_rejection" time="0.035" /><testcase classname="tests.test_slice1_http" name="test_otp_verify_with_an_unknown_challenge_is_indistinguishable" time="0.043" /><testcase classname="tests.test_slice1_http" name="test_customer_cannot_create_a_consent_binding" time="0.039" /><testcase classname="tests.test_slice1_http" name="test_customer_cannot_revoke_another_partys_consent" time="0.049" /><testcase classname="tests.test_slice1_http" name="test_all_slice1_operations_match_the_frozen_contract" time="0.166" /><testcase classname="tests.test_slice1_mandatory" name="test_verify_phone_control_creates_no_account" time="0.006" /><testcase classname="tests.test_slice1_mandatory" name="test_login_purpose_creates_no_account_when_none_exists" time="0.003" /><testcase classname="tests.test_slice1_mandatory" name="test_login_activates_an_existing_invited_account" time="0.008" /><testcase classname="tests.test_slice1_mandatory" name="test_login_does_not_resurrect_a_disabled_account[SUSPENDED]" time="0.005" /><testcase classname="tests.test_slice1_mandatory" name="test_login_does_not_resurrect_a_disabled_account[DISABLED]" time="0.004" /><testcase classname="tests.test_slice1_mandatory" name="test_one_phone_can_reach_two_parties_without_merging" time="0.007" /><testcase classname="tests.test_slice1_mandatory" name="test_the_same_number_in_a_different_format_is_the_same_contact_point" time="0.007" /><testcase classname="tests.test_slice1_mandatory" name="test_reusing_a_contact_point_does_not_transfer_its_verified_control" time="0.006" /><testcase classname="tests.test_slice1_mandatory" name="test_revoked_consent_cannot_bind" time="0.006" /><testcase classname="tests.test_slice1_mandatory" name="test_revocation_leaves_history_intact" time="0.006" /><testcase classname="tests.test_slice1_mandatory" name="test_revoking_twice_is_not_an_error" time="0.003" /><testcase classname="tests.test_slice1_mandatory" name="test_consent_of_party_a_cannot_bind_to_request_of_party_b" time="0.003" /><testcase classname="tests.test_slice1_mandatory" name="test_purpose_must_equal_the_granted_scope" time="0.003" /><testcase classname="tests.test_slice1_mandatory" name="test_property_binding_requires_an_active_party_property_relation" time="0.003" /><testcase classname="tests.test_slice1_mandatory" name="test_property_binding_succeeds_with_an_active_relation" time="0.003" /><testcase classname="tests.test_slice1_mandatory" name="test_an_expired_relation_does_not_authorize_a_property_binding" time="0.003" /><testcase classname="tests.test_slice1_mandatory" name="test_turab_stores_no_challenge_state" time="0.004" /><testcase classname="tests.test_slice1_mandatory" name="test_a_rejected_code_changes_nothing" time="0.002" /><testcase classname="tests.test_slice1_mandatory" name="test_an_unknown_verification_is_rejected" time="0.001" /><testcase classname="tests.test_slice1_mandatory" name="test_attempt_limits_belong_to_the_provider" time="0.001" /><testcase classname="tests.test_slice1_mandatory" name="test_an_unestablished_purpose_fails_closed" time="0.003" /><testcase classname="tests.test_slice1_mandatory" name="test_attaching_a_phone_to_a_party_creates_no_login_path" time="0.004" /><testcase classname="tests.test_slice1_mandatory" name="test_a_shared_line_does_not_authenticate_as_the_party_that_shares_it" time="0.004" /><testcase classname="tests.test_slice1_timeline" name="test_the_timeline_holds_only_that_partys_interactions" time="0.040" /><testcase classname="tests.test_slice1_timeline" name="test_an_orphaned_interaction_belongs_to_nobody" time="0.045" /><testcase classname="tests.test_slice1_timeline" name="test_a_party_with_no_interactions_gets_an_empty_page" time="0.032" /><testcase classname="tests.test_slice1_timeline" name="test_an_unknown_party_is_refused_not_answered_empty" time="0.035" /><testcase classname="tests.test_slice1_timeline" name="test_a_customer_cannot_read_any_timeline" time="0.031" /><testcase classname="tests.test_slice1_timeline" name="test_a_reviewer_may_read_it" time="0.037" /><testcase classname="tests.test_slice1_timeline" name="test_the_timeline_is_not_reachable_unauthenticated" time="0.027" /><testcase classname="tests.test_slice1_timeline" name="test_interaction_metadata_never_reaches_the_response" time="0.040" /><testcase classname="tests.test_slice1_timeline" name="test_the_item_field_set_is_exactly_the_allow_list" time="0.039" /><testcase classname="tests.test_slice1_timeline" name="test_a_new_column_does_not_silently_reach_the_response" time="0.007" /><testcase classname="tests.test_slice1_timeline" name="test_pages_partition_the_timeline_without_overlap" time="0.046" /><testcase classname="tests.test_slice1_timeline" name="test_the_ordering_is_total_so_pages_cannot_repeat_a_row" time="0.013" /><testcase classname="tests.test_slice1_timeline" name="test_pagination_outside_the_contracts_bounds_is_rejected[page=0]" time="0.036" /><testcase classname="tests.test_slice1_timeline" name="test_pagination_outside_the_contracts_bounds_is_rejected[page=-1]" time="0.035" /><testcase classname="tests.test_slice1_timeline" name="test_pagination_outside_the_contracts_bounds_is_rejected[page_size=0]" time="0.032" /><testcase classname="tests.test_slice1_timeline" name="test_pagination_outside_the_contracts_bounds_is_rejected[page_size=101]" time="0.030" /><testcase classname="tests.test_slice1_timeline" name="test_the_page_size_cap_is_the_contracts_maximum" time="0.037" /><testcase classname="tests.test_slice1_timeline" name="test_the_page_is_audited_once_not_per_row" time="0.043" /><testcase classname="tests.test_slice1_timeline" name="test_the_audit_records_the_query_shape_not_the_rows" time="0.042" /><testcase classname="tests.test_slice2_concurrency" name="test_two_patches_holding_the_same_version_yield_one_success_and_one_409" time="0.081" /><testcase classname="tests.test_slice2_concurrency" name="test_the_refused_patch_leaves_the_value_it_tried_to_write_absent" time="0.070" /><testcase classname="tests.test_slice2_concurrency" name="test_an_unexpected_worker_error_fails_the_assertions" time="0.016" /><testcase classname="tests.test_slice2_concurrency" name="test_reconfirm_racing_a_close_does_not_reopen_the_closed_request" time="0.082" /><testcase classname="tests.test_slice2_concurrency" name="test_two_transitions_from_the_same_state_do_not_both_apply" time="0.071" /><testcase classname="tests.test_slice2_concurrency" name="test_the_staleness_pass_does_not_mark_a_concurrently_reconfirmed_request" time="0.068" /><testcase classname="tests.test_slice2_concurrency" name="test_the_staleness_pass_does_not_reopen_a_concurrently_closed_request" time="0.067" /><testcase classname="tests.test_slice2_concurrency" name="test_two_concurrent_adds_of_the_same_slot_yield_one_success_and_one_409" time="0.073" /><testcase classname="tests.test_slice2_concurrency" name="test_a_concurrent_move_onto_a_slot_being_taken_is_refused" time="0.083" /><testcase classname="tests.test_slice2_http" name="test_a_customer_creates_their_own_request" time="0.060" /><testcase classname="tests.test_slice2_http" name="test_a_customer_cannot_create_a_request_for_another_party" time="0.055" /><testcase classname="tests.test_slice2_http" name="test_a_customer_cannot_create_an_assisted_record" time="0.052" /><testcase classname="tests.test_slice2_http" name="test_staff_create_an_assisted_unclaimed_record" time="0.068" /><testcase classname="tests.test_slice2_http" name="test_an_assisted_record_cannot_be_created_claimed" time="0.062" /><testcase classname="tests.test_slice2_http" name="test_the_rightful_claimant_converts_the_record_in_place" time="0.073" /><testcase classname="tests.test_slice2_http" name="test_an_account_of_a_different_party_cannot_claim" time="0.391" /><testcase classname="tests.test_slice2_http" name="test_a_shared_phone_does_not_make_one_party_the_other" time="0.048" /><testcase classname="tests.test_slice2_http" name="test_a_contact_point_of_another_account_does_not_prove_control" time="0.049" /><testcase classname="tests.test_slice2_http" name="test_two_concurrent_claims_produce_one_claim_and_no_ambiguity" time="0.015" /><testcase classname="tests.test_slice2_http" name="test_a_refused_attempt_does_not_block_the_rightful_claimant" time="0.056" /><testcase classname="tests.test_slice2_http" name="test_staff_roles_alone_do_not_confer_the_right_to_claim" time="0.043" /><testcase classname="tests.test_slice2_http" name="test_a_second_eligible_claim_is_still_rejected" time="0.057" /><testcase classname="tests.test_slice2_http" name="test_a_self_managed_record_is_not_claimable" time="0.043" /><testcase classname="tests.test_slice2_http" name="test_property_claiming_fails_closed" time="0.045" /><testcase classname="tests.test_slice2_http" name="test_the_three_commands_are_three_endpoints" time="0.099" /><testcase classname="tests.test_slice2_http" name="test_an_undefined_transition_is_refused_over_http" time="0.069" /><testcase classname="tests.test_slice2_http" name="test_a_stale_version_applies_nothing" time="0.083" /><testcase classname="tests.test_slice2_http" name="test_a_customer_cannot_command_another_partys_request" time="0.066" /><testcase classname="tests.test_slice2_http" name="test_a_customer_cannot_read_a_request_internally" time="0.050" /><testcase classname="tests.test_slice2_http" name="test_staff_read_carries_derived_freshness" time="0.068" /><testcase classname="tests.test_slice2_http" name="test_the_staff_read_is_audited" time="0.058" /><testcase classname="tests.test_slice2_http" name="test_an_unknown_criterion_code_is_a_typed_error" time="0.068" /><testcase classname="tests.test_slice2_http" name="test_the_contracts_criterion_id_is_accepted" time="0.092" /><testcase classname="tests.test_slice2_http" name="test_changing_a_criterion_does_not_duplicate_it" time="0.090" /><testcase classname="tests.test_slice2_http" name="test_changing_a_criterion_bumps_the_request_version" time="0.097" /><testcase classname="tests.test_slice2_http" name="test_a_criterion_id_from_another_request_is_refused" time="0.104" /><testcase classname="tests.test_slice2_http" name="test_an_unknown_criterion_id_is_refused" time="0.066" /><testcase classname="tests.test_slice2_http" name="test_re_adding_the_same_slot_points_at_the_change_path" time="0.103" /><testcase classname="tests.test_slice2_http" name="test_the_change_is_recorded_with_its_previous_value" time="0.106" /><testcase classname="tests.test_slice2_http" name="test_a_null_non_nullable_field_is_a_422_not_a_500" time="0.069" /><testcase classname="tests.test_slice2_http" name="test_an_unknown_enum_value_is_a_422_not_a_500" time="0.070" /><testcase classname="tests.test_slice2_http" name="test_an_incoherent_budget_pair_is_refused_on_create" time="0.054" /><testcase classname="tests.test_slice2_http" name="test_the_budget_pair_is_checked_on_the_merged_values" time="0.082" /><testcase classname="tests.test_slice2_http" name="test_a_refused_input_consumes_no_idempotency_key" time="0.069" /><testcase classname="tests.test_slice2_http" name="test_a_refused_input_leaks_no_database_text" time="0.070" /><testcase classname="tests.test_slice2_http" name="test_moving_a_criterion_onto_an_occupied_slot_is_409" time="0.104" /><testcase classname="tests.test_slice2_http" name="test_the_refused_move_records_no_provenance_and_frees_its_key" time="0.143" /><testcase classname="tests.test_slice2_http" name="test_a_move_to_a_free_slot_still_succeeds" time="0.115" /><testcase classname="tests.test_slice2_http" name="test_an_empty_free_text_field_is_accepted" time="0.078" /><testcase classname="tests.test_slice2_http" name="test_null_clears_a_nullable_field" time="0.075" /><testcase classname="tests.test_slice2_http" name="test_omitting_a_field_leaves_it_unchanged" time="0.076" /><testcase classname="tests.test_slice2_http" name="test_null_is_still_refused_for_a_non_nullable_field" time="0.079" /><testcase classname="tests.test_slice2_http" name="test_a_confirmation_without_a_timezone_is_refused" time="0.067" /><testcase classname="tests.test_slice2_http" name="test_a_historical_confirmation_with_an_offset_is_accepted[2026-01-01T12:00:00Z]" time="0.070" /><testcase classname="tests.test_slice2_http" name="test_a_historical_confirmation_with_an_offset_is_accepted[2026-01-01T12:00:00+01:00]" time="0.074" /><testcase classname="tests.test_slice2_http" name="test_a_future_confirmation_with_an_offset_is_still_refused" time="0.066" /><testcase classname="tests.test_slice2_mandatory" name="test_recording_an_interest_creates_no_request" time="0.003" /><testcase classname="tests.test_slice2_mandatory" name="test_no_application_code_creates_a_request_from_an_interest" time="0.002" /><testcase classname="tests.test_slice2_mandatory" name="test_adding_a_criterion_bumps_the_request_version" time="0.010" /><testcase classname="tests.test_slice2_mandatory" name="test_the_criterion_is_actually_stored" time="0.009" /><testcase classname="tests.test_slice2_mandatory" name="test_importance_is_restricted_to_the_three_declared_values" time="0.003" /><testcase classname="tests.test_slice2_mandatory" name="test_no_code_path_rewrites_importance_from_an_inference" time="0.009" /><testcase classname="tests.test_slice2_mandatory" name="test_patch_cannot_reach_importance_fields" time="0.003" /><testcase classname="tests.test_slice2_mandatory" name="test_the_threshold_comes_from_the_active_policy_not_from_code" time="0.004" /><testcase classname="tests.test_slice2_mandatory" name="test_a_request_past_the_window_is_stale" time="0.005" /><testcase classname="tests.test_slice2_mandatory" name="test_a_stale_active_request_becomes_needs_confirmation" time="0.014" /><testcase classname="tests.test_slice2_mandatory" name="test_a_fresh_request_is_left_alone" time="0.013" /><testcase classname="tests.test_slice2_mandatory" name="test_only_active_requests_are_moved" time="0.005" /><testcase classname="tests.test_slice2_mandatory" name="test_a_never_confirmed_request_is_not_stale" time="0.003" /><testcase classname="tests.test_slice2_mandatory" name="test_a_missing_policy_is_an_error_not_a_default" time="0.002" /><testcase classname="tests.test_slice2_mandatory" name="test_the_management_pair_is_refused_when_incoherent[ASSISTED-CLAIMED]" time="0.001" /><testcase classname="tests.test_slice2_mandatory" name="test_the_management_pair_is_refused_when_incoherent[SELF_MANAGED-UNCLAIMED]" time="0.001" /><testcase classname="tests.test_slice2_mandatory" name="test_the_management_pair_is_refused_when_incoherent[SHARED_MANAGEMENT-UNCLAIMED]" time="0.001" /><testcase classname="tests.test_slice2_mandatory" name="test_the_database_refuses_it_too" time="0.002" /><testcase classname="tests.test_slice2_mandatory" name="test_an_assisted_request_is_created_unclaimed" time="0.002" /><testcase classname="tests.test_slice2_mandatory" name="test_a_data_update_does_not_touch_status_or_confirmation" time="0.008" /><testcase classname="tests.test_slice2_mandatory" name="test_a_state_transition_does_not_touch_the_data_or_confirmation" time="0.006" /><testcase classname="tests.test_slice2_mandatory" name="test_a_reconfirmation_does_not_change_what_the_buyer_wants" time="0.006" /><testcase classname="tests.test_slice2_mandatory" name="test_reconfirming_returns_a_needs_confirmation_request_to_active" time="0.017" /><testcase classname="tests.test_slice2_mandatory" name="test_the_documented_path_works_end_to_end" time="0.010" /><testcase classname="tests.test_slice2_mandatory" name="test_an_undefined_transition_is_refused_not_guessed[ACTIVE]" time="0.003" /><testcase classname="tests.test_slice2_mandatory" name="test_an_undefined_transition_is_refused_not_guessed[CLOSED]" time="0.003" /><testcase classname="tests.test_slice2_mandatory" name="test_an_undefined_transition_is_refused_not_guessed[PAUSED]" time="0.003" /><testcase classname="tests.test_slice2_mandatory" name="test_reactivation_is_the_explicit_command_itself" time="0.019" /><testcase classname="tests.test_slice2_mandatory" name="test_reactivation_does_not_refresh_the_confirmation" time="0.020" /><testcase classname="tests.test_slice2_mandatory" name="test_a_stale_paused_request_cannot_be_reactivated" time="0.015" /><testcase classname="tests.test_slice2_mandatory" name="test_a_never_confirmed_paused_request_cannot_be_reactivated" time="0.014" /><testcase classname="tests.test_slice2_mandatory" name="test_reconfirm_then_reactivate_is_the_two_step_path" time="0.020" /><testcase classname="tests.test_slice2_mandatory" name="test_the_freshness_check_on_reactivation_reads_the_active_policy" time="0.018" /><testcase classname="tests.test_slice2_mandatory" name="test_a_future_confirmation_is_refused" time="0.003" /><testcase classname="tests.test_slice2_mandatory" name="test_a_historical_confirmation_is_still_accepted" time="0.005" /><testcase classname="tests.test_slice2_mandatory" name="test_reconfirming_does_not_resurrect_a_paused_or_closed_request" time="0.016" /><testcase classname="tests.test_slice2_mandatory" name="test_an_active_request_may_be_paused_or_closed_directly[PAUSED]" time="0.015" /><testcase classname="tests.test_slice2_mandatory" name="test_an_active_request_may_be_paused_or_closed_directly[CLOSED]" time="0.014" /><testcase classname="tests.test_slice2_mandatory" name="test_closing_records_the_reason_and_the_moment" time="0.014" /><testcase classname="tests.test_slice2_mandatory" name="test_a_typed_update_records_who_said_what_and_when" time="0.006" /><testcase classname="tests.test_slice2_mandatory" name="test_each_changed_field_gets_its_own_claim" time="0.006" /><testcase classname="tests.test_slice2_mandatory" name="test_one_update_is_one_observation" time="0.007" /><testcase classname="tests.test_slice2_mandatory" name="test_a_state_change_is_also_recorded" time="0.006" /><testcase classname="tests.test_slice2_mandatory" name="test_the_adopted_closure_reasons_exist" time="0.001" /><testcase classname="tests.test_slice2_mandatory" name="test_closing_requires_a_reason" time="0.011" /><testcase classname="tests.test_slice2_mandatory" name="test_a_reason_from_another_category_is_refused[OTHER]" time="0.011" /><testcase classname="tests.test_slice2_mandatory" name="test_a_reason_from_another_category_is_refused[BUYER_REJECTED]" time="0.011" /><testcase classname="tests.test_slice2_mandatory" name="test_a_reason_from_another_category_is_refused[REQUEST_STALE]" time="0.016" /><testcase classname="tests.test_slice2_mandatory" name="test_the_other_closure_reason_requires_a_note" time="0.020" /><testcase classname="tests.test_slice2_mandatory" name="test_closing_is_not_a_substitute_for_staleness_or_pausing" time="0.002" /><testcase classname="tests.test_slice2_mandatory" name="test_a_self_service_change_is_attributed_to_the_party" time="0.007" /><testcase classname="tests.test_slice2_mandatory" name="test_a_staff_recorded_change_asserts_nothing_about_the_party" time="0.006" /><testcase classname="tests.test_slice2_mandatory" name="test_the_absence_of_a_source_is_recorded_as_such" time="0.006" /><testcase classname="tests.test_slice2_mandatory" name="test_a_recorded_source_is_carried_when_one_exists" time="0.008" /><testcase classname="tests.test_slice2_mandatory" name="test_the_previous_value_is_recorded" time="0.007" /><testcase classname="tests.test_slice2_mandatory" name="test_no_update_raises_the_verification_level" time="0.009" /><testcase classname="tests.test_slice2_mandatory" name="test_the_freshness_command_moves_stale_requests" time="0.470" /><testcase classname="tests.test_slice2_mandatory" name="test_running_it_twice_moves_nothing_the_second_time" time="0.899" /><testcase classname="tests.test_slice2_mandatory" name="test_a_reconfirmed_request_is_left_alone_by_the_pass" time="0.459" /><testcase classname="tests.test_slice2_mandatory" name="test_the_dry_run_changes_nothing" time="0.449" /><testcase classname="tests.test_slice2_mandatory" name="test_nothing_in_the_application_calls_the_pass_by_itself" time="0.002" /><testcase classname="tests.test_slice2_stop_gate_b" name="test_stop_gate_b_a_staff_operator_can_understand_the_request" time="0.220" /><testcase classname="tests.test_slice2_stop_gate_b" name="test_the_gate_scenario_would_fail_if_importance_were_not_carried" time="0.075" /><testcase classname="tests.test_slice3_offers" name="test_a_customer_creates_an_offer_on_their_own_property" time="0.534" /><testcase classname="tests.test_slice3_offers" name="test_a_new_offer_is_never_confirmed" time="0.104" /><testcase classname="tests.test_slice3_offers" name="test_a_customer_
[...]
s.test_slice3_properties" name="test_create_refuses_an_explicit_null_for_an_omissible_field[current_availability]" time="0.056" /><testcase classname="tests.test_slice3_properties" name="test_create_accepts_a_null_canonical_location" time="0.863" /><testcase classname="tests.test_slice3_properties" name="test_an_omitted_optional_field_is_absent_from_the_response" time="0.069" /><testcase classname="tests.test_slice3_properties" name="test_a_property_claim_is_attributed_to_no_party" time="0.069" /><testcase classname="tests.test_slice3_properties" name="test_a_patch_changes_the_physical_description" time="0.088" /><testcase classname="tests.test_slice3_properties" name="test_patch_cannot_change_availability" time="0.091" /><testcase classname="tests.test_slice3_properties" name="test_patch_cannot_change_a_create_only_field[supply_mode]" time="0.077" /><testcase classname="tests.test_slice3_properties" name="test_patch_cannot_change_a_create_only_field[management_mode]" time="0.078" /><testcase classname="tests.test_slice3_properties" name="test_patch_cannot_change_a_create_only_field[claim_status]" time="0.078" /><testcase classname="tests.test_slice3_properties" name="test_the_service_refuses_availability_even_without_the_model" time="0.008" /><testcase classname="tests.test_slice3_properties" name="test_an_empty_free_text_field_is_accepted" time="0.087" /><testcase classname="tests.test_slice3_properties" name="test_null_is_refused_for_the_non_nullable_field" time="0.076" /><testcase classname="tests.test_slice3_properties" name="test_a_patch_without_a_version_is_refused" time="0.074" /><testcase classname="tests.test_slice3_properties" name="test_a_stale_version_is_refused" time="0.078" /><testcase classname="tests.test_slice3_properties" name="test_s10_a_customer_reads_a_property_they_created" time="0.099" /><testcase classname="tests.test_slice3_properties" name="test_s14_a_customer_cannot_read_an_assisted_unclaimed_property" time="0.092" /><testcase classname="tests.test_slice3_properties" name="test_s12_a_relation_alone_grants_nothing" time="0.084" /><testcase classname="tests.test_slice3_properties" name="test_a_customer_cannot_patch_another_accounts_property" time="0.079" /><testcase classname="tests.test_slice3_properties" name="test_s13_authority_resolves_through_an_alias_to_the_canonical" time="0.091" /><testcase classname="tests.test_slice3_properties" name="test_a_customer_cannot_use_the_internal_property_read" time="0.070" /><testcase classname="tests.test_slice3_properties" name="test_the_internal_read_is_audited" time="0.072" /><testcase classname="tests.test_slice3_properties" name="test_the_customer_path_cannot_be_used_to_enumerate_properties" time="0.088" /><testcase classname="tests.test_slice3_properties" name="test_a_customer_on_the_staff_path_is_refused_identically" time="0.078" /><testcase classname="tests.test_slice3_properties" name="test_on_the_staff_path_an_unknown_property_is_403" time="0.056" /><testcase classname="tests.test_slice3_properties" name="test_creating_with_an_unknown_location_is_a_typed_4xx" time="0.062" /><testcase classname="tests.test_slice3_properties" name="test_the_refused_creation_consumes_no_idempotency_key" time="0.080" /><testcase classname="tests.test_slice3_properties" name="test_patching_to_an_unknown_location_changes_nothing" time="0.092" /><testcase classname="tests.test_slice3_properties" name="test_the_patch_command_declares_no_idempotency_key" time="0.006" /><testcase classname="tests.test_slice3_properties" name="test_a_known_location_still_works" time="0.072" /><testcase classname="tests.test_slice3_properties" name="test_creating_with_an_empty_free_text_field_keeps_it_empty" time="0.072" /><testcase classname="tests.test_slice3_properties" name="test_omitting_the_field_is_distinct_from_sending_it_empty" time="0.106" /><testcase classname="tests.test_slice3_properties" name="test_a_zero_area_is_refused_rather_than_silently_dropped" time="0.061" /><testcase classname="tests.test_slice3_properties" name="test_a_contested_property_is_a_typed_409_to_a_claimant_on_a_command" time="0.085" /><testcase classname="tests.test_slice3_properties" name="test_a_contested_property_is_concealed_from_an_unrelated_customer" time="0.078" /><testcase classname="tests.test_slice3_properties" name="test_the_command_path_audits_the_conflict" time="0.086" /><testcase classname="tests.test_slice3_properties" name="test_f2_a_patch_on_an_alias_is_refused_and_changes_nothing" time="0.101" /><testcase classname="tests.test_slice3_properties" name="test_f2_staff_are_refused_the_same_way" time="0.100" /><testcase classname="tests.test_slice3_properties" name="test_f2_an_unauthorized_caller_gets_404_not_the_alias_refusal" time="0.102" /><testcase classname="tests.test_slice3_properties" name="test_f2_the_canonical_is_still_writable" time="0.106" /><testcase classname="tests.test_slice3_sources" name="test_a_captured_source_can_be_linked_to_an_offer_end_to_end" time="0.135" /><testcase classname="tests.test_slice3_sources" name="test_capture_writes_a_discovery_record_and_nothing_else" time="0.093" /><testcase classname="tests.test_slice3_sources" name="test_the_url_is_stored_verbatim" time="0.091" /><testcase classname="tests.test_slice3_sources" name="test_the_response_is_the_declared_three_fields" time="0.103" /><testcase classname="tests.test_slice3_sources" name="test_a_malformed_source_is_refused_writes_nothing_and_keeps_the_key[override0-relative url]" time="0.097" /><testcase classname="tests.test_slice3_sources" name="test_a_malformed_source_is_refused_writes_nothing_and_keeps_the_key[override1-no offset]" time="0.104" /><testcase classname="tests.test_slice3_sources" name="test_a_malformed_source_is_refused_writes_nothing_and_keeps_the_key[override2-unknown kind]" time="0.108" /><testcase classname="tests.test_slice3_sources" name="test_a_malformed_source_is_refused_writes_nothing_and_keeps_the_key[override3-unknown key]" time="0.097" /><testcase classname="tests.test_slice3_sources" name="test_a_malformed_source_is_refused_writes_nothing_and_keeps_the_key[override4-null for a non-nullable field]" time="0.094" /><testcase classname="tests.test_slice3_sources" name="test_capture_is_audited_by_the_command_layer" time="0.087" /><testcase classname="tests.test_slice3_sources" name="test_a_replayed_capture_returns_the_first_lead" time="0.092" /><testcase classname="tests.test_slice3_sources" name="test_a_customer_cannot_capture" time="0.079" /><testcase classname="tests.test_slice3_sources" name="test_conversion_is_refused_with_a_typed_409_and_changes_nothing" time="0.108" /><testcase classname="tests.test_slice3_sources" name="test_converting_an_unknown_lead_is_404" time="0.087" /><testcase classname="tests.test_slice3_sources" name="test_a_customer_cannot_convert" time="0.096" /><testcase classname="tests.test_slice3_sources" name="test_the_queue_lists_open_leads_oldest_first_and_omits_closed_ones" time="0.123" /><testcase classname="tests.test_slice3_sources" name="test_the_queue_order_is_deterministic" time="0.098" /><testcase classname="tests.test_slice3_sources" name="test_the_queue_carries_no_floor_field" time="0.109" /><testcase classname="tests.test_slice3_sources" name="test_the_queue_is_audited_once_and_refused_to_customers" time="0.090" /><testcase classname="tests.test_slice3_step4" name="test_reconfirm_moves_between_any_two_availability_values[AVAILABLE-POTENTIALLY_AVAILABLE]" time="0.107" /><testcase classname="tests.test_slice3_step4" name="test_reconfirm_moves_between_any_two_availability_values[AVAILABLE-UNDER_DISCUSSION]" time="0.115" /><testcase classname="tests.test_slice3_step4" name="test_reconfirm_moves_between_any_two_availability_values[AVAILABLE-TEMPORARILY_UNAVAILABLE]" time="0.095" /><testcase classname="tests.test_slice3_step4" name="test_reconfirm_moves_between_any_two_availability_values[AVAILABLE-UNAVAILABLE]" time="0.097" /><testcase classname="tests.test_slice3_step4" name="test_reconfirm_moves_between_any_two_availability_values[AVAILABLE-NEEDS_CONFIRMATION]" time="0.090" /><testcase classname="tests.test_slice3_step4" name="test_reconfirm_moves_between_any_two_availability_values[AVAILABLE-UNKNOWN]" time="0.095" /><testcase classname="tests.test_slice3_step4" name="test_reconfirm_moves_between_any_two_availability_values[POTENTIALLY_AVAILABLE-AVAILABLE]" time="0.094" /><testcase classname="tests.test_slice3_step4" name="test_reconfirm_moves_between_any_two_availability_values[POTENTIALLY_AVAILABLE-UNDER_DISCUSSION]" time="0.093" /><testcase classname="tests.test_slice3_step4" name="test_reconfirm_moves_between_any_two_availability_values[POTENTIALLY_AVAILABLE-TEMPORARILY_UNAVAILABLE]" time="0.094" /><testcase classname="tests.test_slice3_step4" name="test_reconfirm_moves_between_any_two_availability_values[POTENTIALLY_AVAILABLE-UNAVAILABLE]" time="0.095" /><testcase classname="tests.test_slice3_step4" name="test_reconfirm_moves_between_any_two_availability_values[POTENTIALLY_AVAILABLE-NEEDS_CONFIRMATION]" time="0.112" /><testcase classname="tests.test_slice3_step4" name="test_reconfirm_moves_between_any_two_availability_values[POTENTIALLY_AVAILABLE-UNKNOWN]" time="0.102" /><testcase classname="tests.test_slice3_step4" name="test_reconfirm_moves_between_any_two_availability_values[UNDER_DISCUSSION-AVAILABLE]" time="0.101" /><testcase classname="tests.test_slice3_step4" name="test_reconfirm_moves_between_any_two_availability_values[UNDER_DISCUSSION-POTENTIALLY_AVAILABLE]" time="1.143" /><testcase classname="tests.test_slice3_step4" name="test_reconfirm_moves_between_any_two_availability_values[UNDER_DISCUSSION-TEMPORARILY_UNAVAILABLE]" time="0.109" /><testcase classname="tests.test_slice3_step4" name="test_reconfirm_moves_between_any_two_availability_values[UNDER_DISCUSSION-UNAVAILABLE]" time="0.108" /><testcase classname="tests.test_slice3_step4" name="test_reconfirm_moves_between_any_two_availability_values[UNDER_DISCUSSION-NEEDS_CONFIRMATION]" time="0.101" /><testcase classname="tests.test_slice3_step4" name="test_reconfirm_moves_between_any_two_availability_values[UNDER_DISCUSSION-UNKNOWN]" time="0.110" /><testcase classname="tests.test_slice3_step4" name="test_reconfirm_moves_between_any_two_availability_values[TEMPORARILY_UNAVAILABLE-AVAILABLE]" time="0.116" /><testcase classname="tests.test_slice3_step4" name="test_reconfirm_moves_between_any_two_availability_values[TEMPORARILY_UNAVAILABLE-POTENTIALLY_AVAILABLE]" time="0.115" /><testcase classname="tests.test_slice3_step4" name="test_reconfirm_moves_between_any_two_availability_values[TEMPORARILY_UNAVAILABLE-UNDER_DISCUSSION]" time="0.111" /><testcase classname="tests.test_slice3_step4" name="test_reconfirm_moves_between_any_two_availability_values[TEMPORARILY_UNAVAILABLE-UNAVAILABLE]" time="0.120" /><testcase classname="tests.test_slice3_step4" name="test_reconfirm_moves_between_any_two_availability_values[TEMPORARILY_UNAVAILABLE-NEEDS_CONFIRMATION]" time="0.113" /><testcase classname="tests.test_slice3_step4" name="test_reconfirm_moves_between_any_two_availability_values[TEMPORARILY_UNAVAILABLE-UNKNOWN]" time="0.116" /><testcase classname="tests.test_slice3_step4" name="test_reconfirm_moves_between_any_two_availability_values[UNAVAILABLE-AVAILABLE]" time="0.108" /><testcase classname="tests.test_slice3_step4" name="test_reconfirm_moves_between_any_two_availability_values[UNAVAILABLE-POTENTIALLY_AVAILABLE]" time="0.116" /><testcase classname="tests.test_slice3_step4" name="test_reconfirm_moves_between_any_two_availability_values[UNAVAILABLE-UNDER_DISCUSSION]" time="0.110" /><testcase classname="tests.test_slice3_step4" name="test_reconfirm_moves_between_any_two_availability_values[UNAVAILABLE-TEMPORARILY_UNAVAILABLE]" time="0.110" /><testcase classname="tests.test_slice3_step4" name="test_reconfirm_moves_between_any_two_availability_values[UNAVAILABLE-NEEDS_CONFIRMATION]" time="0.105" /><testcase classname="tests.test_slice3_step4" name="test_reconfirm_moves_between_any_two_availability_values[UNAVAILABLE-UNKNOWN]" time="0.121" /><testcase classname="tests.test_slice3_step4" name="test_reconfirm_moves_between_any_two_availability_values[NEEDS_CONFIRMATION-AVAILABLE]" time="0.109" /><testcase classname="tests.test_slice3_step4" name="test_reconfirm_moves_between_any_two_availability_values[NEEDS_CONFIRMATION-POTENTIALLY_AVAILABLE]" time="0.124" /><testcase classname="tests.test_slice3_step4" name="test_reconfirm_moves_between_any_two_availability_values[NEEDS_CONFIRMATION-UNDER_DISCUSSION]" time="0.111" /><testcase classname="tests.test_slice3_step4" name="test_reconfirm_moves_between_any_two_availability_values[NEEDS_CONFIRMATION-TEMPORARILY_UNAVAILABLE]" time="0.103" /><testcase classname="tests.test_slice3_step4" name="test_reconfirm_moves_between_any_two_availability_values[NEEDS_CONFIRMATION-UNAVAILABLE]" time="0.111" /><testcase classname="tests.test_slice3_step4" name="test_reconfirm_moves_between_any_two_availability_values[NEEDS_CONFIRMATION-UNKNOWN]" time="0.108" /><testcase classname="tests.test_slice3_step4" name="test_reconfirm_moves_between_any_two_availability_values[UNKNOWN-AVAILABLE]" time="0.116" /><testcase classname="tests.test_slice3_step4" name="test_reconfirm_moves_between_any_two_availability_values[UNKNOWN-POTENTIALLY_AVAILABLE]" time="0.105" /><testcase classname="tests.test_slice3_step4" name="test_reconfirm_moves_between_any_two_availability_values[UNKNOWN-UNDER_DISCUSSION]" time="0.105" /><testcase classname="tests.test_slice3_step4" name="test_reconfirm_moves_between_any_two_availability_values[UNKNOWN-TEMPORARILY_UNAVAILABLE]" time="0.104" /><testcase classname="tests.test_slice3_step4" name="test_reconfirm_moves_between_any_two_availability_values[UNKNOWN-UNAVAILABLE]" time="0.137" /><testcase classname="tests.test_slice3_step4" name="test_reconfirm_moves_between_any_two_availability_values[UNKNOWN-NEEDS_CONFIRMATION]" time="0.150" /><testcase classname="tests.test_slice3_step4" name="test_reconfirm_requires_an_explicit_availability[body0]" time="0.082" /><testcase classname="tests.test_slice3_step4" name="test_reconfirm_requires_an_explicit_availability[body1]" time="0.083" /><testcase classname="tests.test_slice3_step4" name="test_reconfirm_requires_an_explicit_availability[body2]" time="0.082" /><testcase classname="tests.test_slice3_step4" name="test_patch_cannot_change_availability_and_reconfirm_is_the_path" time="0.080" /><testcase classname="tests.test_slice3_step4" name="test_reconfirmation_stamps_time_actor_channel_and_provenance" time="0.096" /><testcase classname="tests.test_slice3_step4" name="test_staff_reconfirmation_is_recorded_as_staff" time="0.098" /><testcase classname="tests.test_slice3_step4" name="test_a_historical_confirmation_is_stored_as_stated" time="0.100" /><testcase classname="tests.test_slice3_step4" name="test_a_bad_confirmation_time_is_refused_and_writes_nothing[2026-01-01T00:00:00-no offset]" time="0.119" /><testcase classname="tests.test_slice3_step4" name="test_a_bad_confirmation_time_is_refused_and_writes_nothing[2026-09-26T10:06:37.138617+00:00-in the future]" time="0.114" /><testcase classname="tests.test_slice3_step4" name="test_a_customer_cannot_reconfirm_a_property_that_is_not_theirs" time="0.082" /><testcase classname="tests.test_slice3_step4" name="test_reconfirming_an_alias_is_refused" time="0.114" /><testcase classname="tests.test_slice3_step4" name="test_the_sweep_converts_each_of_the_four_named_values[AVAILABLE]" time="0.098" /><testcase classname="tests.test_slice3_step4" name="test_the_sweep_converts_each_of_the_four_named_values[POTENTIALLY_AVAILABLE]" time="0.100" /><testcase classname="tests.test_slice3_step4" name="test_the_sweep_converts_each_of_the_four_named_values[UNDER_DISCUSSION]" time="0.109" /><testcase classname="tests.test_slice3_step4" name="test_the_sweep_converts_each_of_the_four_named_values[TEMPORARILY_UNAVAILABLE]" time="0.128" /><testcase classname="tests.test_slice3_step4" name="test_the_sweep_leaves_unknown_untouched" time="0.102" /><testcase classname="tests.test_slice3_step4" name="test_the_sweep_leaves_needs_confirmation_untouched" time="0.099" /><testcase classname="tests.test_slice3_step4" name="test_the_sweep_leaves_unavailable_untouched" time="0.093" /><testcase classname="tests.test_slice3_step4" name="test_the_sweep_reads_the_threshold_from_the_active_policy" time="0.130" /><testcase classname="tests.test_slice3_step4" name="test_a_never_confirmed_availability_is_not_stale" time="0.087" /><testcase classname="tests.test_slice3_step4" name="test_the_sweep_is_audited_with_its_operation" time="0.097" /><testcase classname="tests.test_slice3_step4" name="test_the_sweep_does_not_overwrite_a_concurrent_reconfirmation[AVAILABLE]" time="0.176" /><testcase classname="tests.test_slice3_step4" name="test_the_sweep_does_not_overwrite_a_concurrent_reconfirmation[UNAVAILABLE]" time="0.166" /><testcase classname="tests.test_slice3_step4" name="test_reconfirming_an_offer_updates_both_confirmation_columns" time="0.118" /><testcase classname="tests.test_slice3_step4" name="test_a_stated_confirmation_time_is_written_to_both_columns" time="0.130" /><testcase classname="tests.test_slice3_step4" name="test_a_confirmation_without_a_timezone_is_refused_on_the_offer_endpoint" time="0.126" /><testcase classname="tests.test_slice3_step4" name="test_a_future_offer_confirmation_is_refused" time="0.118" /><testcase classname="tests.test_slice3_step4" name="test_reconfirming_changes_neither_terms_nor_state" time="0.132" /><testcase classname="tests.test_slice3_step4" name="test_offer_reconfirmation_records_provenance" time="0.133" /><testcase classname="tests.test_slice3_step4" name="test_a_customer_cannot_reconfirm_an_offer_that_is_not_theirs" time="0.079" /><testcase classname="tests.test_slice3_step4" name="test_offer_staleness_is_measured_on_commercial_terms_last_confirmed_at" time="0.115" /><testcase classname="tests.test_slice3_step4" name="test_a_stale_offer_is_reported_stale_on_its_commercial_terms_clock" time="0.147" /><testcase classname="tests.test_slice3_step4" name="test_a_new_offer_is_never_confirmed_not_stale" time="0.113" /><testcase classname="tests.test_slice3_step4" name="test_a_policy_without_an_offer_terms_threshold_is_refused_not_defaulted" time="0.003" /><testcase classname="tests.test_transaction_audit_context" name="test_write_without_an_actor_is_refused" time="0.000" /><testcase classname="tests.test_transaction_audit_context" name="test_actor_and_context_are_visible_to_the_audit_trigger" time="0.002" /><testcase classname="tests.test_transaction_audit_context" name="test_a_write_inside_the_wrapper_is_attributed" time="0.004" /><testcase classname="tests.test_version_consistency" name="test_the_adopted_package_is_version_consistent" time="0.306" /><testcase classname="tests.test_version_consistency" name="test_a_consistent_package_passes" time="0.272" /><testcase classname="tests.test_version_consistency" name="test_drift_in_any_single_place_is_caught[schema_metadata-schema_metadata.schema_version]" time="0.258" /><testcase classname="tests.test_version_consistency" name="test_drift_in_any_single_place_is_caught[schema_header-schema header]" time="0.305" /><testcase classname="tests.test_version_consistency" name="test_drift_in_any_single_place_is_caught[seed_header-seed header]" time="1.404" /><testcase classname="tests.test_version_consistency" name="test_drift_in_any_single_place_is_caught[openapi_info-openapi info.version]" time="0.269" /><testcase classname="tests.test_version_consistency" name="test_drift_in_any_single_place_is_caught[manifest_baseline-HANDOFF_MANIFEST.technical_baseline]" time="0.263" /><testcase classname="tests.test_version_consistency" name="test_drift_in_any_single_place_is_caught[schema_filename-filename]" time="0.268" /><testcase classname="tests.test_version_consistency" name="test_a_missing_artifact_is_an_error" time="0.267" /></testsuite></testsuites>